time;An;E;Gs_max;Gs_mean;Gs_min;Irrigation;Psi_leaf_max;Psi_leaf_mean;Psi_leaf_min;Psi_soil;Psi_stem;Pthresh;Rg;Tleaf_max;Tleaf_mean;Tleaf_min;Tthresh
1990-07-30 23:00:00;-2.16136577473;2.62993135801e-18;9.27549785542e-14;1.15575955989e-15;-9.8417466417e-14;0.0;-0.505021585884;-0.50938533141;-0.515025633493;-0.5;-0.500489051995;0;0.0410051406546;14.6949609925;14.3895011198;13.6777934132;0
1990-07-31 00:00:00;-1.99833931403;1.93588791245e-18;9.92017806439e-14;-1.68958575344e-15;-1.25658068529e-13;0.0;-0.505021585884;-0.50938533141;-0.515025633493;-0.5;-0.500489051995;0;0.0410051406546;13.5571909308;13.2434707153;12.5806804585;0
1990-07-31 08:00:00;24.1664407933;2.4283547254e-05;0.243601283122;0.0931581997448;0.00128259379691;0.0;-0.513183293668;-0.54226796422;-0.639227905053;-0.50091673748;-0.504823227674;0;75.1586144271;17.3207300061;15.4600014487;14.9042502661;0
1990-07-31 10:00:00;37.013804848;0.000109290036355;0.365064992436;0.141873248535;0.00275008565279;0.0;-0.543056752899;-0.658562007619;-1.06877054813;-0.505069867905;-0.521294138905;0;217.941518444;27.6550357479;20.356707519;19.309671496;0
1990-07-31 12:00:00;44.8187294652;0.000206915578359;0.351682849438;0.1708727453;2.7507750511e-15;0.0;-0.581918674047;-0.790587297724;-1.41257947856;-0.513056845558;-0.544365464154;0;420.033011346;132.02867215;25.3051172857;23.6157214181;1
1990-07-31 14:00:00;48.2872818719;0.000286655662107;0.362912201552;0.177061114107;0.00530158738652;0.0;-0.619643855311;-0.895518820572;-1.64070375394;-0.52439660777;-0.569279695971;0;301.373579127;32.4760873118;27.3834841334;26.4549805338;0
1990-07-31 16:00:00;43.3263519921;0.000265484276215;0.354425619282;0.157829979987;0.00338914293119;0.0;-0.6248743238;-0.882891729599;-1.62142005745;-0.535192590499;-0.577682525964;0;219.63373471;30.8114719797;27.686770752;27.0438465041;0
1990-07-31 18:00:00;27.9062508337;0.000155891596756;0.319416216263;0.102120265875;0.000714012652516;0.0;-0.660607144532;-0.823349376766;-1.33965261747;-0.554927473882;-0.63047807213;0;96.8990127295;26.1127322643;25.6333619405;25.0878450308;0
1990-08-01 00:00:00;-2.00291257567;2.13548805566e-18;1.23574341903e-13;6.37543450342e-16;-1.01905151863e-13;0.0;-0.559949059766;-0.564312805292;-0.569953107375;-0.554927473882;-0.555416525877;0;0.0410051406546;13.6166929034;13.284163814;12.5859124868;0
1990-08-01 08:00:00;25.0162250887;2.48739448741e-05;0.242468698553;0.095220169977;0.00137986449287;0.0;-0.568990382651;-0.599152002975;-0.699929484946;-0.55600353259;-0.560458290254;0;79.7096057209;17.5380376547;15.5620025513;14.9843921549;0
1990-08-01 10:00:00;36.9634828088;0.000104601759062;0.356546712179;0.138731115889;0.0027238452688;0.0;-0.599452031382;-0.711662532285;-1.1041302968;-0.560558609311;-0.578104443245;0;219.647193721;27.6371219926;20.2558003535;19.2026982674;0
1990-08-01 12:00:00;44.6643096069;0.000204568626459;0.345113622856;0.165527629313;4.80935582617e-20;0.0;-0.64258057882;-0.85131336154;-1.49516246673;-0.569608798145;-0.604664147812;0;402.89487199;174.494748729;25.7123547058;24.1366205941;1
1990-08-01 14:00:00;47.5151123107;0.000290771684329;0.345514750243;0.167466594672;0.00444176770131;0.0;-0.686494251261;-0.968926770579;-1.72118530329;-0.582804028981;-0.634541930641;0;296.175815196;33.4508042017;28.352949799;27.3998996086;0
1990-08-01 16:00:00;42.4906512308;0.000283169406843;0.337488680625;0.147454896696;0.00264343536462;0.0;-0.698715672716;-0.97462898945;-1.71601401399;-0.596040781135;-0.647767157007;0;220.21203003;32.1592820843;29.0245618593;28.3013926005;0
1990-08-01 18:00:00;27.0377908736;0.000166103887891;0.309506474485;0.0944918766305;0.000452068694254;0.0;-0.735535009143;-0.910428811418;-1.44768091798;-0.620304073518;-0.703148551932;0;95.6433054013;27.1924304948;26.7233173529;26.0419889145;0
1990-08-02 00:00:00;-2.00052068946;2.51803671042e-18;1.17663607922e-13;6.84876628059e-16;-1.38872256476e-13;0.0;-0.625325659402;-0.629689404928;-0.63532970701;-0.620304073518;-0.620793125512;0;0.0478412318645;13.6340924787;13.2991686728;12.5960576065;0
1990-08-02 08:00:00;25.5506386422;3.11854403485e-05;0.240023778936;0.0949353156126;0.00139481916306;0.0;-0.637725366474;-0.675024184332;-0.803091957063;-0.621865103921;-0.62805241948;0;82.7586087495;17.8758386105;15.7881728001;15.205729962;0
1990-08-02 10:00:00;37.5451699103;0.00011667160214;0.351044194481;0.135671548491;0.00262243230753;0.0;-0.673882392599;-0.799620769854;-1.22348439605;-0.627751004097;-0.65011425337;0;226.616113464;28.6084813941;21.1347984246;20.0432418061;0
1990-08-02 12:00:00;44.9769629295;0.000195145250579;0.339124631286;0.158930887927;1.09217870387e-26;0.0;-0.713067850547;-0.913681249305;-1.49578454108;-0.637759557984;-0.676050580285;0;397.440041674;251.114773131;25.3026385836;23.944266578;0
1990-08-02 14:00:00;47.0023371192;0.000280620428863;0.323787463678;0.157806473818;0.00411727142767;0.0;-0.756308915656;-1.03195395177;-1.74454630649;-0.652520738234;-0.704983480176;0;299.754988627;33.4452578034;28.2358855976;27.2775567626;0
1990-08-02 16:00:00;42.5287037735;0.000267064451353;0.320096609476;0.142086887932;0.00263625357865;0.0;-0.753894140004;-1.01740948539;-1.7220913086;-0.666986315355;-0.704766209709;0;224.113064583;31.6926247282;28.4090048508;27.7129999685;0
1990-08-02 18:00:00;27.7805718754;0.000167129433287;0.306714219364;0.0964683499849;0.000564940992053;0.0;-0.735731157867;-0.911128830599;-1.44421126537;-0.695296227459;-0.703164978801;0;98.7093018708;26.8588997231;26.3386034029;25.6886070335;0
1990-08-03 00:00:00;-1.99686427222;1.81834964767e-18;9.69011723415e-14;-5.56879128575e-16;-9.168220547e-14;0.0;-0.700317813343;-0.704681558869;-0.710321860951;-0.695296227459;-0.695785279453;0;0.0410051406546;13.574878836;13.240630637;12.5420668997;0
1990-08-03 08:00:00;22.4304013295;1.61885754752e-05;0.214331320516;0.0807794259564;0.00103045302205;0.0;-0.707370956284;-0.729386719075;-0.798004023142;-0.696236229619;-0.700112206355;0;68.2916795556;16.251819211;14.4668715029;13.9025505326;0
1990-08-03 10:00:00;36.5697711337;9.25773044161e-05;0.329637828213;0.12937649666;0.0027479721682;0.0;-0.722003529266;-0.824754718269;-1.17397159731;-0.701643844357;-0.701971017318;0;226.944203694;27.2526338281;19.4321592378;18.2930477857;0
1990-08-03 12:00:00;47.0698898009;0.000194435776992;0.331582051444;0.163919101167;0.00561849282253;0.0;-0.740776178372;-0.941219892303;-1.52923272204;-0.713181236946;-0.703602414966;0;299.645595634;30.1770917131;24.3826985079;23.3083314266;0
1990-08-03 14:00:00;47.0569168776;0.00025831408518;0.327450656403;0.159416708949;0.00442517433156;0.0;-0.752301759647;-1.00895779504;-1.69875629087;-0.728895771103;-0.704625968122;0;294.830888385;32.5452878314;27.4337867194;26.5209854964;0
1990-08-03 16:00:00;42.4246783764;0.000239382873525;0.321475191153;0.143514106313;0.00289441536486;0.0;-0.748922215955;-0.988838332594;-1.66439075479;-0.743865218244;-0.704322588715;0;217.176725237;30.5235286366;27.4330936401;26.8378194317;0
1990-08-03 18:00:00;27.6783083764;0.000135429764821;0.302126430275;0.0976795467296;0.000675192627774;0.0;-0.72996736492;-0.874872480539;-1.33750892653;-0.770205108405;-0.702657245765;0;95.72875934;25.6276440326;25.0834907196;24.6592400941;0
1990-08-04 00:00:00;-1.99071374459;1.32799696941e-18;1.05284187317e-13;-8.779305222e-16;-1.09512498597e-13;0.0;-0.705021585884;-0.70938533141;-0.715025633493;-0.770205108405;-0.700489051995;0;0.0410051406546;13.4814825453;13.1809605899;12.5446978641;0
1990-08-04 08:00:00;23.8553808968;2.40724328637e-05;0.220775012948;0.0857772306115;0.00117492709784;0.0;-0.709471222894;-0.739895320303;-0.840959909294;-0.771803740311;-0.700874328761;0;75.0730382686;16.8949700698;15.0296145887;14.4822187887;0
1990-08-04 10:00:00;36.3933681353;9.52787508123e-05;0.330783611813;0.128648323243;0.00257667848777;0.0;-0.722509109611;-0.82799801183;-1.18680726114;-0.778173873434;-0.702014272888;0;219.768032413;27.4053452514;19.7444802407;18.6187116948;0
1990-08-04 12:00:00;47.2007771719;0.000198375189552;0.332419690505;0.164006788144;0.00567808822242;0.0;-0.741494829521;-0.945934239292;-1.54506069993;-0.791659049797;-0.703665527959;0;302.868996112;30.468700266;24.4290355377;23.3098652411;0
1990-08-04 14:00:00;47.1562275423;0.000268347436378;0.325266058352;0.15888057253;0.00440391731458;0.0;-0.754105110888;-1.01938282612;-1.7230657451;-0.810391359971;-0.704786769725;0;300.514730016;32.7478891278;27.5443309838;26.6111208874;0
1990-08-04 16:00:00;42.2583255356;0.000254660622897;0.319526440305;0.141664177594;0.00271294078473;0.0;-0.751670558967;-1.00511776606;-1.70413590153;-0.828707927723;-0.704567419491;0;217.830416062;30.9250140178;27.7924969055;27.1417292093;0
1990-08-04 18:00:00;27.9683901134;0.000146961827126;0.301319970662;0.0977448958737;0.000687065964894;0.0;-0.732071525723;-0.887796308962;-1.37100402195;-0.861719557535;-0.702841944962;0;97.7134488621;25.8279483601;25.2561110765;24.7715801206;0
1990-08-05 00:00:00;-1.94767312248;1.45317364561e-18;9.81926422113e-14;-7.9949601579e-16;-9.39877724463e-14;0.0;-0.705021585884;-0.70938533141;-0.715025633493;-0.861719557535;-0.700489051995;0;0.0410051406546;13.1742092932;12.8665754879;12.2363577269;0
1990-08-05 08:00:00;25.8668431735;2.69436447147e-05;0.228277975508;0.0932408998682;0.00143301696383;0.0;-0.710004121401;-0.743508982347;-0.856352819155;-0.863792320636;-0.700920285563;0;85.8496692972;17.5796222612;15.4763350256;14.8905587953;0
1990-08-05 10:00:00;36.5798297077;0.000104428881021;0.331225846406;0.129000466298;0.00245669704704;0.0;-0.724214676143;-0.838776235466;-1.22505255812;-0.871887888212;-0.702160789517;0;218.16169262;27.5741131309;20.4961438365;19.4635199191;0
1990-08-05 12:00:00;46.8182742993;0.000196728110051;0.329777450466;0.162565766214;0.00552328801726;0.0;-0.741193860641;-0.943599647327;-1.53609852533;-0.887410286252;-0.703639140075;0;295.778797142;30.0089349888;24.3149108151;23.2704920267;0
1990-08-05 14:00:00;46.884188149;0.000263144965333;0.325296814531;0.157880983042;0.00439524614367;0.0;-0.753175508688;-1.01374384425;-1.70385119657;-0.90874328071;-0.704703390143;0;294.529715122;32.3986225126;27.2028533309;26.267460186;0
1990-08-05 16:00:00;41.8390643271;0.000243029130493;0.318079032504;0.140572843983;0.00274728643068;0.0;-0.749574207202;-0.992053074317;-1.66446599555;-0.929045246737;-0.704381019294;0;211.311619258;30.2740023976;27.2583481353;26.6438124846;0
1990-08-05 18:00:00;26.3623172954;0.000137980255473;0.297083161462;0.0925938456307;0.000539824926347;0.0;-0.730422033092;-0.877518988839;-1.33860001684;-0.96501192211;-0.70269809408;0;89.5111008314;25.2626567204;24.8578039284;24.3614260061;0
1990-08-06 00:00:00;-2.02867097793;2.26327382773e-18;1.32689931751e-13;-3.65465853901e-16;-8.69318397568e-14;0.0;-0.705021585884;-0.70938533141;-0.715025633493;-0.96501192211;-0.700489051995;0;0.0410051406546;13.7484526408;13.4544880853;12.815074056;0
1990-08-06 08:00:00;24.9116051223;3.12789600934e-05;0.230495840281;0.0896060051356;0.00122729884497;0.0;-0.710807529613;-0.748912584411;-0.879157205495;-0.967803192591;-0.700989678258;0;79.7208804321;17.8096018292;15.9510372487;15.4333769663;0
1990-08-06 10:00:00;36.792755886;0.000111163402869;0.332524607796;0.129433376648;0.00243181964872;0.0;-0.725460559727;-0.846696116672;-1.25289934904;-0.977809082333;-0.702268630815;0;219.440566413;27.8238614052;20.8409762033;19.8016421944;0
1990-08-06 12:00:00;46.2235459531;0.000210524714903;0.328721886136;0.158950150141;0.00492951782279;0.0;-0.743693348511;-0.958834359143;-1.58610716902;-0.997132471235;-0.703860182969;0;278.319980279;30.3880838125;25.023650135;24.048757213;0
1990-08-06 14:00:00;46.0917671531;0.000271998251351;0.323663200573;0.154523805299;0.0038668215039;0.0;-0.754760453401;-1.02291140424;-1.72727785137;-1.02284493785;-0.704845282444;0;279.476628613;32.6038837334;27.7952573373;26.8816603905;0
1990-08-06 16:00:00;42.0083674939;0.000247961594398;0.319762352901;0.141202400878;0.00270465215994;0.0;-0.750461001876;-0.997534194358;-1.67875016966;-1.0470462063;-0.704460060921;0;213.847302386;30.6814146904;27.6585002009;27.0349608838;0
1990-08-06 18:00:00;26.1771364982;0.000135901063522;0.300815415891;0.0925552600139;0.000496442390043;0.0;-0.730040578567;-0.87549623881;-1.33763892023;-1.08849274761;-0.702664793909;0;88.9328214845;25.5510424565;25.1872131368;24.6921446401;0
1990-08-07 00:00:00;-2.05305897713;1.90697893883e-18;1.01152206882e-13;2.089820293e-15;-1.20666079931e-13;0.0;-0.705021585884;-0.70938533141;-0.715025633493;-1.08849274761;-0.700489051995;0;0.030547534685;13.9004847081;13.5901118286;12.9131405363;0
1990-08-07 08:00:00;25.2663569459;2.95604269936e-05;0.230578769811;0.0910028488074;0.0012878535109;0.0;-0.71048889089;-0.746772188661;-0.870111393448;-1.09158066667;-0.700962170573;0;81.7354869554;17.8028620885;15.8897382494;15.3556835279;0
1990-08-07 10:00:00;36.3641276346;0.000105647190946;0.331379776031;0.128378681375;0.00234888229845;0.0;-0.724440452403;-0.840258231954;-1.23171955519;-1.10271084926;-0.702180298275;0;212.669074255;27.6028027086;20.6461874615;19.6004004942;0
1990-08-07 12:00:00;47.1686293609;0.000216676446474;0.329537032826;0.162299058096;0.00542167021855;0.0;-0.744803114866;-0.96533501199;-1.60134140497;-1.12600703144;-0.703958748535;0;300.87064382;30.7653346686;25.1174795099;24.1052052287;0
1990-08-07 14:00:00;46.6740145828;0.000269921617967;0.324112786837;0.156666433012;0.00418751978254;0.0;-0.754389420338;-1.02110121798;-1.7291974257;-1.15593726945;-0.704811999469;0;290.950421726;32.5742251402;27.4884747262;26.5523974783;0
1990-08-07 16:00:00;42.0849436163;0.000249118648607;0.318933613052;0.141236281523;0.00273114266312;0.0;-0.75066796414;-0.998501018813;-1.67962555097;-1.18449122979;-0.70447860525;0;215.106607151;30.6452623677;27.5685640478;26.9369677803;0
1990-08-07 18:00:00;26.5373989272;0.000136464234471;0.2983326534;0.0934089351148;0.000557984322628;0.0;-0.730149250192;-0.875848770913;-1.33379960169;-1.23345361656;-0.70267381347;0;90.3083731697;25.3351697665;24.9134795565;24.4321150199;0
