time;An;E;Gs_max;Gs_mean;Gs_min;Irrigation;Psi_leaf_max;Psi_leaf_mean;Psi_leaf_min;Psi_soil;Psi_stem;Pthresh;Rg;Tleaf_max;Tleaf_mean;Tleaf_min;Tthresh
1990-07-31 20:00:00;-1.48014115351;3.52407501313e-18;2.63163643848e-13;2.94733127076e-15;-1.73588020691e-13;0.0;-0.505017673468;-0.509215258523;-0.513979062224;-0.5;-0.500489051995;0;0.0407209822936;13.624566362;13.2658636158;12.5013508801;0
1990-08-01 08:00:00;22.3601043566;2.31347001067e-05;0.232409666677;0.0887984765737;-1.35851214402e-14;0.0;-0.508764915682;-0.530607277625;-0.618678443849;-0.500873317467;-0.500834218706;0;79.4362828369;17.3035288633;15.5390126741;14.9368207274;0
1990-08-01 10:00:00;31.7037881242;9.64034344818e-05;0.337067787256;0.128775569466;0.000398947644491;0.0;-0.521622958002;-0.601387445351;-0.915006350272;-0.504533996258;-0.502801438872;0;206.205977082;27.7468435733;20.1554370415;19.1489786479;0
1990-08-01 12:00:00;37.8037123101;0.000206031824067;0.351543740218;0.162392461745;2.74332805398e-15;0.0;-0.543193319646;-0.709977801388;-1.31749673027;-0.512475466801;-0.508103612178;0;423.154848857;132.127469586;25.7164456716;24.085625304;1
1990-08-01 14:00:00;41.1449192276;0.000300982980117;0.358731583975;0.174255108821;7.28228872498e-05;0.0;-0.566908486054;-0.808724051927;-1.67187665332;-0.524372857914;-0.517478918004;0;295.198963952;31.8498872625;28.2680583059;27.2785195357;0
1990-08-01 16:00:00;37.9596149057;0.000298631230909;0.353231078241;0.159214509234;-9.28049245166e-13;0.0;-0.57869538201;-0.819586940078;-1.67699197581;-0.536536367102;-0.529360295789;0;219.485914884;30.8552206927;28.9298024547;28.1925908431;0
1990-08-01 18:00:00;26.2107061645;0.000180676755838;0.330565274801;0.108123611546;4.05430610705e-14;0.0;-0.571349138846;-0.718761363299;-1.34325660073;-0.544074834454;-0.539758071897;0;95.3278050279;27.1722816799;26.6317932943;25.8999247335;0
1990-08-01 20:00:00;-1.47716905172;4.24299531296e-18;2.8469576859e-13;2.85679541539e-15;-2.72507514434e-13;0.0;-0.549092507922;-0.553290092977;-0.558053896678;-0.544074834454;-0.544563886449;0;0.0476344100223;13.6420774478;13.2807246656;12.5109604367;0
1990-08-02 08:00:00;22.8244634724;2.9417602505e-05;0.23428732614;0.0903555643739;-1.75161914711e-13;0.0;-0.553936157509;-0.580942072125;-0.691913674828;-0.545315312133;-0.545009834673;0;82.4625992439;17.612726377;15.7630944741;15.1525807266;0
1990-08-02 10:00:00;32.4683172333;0.000110914343873;0.341559262669;0.13147875987;0.000335879631749;0.0;-0.568733052109;-0.661291055608;-1.02281321301;-0.550025698104;-0.547486858601;0;212.76551564;28.7193926615;21.015576472;19.989727289;0
1990-08-02 12:00:00;37.3785013582;0.000192352226979;0.332291363592;0.159344871758;7.57526038173e-14;0.0;-0.587033832437;-0.743016171517;-1.26247863873;-0.558321441207;-0.553438163735;0;421.487709095;120.770347091;25.5030605507;23.871774769;1
1990-08-02 14:00:00;41.0868350134;0.000299495703204;0.349971792187;0.171203362365;8.75953804135e-05;0.0;-0.613313886111;-0.856873636393;-1.70778361839;-0.571566469664;-0.563377110571;0;298.76662956;31.7759321169;28.1149382062;27.1125357981;0
1990-08-02 16:00:00;38.0483554383;0.000286409299839;0.343476581313;0.156823796928;-1.90399447298e-13;0.0;-0.624648438687;-0.858470492909;-1.67253610553;-0.584619389989;-0.57644304065;0;223.374063167;30.3978069403;28.2988147012;27.5714076144;0
1990-08-02 18:00:00;26.6898233702;0.000179459521089;0.322483582171;0.108460480562;-1.55609823662e-13;0.0;-0.619744377041;-0.768142528651;-1.38178842942;-0.592997121245;-0.587869506999;0;98.3837561077;26.7731169078;26.2562978866;25.5746982969;0
1990-08-02 20:00:00;-1.47564521172;3.27463191056e-18;1.96018321061e-13;-1.83815595163e-15;-2.59642515236e-13;0.0;-0.598014794713;-0.602212379768;-0.606976183468;-0.592997121245;-0.59348617324;0;0.0407209822936;13.5827843753;13.2222864763;12.4575385648;0
1990-08-03 08:00:00;20.3761219317;1.56205637354e-05;0.215562652642;0.0793538863871;-3.72442197462e-13;0.0;-0.600629756866;-0.617114219016;-0.68052308596;-0.593733740505;-0.593727105717;0;68.0665689383;16.0243599868;14.4387833606;13.85585737;0
1990-08-03 10:00:00;31.4418035957;8.81321907538e-05;0.32565041202;0.125731974417;0.000418736619948;0.0;-0.613611508919;-0.688973138789;-0.979290063989;-0.597912275667;-0.595582768158;0;213.016959807;27.2705270827;19.3086308645;18.221729572;0
1990-08-03 12:00:00;40.0224695245;0.000196690207766;0.339532225901;0.16536882315;0.000382050193119;0.0;-0.636066650676;-0.79891550114;-1.44592471522;-0.607377318511;-0.601441826585;0;298.657294389;29.1915147192;24.3268092819;23.2244445826;0
1990-08-03 14:00:00;40.7593188588;0.000269062705514;0.34242434506;0.167488158223;0.00011437235306;0.0;-0.658022533638;-0.879998142881;-1.6698165217;-0.620644735832;-0.61204026806;0;293.858692657;31.1241231852;27.3459524171;26.3888232462;0
1990-08-03 16:00:00;37.5694021847;0.000249588240949;0.334731246955;0.152882001746;-1.65934046282e-13;0.0;-0.668226775603;-0.875053472155;-1.61482099356;-0.63329250533;-0.625023353682;0;216.460595346;29.4394294981;27.3606791851;26.7314630858;0
1990-08-03 18:00:00;26.2964244105;0.000140947453871;0.310843218845;0.105619217349;-7.00860711784e-13;0.0;-0.662335152541;-0.781163601709;-1.28497195228;-0.640584012032;-0.635987099144;0;95.4130505899;25.3779478993;25.0325299364;24.5894986482;0
1990-08-03 20:00:00;-1.47131651466;2.19171741713e-18;1.89388671883e-13;-4.78342957661e-15;-2.3607772952e-13;0.0;-0.6456016855;-0.649799270555;-0.654563074255;-0.640584012032;-0.641073064027;0;0.0407209822936;13.4885734076;13.1642441146;12.4665918369;0
1990-08-04 08:00:00;21.4828067246;2.30579385103e-05;0.220152908636;0.0834510705234;-9.5262446422e-14;0.0;-0.649528496337;-0.672187208055;-0.76323255892;-0.641787274277;-0.641434670704;0;74.8234499584;16.660630232;15.0033024661;14.433898156;0
1990-08-04 10:00:00;31.3370989538;9.01325093316e-05;0.322826545769;0.123850345029;0.000364112099688;0.0;-0.662263562789;-0.740300976328;-1.03807716997;-0.64651922047;-0.643690677198;0;206.238461655;27.4994023659;19.6209889992;18.5472300199;0
1990-08-04 12:00:00;40.0320234188;0.000198487509436;0.332996231886;0.162765861998;0.00037978242996;0.0;-0.685541379839;-0.852088493749;-1.50085954002;-0.657101724876;-0.65012893349;0;301.870179373;29.4538869649;24.3816713811;23.2258831585;0
1990-08-04 14:00:00;40.7297178666;0.000276067670148;0.331331781031;0.163718625914;0.000111800992205;0.0;-0.709749884524;-0.940291397235;-1.73302911892;-0.672200160162;-0.661947942691;0;299.523725981;31.300281146;27.4705694455;26.4874020974;0
1990-08-04 16:00:00;37.4264879043;0.000262805889352;0.324380698159;0.148645266616;2.48506825425e-13;0.0;-0.722844289947;-0.943279851491;-1.69922271492;-0.686997395649;-0.676858458355;0;217.112034752;29.8375449282;27.7274313573;27.0445082159;0
1990-08-04 18:00:00;26.5024233511;0.000151736308052;0.303847205979;0.104393296082;-2.56291941791e-13;0.0;-0.7183669994;-0.847969792516;-1.38151963799;-0.695735135188;-0.6899051057;0;97.3912220197;25.5882465375;25.2081145111;24.7138134021;0
1990-08-04 20:00:00;-1.43955263695;2.34628481953e-18;2.029071485e-13;1.56520192015e-15;-1.74830830205e-13;0.0;-0.700752808656;-0.704950393711;-0.709714197412;-0.695735135188;-0.696224187183;0;0.0407209822936;13.181410409;12.8500025235;12.159272741;0
1990-08-05 08:00:00;22.9629301739;2.54270634193e-05;0.224121126958;0.0887549092193;-2.04012522853e-13;0.0;-0.705166318487;-0.730136437804;-0.831765355021;-0.697213541636;-0.69663055787;0;85.5206002845;17.3152239835;15.4521221601;14.8452647947;0
1990-08-05 10:00:00;31.5764189718;9.82967983831e-05;0.316741451244;0.123122831696;0.000244131833413;0.0;-0.719419114374;-0.805514379826;-1.13076211286;-0.702967597248;-0.69927465422;0;204.70242073;27.7557223854;20.3848062012;19.4135845955;0
1990-08-05 12:00:00;39.5973361993;0.000193620951369;0.321494261621;0.157674844125;0.000332364771917;0.0;-0.741801483715;-0.90676961031;-1.53681657065;-0.714484542248;-0.706560076675;0;294.803354264;29.0907501702;24.2846273973;23.19221924;0
1990-08-05 14:00:00;40.2859761116;0.000264827695915;0.320495781844;0.157900785171;8.58847385715e-05;0.0;-0.766068644396;-0.990571531608;-1.75440873065;-0.730639809499;-0.719235726723;0;293.558411258;31.0347459856;27.1529530945;26.1698495372;0
1990-08-05 16:00:00;36.8642561234;0.000244969167746;0.311606971242;0.142915052487;-4.44286427604e-13;0.0;-0.779009440379;-0.987877093502;-1.70824868969;-0.746011480096;-0.735092660958;0;210.614781448;29.2901652969;27.2190287271;26.5763942742;0
1990-08-05 18:00:00;25.1330259113;0.000140134023629;0.291799549565;0.0967673860699;-6.2329411258e-14;0.0;-0.775834157651;-0.897790362519;-1.39875052628;-0.754995262093;-0.748779058568;0;89.2158769004;25.1903713274;24.8214558444;24.3255490103;0
1990-08-05 20:00:00;-1.49968079502;3.73591348259e-18;2.06486321513e-13;1.13456782451e-15;-1.81921626512e-13;0.0;-0.760012935562;-0.764210520616;-0.768974324317;-0.754995262093;-0.755484314088;0;0.0407209822936;13.7554418233;13.4380584409;12.7363225627;0
1990-08-06 08:00:00;22.3635875253;2.94090560082e-05;0.222939346247;0.0849979402844;-6.4646855861e-14;0.0;-0.765220394175;-0.793896897683;-0.911332035442;-0.756898567159;-0.755963783965;0;79.4437934316;17.5723186507;15.9283751556;15.3824374243;0
1990-08-06 10:00:00;31.7139869503;0.000103494409431;0.309558447921;0.121245215945;0.000204789157789;0.0;-0.780380778279;-0.87233537161;-1.21493239085;-0.763646654685;-0.759076345898;0;205.889228809;28.0583632447;20.7371562134;19.7611867348;0
1990-08-06 12:00:00;39.1774206217;0.00020428450864;0.310436928019;0.15157987607;0.000170033920594;0.0;-0.805096633649;-0.981591972927;-1.62771281734;-0.777199134037;-0.767477427558;0;277.402271421;29.4072239952;25.0063567689;23.9878742435;0
1990-08-06 14:00:00;39.609150193;0.000268033967672;0.314616083772;0.150406341973;4.7849524391e-13;0.0;-0.830341543047;-1.06085079287;-1.81734936055;-0.795461964224;-0.782093209391;0;278.554929169;31.2735471599;27.7683162701;26.8281511404;0
1990-08-06 16:00:00;36.8101479776;0.000243528574094;0.3059078944;0.138558044784;-5.83687168586e-15;0.0;-0.844494223949;-1.05548347765;-1.76476966503;-0.812544675556;-0.799977179649;0;213.142075555;29.7649837611;27.6444399613;26.995998225;0
1990-08-06 18:00:00;24.9309671403;0.000134654613997;0.285327772622;0.0937397835648;-6.49355467545e-14;0.0;-0.841915602526;-0.961366974604;-1.44591198072;-0.822196534039;-0.815271744956;0;88.6395912492;25.5196885522;25.1642493162;24.6813160533;0
1990-08-06 20:00:00;-1.51922146652;2.639667292e-18;1.87086732549e-13;-2.50453682553e-15;-1.76099317831e-13;0.0;-0.827214207507;-0.831411792562;-0.836175596262;-0.822196534039;-0.822685586034;0;0.0303040803986;13.9078288826;13.5726781419;12.830360139;0
1990-08-07 08:00:00;22.5442257337;2.72694339767e-05;0.217441359685;0.0840396802668;-1.54230186523e-13;0.0;-0.832150185802;-0.85954143773;-0.9710615522;-0.824169401823;-0.823140111558;0;81.4420209838;17.5702677248;15.8701727089;15.3076807238;0
1990-08-07 10:00:00;31.2470601114;9.61532660394e-05;0.298227622081;0.116430267191;0.000144395356547;0.0;-0.846721871064;-0.933991948415;-1.25405575408;-0.831175427416;-0.826262460327;0;199.548394536;27.9181032765;20.5523588446;19.5685025004;0
1990-08-07 12:00:00;39.5818128293;0.000204670179118;0.297003865402;0.148313289831;0.000227857498873;0.0;-0.873497024158;-1.05337089735;-1.69450477467;-0.846349735536;-0.835087528164;0;299.878390002;29.8305823532;25.1282877927;24.0520246365;0
1990-08-07 14:00:00;39.6017521846;0.000256972086767;0.302368061125;0.145116400954;1.81126639217e-12;0.0;-0.898525638302;-1.12346905766;-1.85246325105;-0.865918995994;-0.851158347694;0;289.990882192;31.3387427381;27.5006001075;26.5322631694;0
1990-08-07 16:00:00;36.5594696338;0.000236610318712;0.294955751549;0.132395898885;1.93207714308e-14;0.0;-0.914667427834;-1.1231361433;-1.80304975861;-0.884464240389;-0.870410251702;0;214.397323772;29.8031946279;27.5873227531;26.9359039125;0
1990-08-07 18:00:00;25.0485280682;0.000131071066466;0.270853066322;0.0907983272442;-5.84852068163e-14;0.0;-0.913739235038;-1.03230069233;-1.50392415822;-0.894961383115;-0.887182881943;0;90.0105830929;25.2405215708;24.9077548738;24.4559126762;0
1990-08-07 20:00:00;-1.51921444043;3.35607448427e-18;1.72167216808e-13;9.72941205298e-16;-1.62559459776e-13;30.5409570846;-0.899979056583;-0.904176641637;-0.908940445338;-0.62337566709;-0.89545043511;0;0.0407209822936;13.9752191851;13.6372733297;12.8863502986;0
1990-08-08 08:00:00;22.9275606551;2.90892381449e-05;0.232437448756;0.0898121398535;-2.21792410217e-13;0.0;-0.633318233171;-0.660700412218;-0.773214585636;-0.624841041497;-0.624318203587;0;83.1576663482;17.7237698954;15.8782003728;15.2680475036;0
1990-08-08 10:00:00;32.1758100646;0.000105033411926;0.329338116555;0.128196793105;0.000228636574896;0.0;-0.64777972927;-0.737512848912;-1.07886427493;-0.630169741848;-0.626968676542;0;210.424697953;28.1823582054;20.7218917471;19.715026598;0
1990-08-08 12:00:00;40.4032685712;0.000231666877146;0.336607777705;0.164665695408;0.000264884883485;0.0;-0.67471918084;-0.867644012348;-1.59047786223;-0.642134691766;-0.634280876373;0;297.7809187;30.1393630831;25.5968828187;24.5410071765;0
1990-08-08 14:00:00;40.6234676532;0.00030827836165;0.336442065363;0.163419601594;5.71239908831e-06;0.0;-0.700118712868;-0.956123553533;-1.80716299144;-0.658521161496;-0.64746466512;0;294.291801528;32.1907040126;28.5151929638;27.4618235047;0
1990-08-08 16:00:00;37.3759394555;0.000292597273875;0.329657560202;0.14860114008;-5.01159678703e-13;0.0;-0.714140907901;-0.958172154052;-1.76602553002;-0.674583355364;-0.663630727387;0;216.713127369;30.7511523837;28.7491821724;27.9939375144;0
1990-08-08 18:00:00;25.3293403532;0.000154674106334;0.307849025136;0.100297084555;-1.99504151288e-13;0.0;-0.706338943953;-0.83798937304;-1.3822666768;-0.683281427756;-0.677527492927;0;90.2392528685;26.0649551749;25.6463928259;25.062084022;0
1990-08-08 20:00:00;-1.49935620402;4.00057178636e-18;2.05289043405e-13;-2.20161140125e-15;-2.69930331181e-13;0.0;-0.688299101225;-0.692496686279;-0.69726048998;-0.683281427756;-0.683770479751;0;0.0476344100223;13.8312950392;13.4893362415;12.7405006929;0
1990-08-09 08:00:00;22.8498039131;3.25892858429e-05;0.230283628329;0.0884683018336;-2.67965636075e-13;0.0;-0.693933364003;-0.724639299532;-0.851392499868;-0.685132753033;-0.684289124086;0;82.3055437923;17.8239943697;16.0930517845;15.5289794435;0
1990-08-09 10:00:00;32.6038306043;0.000111640236516;0.327490400674;0.127926017387;0.000194713855721;0.0;-0.709601833378;-0.806467759387;-1.16929970465;-0.691524716741;-0.687400013483;0;214.626511559;28.9738384403;21.2273258935;20.1740135268;0
1990-08-09 12:00:00;40.3030168475;0.000224480091185;0.328173673173;0.161087620912;0.000222409448258;0.0;-0.735644320625;-0.925764014505;-1.62725182158;-0.704615205711;-0.695598176471;0;296.048172108;30.3928423597;25.8494237742;24.7969441743;0
1990-08-09 14:00:00;40.1116868085;0.000305226325806;0.329264067581;0.156794002716;-4.5998679278e-13;0.0;-0.763190196945;-1.02046435756;-1.85072433291;-0.722939105317;-0.710000749301;0;286.730328828;32.2188200971;28.6989858913;27.6831324975;0
1990-08-09 16:00:00;36.7413047181;0.00028156042085;0.320468393962;0.141872207377;-1.05577382582e-13;0.0;-0.777698189828;-1.01642574755;-1.79627483709;-0.740398559166;-0.727972714728;0;209.284618187;30.5635117659;28.5942919003;27.8416484568;0
1990-08-09 18:00:00;24.5382500667;0.000166450513735;0.299090566867;0.0946181063081;-1.18043476068e-13;0.0;-0.774828973925;-0.918758532395;-1.49268352947;-0.75097995829;-0.743589156792;0;86.8659844573;26.7388507884;26.2258670672;25.4723797455;0
1990-08-09 20:00:00;-1.51699779869;4.85767101384e-18;2.25600316149e-13;-6.55815712847e-16;-1.93088040183e-13;0.0;-0.755997631758;-0.760195216812;-0.764959020513;-0.75097995829;-0.751469010285;0;0.0544493304395;14.0302620433;13.6971892475;12.9522353559;0
1990-08-10 08:00:00;22.802626995;3.20804541491e-05;0.227121414525;0.0868713510929;-2.89336703023e-13;0.0;-0.761671023694;-0.792546068759;-0.919722869639;-0.75304202725;-0.751991338214;0;81.8097896795;17.9479645198;16.2597955984;15.7056462805;0
1990-08-10 10:00:00;32.1187117162;0.000109056419285;0.314647335781;0.12313510528;0.0001396454552;0.0;-0.777498346351;-0.873963362723;-1.23015358488;-0.760107571914;-0.755308306464;0;205.627965438;28.6904651214;21.2946742937;20.2799886518;0
1990-08-10 12:00:00;39.9316495882;0.000221797459494;0.315028401262;0.154820854896;0.000159725608304;0.0;-0.804647287299;-0.995897820061;-1.68610997546;-0.774747008255;-0.764220736429;0;290.117171684;30.5813514661;25.9656312356;24.8872443058;0
1990-08-10 14:00:00;39.656921722;0.000310852772485;0.320649239355;0.149206369611;-2.95756023845e-13;0.0;-0.835588536476;-1.1018318033;-1.92717441832;-0.795891237409;-0.780341247744;0;286.266494664;32.7591082284;29.1796060971;28.1428750963;0
1990-08-10 16:00:00;36.2855276092;0.000307051609042;0.315051019664;0.134019958125;-3.19988175232e-13;0.0;-0.856477628191;-1.12106759602;-1.94248049774;-0.817523944599;-0.801458245482;0;211.781186393;31.8431430451;29.856700985;28.9701892633;0
1990-08-10 18:00:00;24.6669174103;0.000168431978982;0.288237978718;0.0919597236892;-1.49917124681e-12;0.0;-0.853064512366;-1.0016379513;-1.57788659791;-0.829717681016;-0.82081721637;0;88.6633938238;27.145890876;26.6433271363;25.8896845407;0
1990-08-10 20:00:00;-1.45933817828;3.02065446519e-18;1.65180334487e-13;-1.11210661144e-16;-2.62760719469e-13;0.0;-0.834735354484;-0.838932939539;-0.84369674324;-0.829717681016;-0.830206733011;0;0.0613140694382;13.4805260712;13.1680914814;12.4919291986;0
1990-08-11 08:00:00;23.60239279;3.25342126784e-05;0.222939593817;0.0878955454627;1.84882697625e-13;0.0;-0.840640078324;-0.872597724757;-1.00412316028;-0.832100375532;-0.830750346824;0;88.753350539;18.2377825706;16.2478941121;15.6056215573;0
1990-08-11 10:00:00;32.3740563877;0.000111460702731;0.30579546253;0.120268907303;0.000120902750649;0.0;-0.857507804421;-0.95812733225;-1.32092355879;-0.840331542466;-0.834453663108;0;214.437579454;29.0337341331;21.3862828311;20.353984632;0
1990-08-11 12:00:00;39.505104966;0.000215232906243;0.29858284029;0.147105495398;0.00011273002192;0.0;-0.884709543764;-1.07408998673;-1.73915648128;-0.856529906923;-0.844431101375;0;288.28908765;30.4665238843;25.9391190484;24.8860776254;0
1990-08-11 14:00:00;39.4515879765;0.00028511288551;0.308645759742;0.143130210118;2.32362187622e-13;0.0;-0.91407554836;-1.16351009313;-1.93643395805;-0.878622159141;-0.861827673621;0;289.912477123;32.7257137706;29.0288596046;28.0287763225;0
1990-08-11 16:00:00;36.0983466499;0.00027702955255;0.300642116831;0.128354534411;-2.12998578963e-13;0.0;-0.935081951556;-1.17889684325;-1.93278543929;-0.900807458801;-0.883816714351;0;212.425830519;31.6432910429;29.5099287153;28.7142681658;0
1990-08-11 18:00:00;24.4449848072;0.000158176967801;0.276168959997;0.0877950537461;-2.72468908601e-13;0.0;-0.93524906857;-1.0780350875;-1.62508923318;-0.913804006026;-0.904001413486;0;88.5133495728;27.4384430091;26.9597496084;26.2404287501;0
1990-08-11 20:00:00;-1.45866935923;2.68330883236e-18;1.66796961609e-13;-9.40922873911e-16;-2.8529161039e-13;0.0;-0.918821679494;-0.923019264549;-0.92778306825;-0.913804006026;-0.914293058021;0;0.0303040803986;13.3096675694;12.9765992685;12.2746443594;0
1990-08-12 08:00:00;21.7544633701;2.46559938853e-05;0.204726628427;0.0780550300975;-4.59282692029e-14;0.0;-0.923415576395;-0.949172856756;-1.05295858579;-0.915851907031;-0.91471627313;0;76.9890980591;17.2316477977;15.4566043828;14.8473843454;0
1990-08-12 10:00:00;32.1382716497;0.000100184684207;0.291657093283;0.114912967618;0.000140652022141;0.0;-0.939684827013;-1.03259805101;-1.36186339125;-0.924235175069;-0.91806207434;0;220.174508738;28.942295613;20.7302759057;19.616659823;0
1990-08-12 12:00:00;39.363111422;0.00020828197046;0.282326149547;0.139663583082;0.0001279829448;0.0;-0.968350984017;-1.15539165981;-1.79012661695;-0.941987751617;-0.928312918462;0;300.427664261;30.6767408735;25.7999358747;24.6720974745;0
1990-08-12 14:00:00;38.9714181674;0.000271899109389;0.29532694844;0.134372439653;-1.33185650584e-13;0.0;-0.998440160979;-1.24103944965;-1.97027626718;-0.965840060212;-0.947188628449;0;291.969210304;32.8439853891;29.0571102366;28.0721461484;0
1990-08-12 16:00:00;35.5422740495;0.000260345735185;0.28432002505;0.120103388158;-6.09615777032e-14;0.0;-1.02050580412;-1.25470817337;-1.9746474146;-0.989424756918;-0.970874293168;0;210.553260262;31.6866113649;29.5644079173;28.8148574324;0
1990-08-12 18:00:00;24.2958120828;0.000146653323305;0.257344839424;0.0828824985361;-1.40649660889e-13;0.0;-1.02247584406;-1.15811196943;-1.66956530809;-1.00304242969;-0.992492099358;0;88.5133495728;27.1264544763;26.7045478777;26.0681925112;0
1990-08-12 20:00:00;-1.45086761128;2.33116466869e-18;1.71672160186e-13;-1.83676034604e-15;-1.29537397454e-13;0.0;-1.00806010316;-1.01225768821;-1.01702149192;-1.00304242969;-1.00353148169;0;0.0303040803986;13.2539060653;12.9049504235;12.1803387859;0
1990-08-13 08:00:00;20.8618251402;2.22761268814e-05;0.193448316683;0.0715785975999;-1.16205702113e-13;0.0;-1.01232715391;-1.03652931383;-1.13315735083;-1.00513231577;-1.0039246285;0;71.1794335873;17.0799855519;15.5656274894;15.0244085069;0
1990-08-13 10:00:00;31.3273856849;8.93198808149e-05;0.272734640389;0.106701075667;7.66143256384e-05;0.0;-1.02739328136;-1.11259162043;-1.41093464354;-1.01356951704;-1.00719905568;0;209.59746585;28.3694139754;20.5009171973;19.4159340832;0
1990-08-13 12:00:00;38.5529103066;0.000184050211782;0.263892690586;0.130214767688;6.86796657428e-05;0.0;-1.05407218518;-1.22375910371;-1.81071689187;-1.03124936311;-1.0173187751;0;290.164939604;30.2944638637;25.378574674;24.2558890829;0
1990-08-13 14:00:00;38.0397792414;0.000244054665291;0.277106368584;0.124370316115;-3.99168443885e-13;0.0;-1.08367842827;-1.30675018011;-1.9865868017;-1.0553208108;-1.03608564652;0;276.262930422;32.3796375586;28.7042740051;27.7715171357;0
1990-08-13 16:00:00;34.8712527839;0.000246468109486;0.265560336444;0.111059688262;-1.55067388518e-13;0.0;-1.10861520717;-1.33505242412;-2.01453802558;-1.08038194573;-1.06023231726;0;208.810598051;31.7469058193;29.6386272463;28.9269583056;0
1990-08-13 18:00:00;23.5771216487;0.000138436210237;0.237989785265;0.0758215887894;-6.64718933492e-14;0.0;-1.11258444858;-1.24377832551;-1.73252731733;-1.09480042079;-1.08337310082;0;86.016706661;27.2336191619;26.8379374883;26.220925904;0
1990-08-13 20:00:00;-1.51337029247;2.78794995176e-18;1.66003228111e-13;-1.47869731458e-15;-1.24099926259e-13;0.0;-1.09981809425;-1.10401567931;-1.10877948301;-1.09480042079;-1.09528947278;0;0.0476344100223;13.9753839482;13.6274034906;12.85907895;0
1990-08-14 08:00:00;21.2834544579;2.34525041026e-05;0.180339404597;0.0693485212442;-6.55402194732e-14;0.0;-1.10444002522;-1.13027723943;-1.23303472688;-1.09726795303;-1.09571505676;0;75.9053651171;17.0511411069;15.4509267948;14.9079253759;0
1990-08-14 10:00:00;30.9031208882;8.60950607131e-05;0.252288309578;0.0990870801803;4.05978834464e-05;0.0;-1.11937642071;-1.20349792119;-1.49232021072;-1.10638900338;-1.09932075868;0;212.670701413;28.1086715575;20.175074655;19.0804499959;0
1990-08-14 12:00:00;37.8284849344;0.0001723720478;0.242185879327;0.119711853103;3.99021567206e-05;0.0;-1.14556582771;-1.30831875537;-1.86338710896;-1.12495066266;-1.11001813261;0;292.078337514;30.0409880562;24.9815483205;23.835810346;0
1990-08-14 14:00:00;37.6031938641;0.000226259292412;0.254814811447;0.115108212906;-1.4257964673e-13;0.0;-1.17514213796;-1.38703018691;-2.03243495664;-1.14993859609;-1.12958484687;0;284.793209796;32.130056521;28.1676518306;27.2258622074;0
1990-08-14 16:00:00;34.378967035;0.000210675798842;0.243392570207;0.103043144168;-1.90844316839e-13;0.0;-1.19736239788;-1.39647674486;-2.01740980175;-1.17386249349;-1.15431569646;0;205.447490872;30.651124822;28.4523258551;27.8224680087;0
1990-08-14 18:00:00;22.8329862127;0.000113003715301;0.214182236191;0.0688425943862;-5.5228843855e-14;0.0;-1.20167964251;-1.31225595788;-1.73466425257;-1.18696367869;-1.17645116042;0;81.8489705719;25.7821382787;25.4712141983;25.0033355902;0
1990-08-14 20:00:00;-1.41087591701;1.29132160686e-18;9.35714948019e-14;-1.21145201666e-16;-9.11722966152e-14;31.2793423375;-1.19198135216;-1.19617893721;-1.20094274091;-0.794450416404;-1.18745273069;0;0.0476344100223;12.9502978247;12.6076534483;11.9138442138;0
1990-08-15 08:00:00;21.1016716279;2.25008787718e-05;0.211516435075;0.0789458585308;-8.8702169172e-14;0.0;-0.80350302218;-0.826650026892;-0.919455967264;-0.796006374006;-0.795311120199;0;72.2297545411;16.7312871146;15.1822268307;14.638514827;0
1990-08-15 10:00:00;31.6543528937;9.1632797949e-05;0.303832646965;0.119626019018;0.000185854608771;0.0;-0.817589613942;-0.900084951318;-1.19893319141;-0.802384192932;-0.798010001889;0;209.995195103;27.7225039708;19.9320203706;18.8319372479;0
1990-08-15 12:00:00;39.5379715712;0.000196642767416;0.30369930994;0.150648188212;0.000265359907197;0.0;-0.842897434433;-1.01463184398;-1.63813932587;-0.816298188088;-0.806131237778;0;297.930943078;29.5732033553;24.7460777229;23.6447622244;0
1990-08-15 14:00:00;39.7776246484;0.000272396147151;0.309745755242;0.147828209919;-1.50063476744e-12;0.0;-0.870848691044;-1.10717857442;-1.86399733481;-0.83609834423;-0.821321823878;0;290.864149826;31.6743379446;28.0292275643;27.0681123659;0
1990-08-15 16:00:00;36.2372300233;0.000262299946448;0.302587626881;0.132290499246;2.15059823497e-14;0.0;-0.889163317133;-1.11806408885;-1.85447335627;-0.85576246783;-0.840981981794;0;208.00912682;30.3816752256;28.4075745101;27.7085018636;0
1990-08-15 18:00:00;24.1908630433;0.000138952491002;0.277058257928;0.0888936377534;3.92718318258e-14;0.0;-0.88625593621;-1.01080675915;-1.50867110436;-0.866424894716;-0.858593584824;0;85.1196001239;25.7773750632;25.396706429;24.8412983333;0
1990-08-15 20:00:00;-1.43040391968;1.95659480749e-18;1.83342781517e-13;-3.03007572504e-15;-1.80101699983e-13;0.0;-0.871442568184;-0.875640153239;-0.880403956939;-0.866424894716;-0.866913946711;0;0.0613140694382;13.2388084959;12.8943925844;12.1795315417;0
1990-08-16 08:00:00;22.7037007436;2.62809542133e-05;0.213022773967;0.0833200657389;-2.95420561608e-13;0.0;-0.876267992272;-0.903135838562;-1.01220696662;-0.868461056314;-0.867358300919;0;83.3633642929;17.5593212301;15.7518893834;15.1538395696;0
1990-08-16 10:00:00;32.4295490879;0.000101189878793;0.297586091983;0.118881401621;0.000135281865534;0.0;-0.892210674591;-0.984665700329;-1.31326030183;-0.876359614108;-0.870662476433;0;220.877084664;28.6008688708;20.8032274707;19.7350404377;0
1990-08-16 12:00:00;39.4588591241;0.000207338168027;0.291104176631;0.144288312296;0.000145792604677;0.0;-0.919719688727;-1.10393764436;-1.74825807401;-0.892839639991;-0.880367209603;0;295.246780871;30.3392019434;25.6687263166;24.5926241701;0
1990-08-16 14:00:00;39.2001032194;0.000280237703188;0.30174278467;0.138887789527;5.66011082859e-14;0.0;-0.950077219646;-1.19731048187;-1.95475599805;-0.915764329676;-0.898110358371;0;289.172355873;32.5040829089;28.8405584816;27.8581874933;0
1990-08-16 16:00:00;35.6278487779;0.000270185525447;0.291515734647;0.123540980767;-3.17702752453e-13;0.0;-0.9715361302;-1.21135973519;-1.9428758876;-0.938601226177;-0.9208970271;0;207.13246047;31.1633011291;29.2049284502;28.45782743;0
1990-08-16 18:00:00;23.3807236315;0.000138312485844;0.264953007264;0.0824493429244;-2.44091989264e-13;0.0;-0.969631926508;-1.09626633133;-1.59092672137;-0.950580460864;-0.941483727971;0;82.2206296326;26.4866021971;26.0863883581;25.471485295;0
1990-08-16 20:00:00;-1.46911450013;2.70668134097e-18;2.7804613229e-13;1.99712638734e-15;-1.80901199172e-13;0.0;-0.955598134332;-0.959795719386;-0.964559523087;-0.950580460864;-0.951069512859;0;0.0476344100223;13.5210107144;13.1889599091;12.4763812789;0
1990-08-17 08:00:00;21.8120324794;2.21709841405e-05;0.198128068421;0.0770569910182;-1.6857547747e-13;0.0;-0.959777679679;-0.983589173239;-1.07875433518;-0.952519254981;-0.951454494027;0;78.7931173701;16.9557782761;15.1568584481;14.5476557191;0
1990-08-17 10:00:00;31.9763946497;9.8351178245e-05;0.280721380121;0.112012699593;0.000143674404084;0.0;-0.976233740203;-1.06813278313;-1.38832493318;-0.961182458258;-0.954717483079;0;222.533106032;28.2681986207;20.3464548571;19.2575112805;0
1990-08-17 12:00:00;38.6107729969;0.000184033652833;0.269911699468;0.134564875984;0.000173349112583;0.0;-1.00112114314;-1.16856983336;-1.75471818398;-0.977671829021;-0.964879098415;0;294.677276932;29.4667497062;24.5959699258;23.4894712061;0
1990-08-17 14:00:00;38.6612694268;0.000238796865998;0.278846447646;0.130882635465;-3.05681000841e-14;0.0;-1.02832934442;-1.24403040249;-1.91798143102;-0.999624117022;-0.982344949102;0;284.660078099;31.2382532385;27.4980255855;26.5850180816;0
1990-08-17 16:00:00;35.4478631482;0.000222683993254;0.269785793515;0.118086055762;-1.3225505e-13;0.0;-1.0475242302;-1.25042992997;-1.9012618833;-1.02067983965;-1.00404127923;0;206.56625452;29.8182649179;27.7147762269;27.0938887824;0
1990-08-17 18:00:00;23.0520318968;0.000114600602698;0.242837760888;0.0774052249078;-1.45674342661e-13;0.0;-1.04779642094;-1.15570011551;-1.58082946553;-1.03174220492;-1.02320292882;0;80.1230800457;24.9685415744;24.659908606;24.2080845767;0
1990-08-17 20:00:00;-1.40230404463;1.70382638566e-18;9.63650007239e-14;-3.34642083543e-15;-1.46011570724e-13;0.0;-1.03675987839;-1.04095746344;-1.04572126714;-1.03174220492;-1.03223125691;0;0.0544493304395;12.8853027622;12.5577428423;11.8924994581;0
1990-08-18 08:00:00;18.2293872827;1.35321149764e-05;0.17549785484;0.0611069038626;-8.3329917941e-14;0.0;-1.03937583532;-1.05581521716;-1.11787805146;-1.03305879338;-1.0324721836;0;57.2512421623;15.4175902415;14.1181055883;13.6109523775;0
1990-08-18 10:00:00;29.6943074184;6.94388443152e-05;0.252332045773;0.0995917077649;8.56100393762e-05;0.0;-1.05159895252;-1.11909491008;-1.35344856982;-1.03984944425;-1.03478482276;0;195.372205765;26.2028185251;18.6345121275;17.5236182287;0
1990-08-18 12:00:00;37.4510328228;0.0001523882971;0.250744457822;0.125175837678;0.000156607296806;0.0;-1.07445286236;-1.21673068823;-1.72716438553;-1.05495801428;-1.04305935457;0;282.286349296;28.5053811532;23.4812934265;22.3432428558;0
1990-08-18 14:00:00;38.0131547941;0.000218945011068;0.262723082143;0.122679799178;7.95876310962e-14;0.0;-1.10278851796;-1.3047686435;-1.94043248057;-1.07717218094;-1.05937494058;0;278.868878763;31.0695320694;27.1846836115;26.2754156651;0
1990-08-18 16:00:00;34.7619442433;0.000200335870518;0.252116577661;0.110394764221;-5.02400223152e-14;0.0;-1.12166278853;-1.30803037162;-1.90320222667;-1.0980374974;-1.0812792318;0;201.249174323;29.3639782034;27.2550201975;26.6851497974;0
1990-08-18 18:00:00;22.5113942004;0.000104109819597;0.226628651195;0.07194146345;-1.18069070842e-13;0.0;-1.12359486658;-1.22389811639;-1.61514411709;-1.10908975068;-1.10041803416;0;78.0288961242;24.6916142269;24.417156222;24.0139259788;0
1990-08-18 20:00:00;-1.3941819974;1.09440455206e-18;7.95536143896e-14;-8.21652563912e-16;-1.60151069711e-13;0.0;-1.11410742415;-1.1183050092;-1.1230688129;-1.10908975068;-1.10957880267;0;0.0476344100223;12.7442905366;12.4258968547;11.7838945557;0
1990-08-19 08:00:00;18.7133200462;1.48601339763e-05;0.170051889572;0.0600375671652;-9.69336152901e-15;0.0;-1.11704669486;-1.13500184593;-1.20381385787;-1.11067914993;-1.1098496097;0;60.0548420513;15.9165389829;14.551361488;14.0241027812;0
1990-08-19 10:00:00;29.8385531699;6.90873567064e-05;0.241861826418;0.09520466451;3.06356967083e-05;0.0;-1.12946998734;-1.19795228259;-1.43241149125;-1.11810781353;-1.11242801203;0;197.261503853;26.6895566204;19.1633266279;18.0614221322;0
1990-08-19 12:00:00;37.0819225159;0.000148642895588;0.235907225782;0.117419429689;6.41463919958e-05;0.0;-1.15266810343;-1.2940659203;-1.78736073056;-1.13431254826;-1.12131395079;0;279.499845226;28.7501998873;23.9141442862;22.8231309083;0
1990-08-19 14:00:00;37.2632467845;0.00019056489728;0.243068730532;0.114676192893;2.59405377735e-14;0.0;-1.1774554101;-1.35740674895;-1.93523247442;-1.1555401265;-1.13830214592;0;271.740651157;30.3405091942;26.5081165674;25.6386719879;0
1990-08-19 16:00:00;34.1359352143;0.000173628021309;0.233861297277;0.103353234958;7.10910446796e-14;0.0;-1.19554722795;-1.36105354678;-1.90561348076;-1.17533588872;-1.15923846167;0;197.381404287;28.6734448234;26.5591003706;26.0602946449;0
1990-08-19 18:00:00;21.3209001131;8.25315112835e-05;0.210274045286;0.0650609231009;-7.62634032963e-14;0.0;-1.19699723444;-1.27903996265;-1.60413752417;-1.18490119687;-1.17735891353;0;72.2546578346;23.8742117641;23.6632822294;23.3521834919;0
1990-08-19 20:00:00;-1.38252735212;1.05721422508e-18;1.0703059593e-13;1.54454428185e-15;-8.65774919277e-14;0.0;-1.18991887034;-1.19411645539;-1.19888025909;-1.18490119687;-1.18539024887;0;0.0717060124982;12.8007824246;12.468430986;11.801705478;0
1990-08-20 08:00:00;17.5445622375;1.13331406287e-05;0.156750499438;0.0534176836566;-1.28179889981e-13;0.0;-1.19221262872;-1.20712913836;-1.26215493332;-1.18622264017;-1.1856014398;0;54.4374626805;15.5027156205;14.3091137814;13.8309831527;0
1990-08-20 10:00:00;29.9364295564;6.55953868858e-05;0.229361777806;0.0907328677564;2.93366326373e-05;0.0;-1.20461001262;-1.27111096167;-1.49524875791;-1.19390906614;-1.1879347;0;205.270610145;27.1807816111;19.1935538114;18.0051333261;0
1990-08-20 12:00:00;36.7889925523;0.000137219877415;0.221635422224;0.110605464298;4.38085978407e-05;0.0;-1.22678667587;-1.36027430546;-1.83044721147;-1.21020043518;-1.19696276559;0;285.768493841;29.1497867178;23.8581726602;22.6287417629;0
1990-08-20 14:00:00;36.9067077971;0.000185269127178;0.230880396396;0.1075085558;2.50404273656e-14;0.0;-1.25309965241;-1.43130867085;-1.99556511516;-1.23266116329;-1.21416901057;0;277.528497767;30.9836689361;27.0411703601;26.1538993663;0
1990-08-20 16:00:00;33.870895214;0.000171896610128;0.223358408211;0.0966487192609;-4.20592213367e-14;0.0;-1.27309059669;-1.43999021697;-1.98050646387;-1.25399107919;-1.23639942712;0;202.234899697;29.4416718806;27.1834853464;26.6637959453;0
1990-08-20 18:00:00;21.790913125;8.77308451468e-05;0.196905668834;0.0623620785327;-1.45165683772e-13;0.0;-1.27710948121;-1.36571599443;-1.71024343517;-1.26506355407;-1.25614820566;0;76.4291869414;24.683712314;24.4558556853;24.1197119958;0
1990-08-20 20:00:00;-1.40224093542;7.76547961146e-19;1.06751427694e-13;-2.97329444267e-17;-7.72546928921e-14;0.0;-1.27008122754;-1.27427881259;-1.27904261629;-1.26506355407;-1.26555260607;0;0.0613140694382;12.9504449362;12.6077882461;11.9145413273;0
1990-08-21 08:00:00;20.5007438799;1.56602997426e-05;0.153675800357;0.0593764371267;-4.71526885495e-14;0.0;-1.27332243178;-1.29269289824;-1.36744500264;-1.26705347749;-1.26585124634;0;73.6008063822;16.7819384629;15.0118295574;14.3848397876;0
1990-08-21 10:00:00;30.9893649217;7.58149020448e-05;0.221049066172;0.0880209560773;1.87771672201e-05;0.0;-1.28788641988;-1.36554144491;-1.62172308053;-1.27674527002;-1.26898936622;0;229.856448973;29.0406785012;20.1922186007;18.9008758349;0
1990-08-21 12:00:00;36.5704231047;0.000149924949806;0.207503042966;0.102181579504;-3.49109166833e-13;0.0;-1.31294849446;-1.46096088585;-1.95756611831;-1.2961984028;-1.28010392108;0;291.276847021;30.3992759607;25.1443378332;23.9586826645;0
1990-08-21 14:00:00;35.8125798968;0.000195289502024;0.218334777568;0.0968793322109;-5.14740004062e-14;0.0;-1.34213584646;-1.53324809789;-2.11525524567;-1.32212367781;-1.30044642118;2;274.851079862;32.4238525293;28.330834187;27.3931573624;0
1990-08-21 16:00:00;32.6561755923;0.000191908912308;0.207642140879;0.0858901570825;-4.03970081326e-14;0.0;-1.36768755661;-1.55687740312;-2.13598970212;-1.34826531975;-1.32633359507;3;202.326820475;31.3604221457;29.1534298154;28.5530313213;0
1990-08-21 18:00:00;20.4220464373;9.40874401383e-05;0.180877445584;0.0541497788859;-8.59176734965e-13;0.0;-1.3731964309;-1.47008788042;-1.84023289672;-1.36132914159;-1.35059146694;0;72.8004497661;26.2427438674;25.9547513203;25.4739035226;0
1990-08-21 20:00:00;-1.44033476124;8.75176217942e-19;7.81938781461e-14;-8.76943266541e-16;-6.29643842238e-14;24.6603000467;-1.36634681506;-1.37054440011;-1.37530820381;-0.975034156741;-1.36181819358;0;0.0955244917381;13.562842948;13.2117320816;12.4664607543;0
1990-08-22 08:00:00;21.0072415475;1.91801033573e-05;0.194872823092;0.0732458313194;-1.69269941053e-13;0.0;-0.983693438117;-1.00497524509;-1.08910039184;-0.976767781828;-0.975858797377;0;72.6659600582;16.8395161441;15.2161077605;14.6386203878;0
1990-08-22 10:00:00;31.9681582769;9.33297402424e-05;0.276602443699;0.110655834567;0.00010962341357;0.0;-0.999672366911;-1.08746896847;-1.38944901781;-0.985261344396;-0.978891003317;0;217.704739406;28.1939105458;20.4463371208;19.3481127013;0
1990-08-22 12:00:00;38.5382521322;0.000188222337452;0.268585856553;0.132432764053;5.62455228011e-05;0.0;-1.02627169909;-1.19835219801;-1.79048576221;-1.00268684927;-0.989055625694;0;284.806704117;29.9591520309;25.4461058777;24.4174615542;0
1990-08-22 14:00:00;38.3741996553;0.000244838483488;0.279942258718;0.127784148742;-1.7408723866e-13;0.0;-1.05486161855;-1.27714454937;-1.95996078488;-1.0259623019;-1.00749914332;0;280.042000892;31.9899748321;28.3069417992;27.3792403682;0
1990-08-22 16:00:00;34.8043991473;0.00022631117047;0.267614394087;0.11383992136;-3.04456782707e-14;0.0;-1.07491955144;-1.28219840528;-1.93168598994;-1.04810910864;-1.03047584001;0;198.626373965;30.3300470853;28.3776311464;27.7499780589;0
1990-08-22 18:00:00;21.6090795625;0.000112445820352;0.2423247161;0.0719288954635;-4.5468593139e-14;0.0;-1.07496937674;-1.18165605313;-1.60045745919;-1.05934586133;-1.05061067727;0;73.8780760774;25.8328843323;25.4873399386;24.9317809735;0
1990-08-22 20:00:00;-1.45899308396;1.6603121718e-18;1.23389053146e-13;-3.63677243316e-15;-1.55507131717e-13;0.0;-1.0643635348;-1.06856111985;-1.07332492355;-1.05934586133;-1.05983491333;0;0.0544493304395;13.4679477067;13.1327549511;12.4184033968;0
1990-08-23 08:00:00;20.7821782803;2.26345441208e-05;0.186008954189;0.0690498740327;-6.86904907413e-14;0.0;-1.06877435707;-1.09363608046;-1.19273092586;-1.06162677356;-1.06024129969;0;71.2460947123;17.102760194;15.5410548076;14.9825174643;0
1990-08-23 10:00:00;31.7055305803;9.07606545331e-05;0.26369671081;0.104166459586;4.01837861457e-05;0.0;-1.08449491004;-1.17183632987;-1.46748668811;-1.07083765752;-1.06374678989;0;212.364120424;28.5988388386;20.8154205658;19.7072424506;0
1990-08-23 12:00:00;38.2674832626;0.000177671943135;0.253273412231;0.124553490536;2.52842625789e-05;0.0;-1.11069905557;-1.27693744768;-1.84669321856;-1.08917366808;-1.07452909996;0;290.778965139;30.4661705021;25.5196349359;24.3966458768;0
1990-08-23 14:00:00;37.842088004;0.000231353431182;0.262523443404;0.118807293414;1.32699713484e-14;0.0;-1.13990524681;-1.35454915916;-2.0085914853;-1.11367048325;-1.09385630873;0;283.326633133;32.0770448403;28.2149881275;27.2851761681;0
1990-08-23 16:00:00;34.3138300486;0.000207789598492;0.248721929036;0.105936228474;2.85839648442e-14;0.0;-1.16007705104;-1.35474775793;-1.96277188012;-1.1362903414;-1.11795338493;0;198.469576279;30.257191112;28.2215189982;27.625944211;0
1990-08-23 18:00:00;20.3803909639;0.000100569542118;0.21873125015;0.0641768561744;-5.66707375127e-14;0.0;-1.16134750673;-1.25940148301;-1.64360607651;-1.14745433477;-1.13862741471;0;68.932716483;25.6247234438;25.3032945302;24.7568481912;0
1990-08-23 20:00:00;-1.44636505705;1.85098208598e-18;1.04924935977e-13;-5.05697474001e-16;-1.68996485358e-13;0.0;-1.15247200823;-1.15666959329;-1.16143339699;-1.14745433477;-1.14794338676;0;0.0544493304395;13.3455837816;13.0080529254;12.2974406959;0
1990-08-24 08:00:00;19.6792604917;1.59607549864e-05;0.170133778537;0.0618150420713;-1.00458354826e-13;0.0;-1.15566382453;-1.17480778402;-1.24897268386;-1.14923928042;-1.14823757383;0;65.5902942126;16.5770519241;15.078872248;14.5131706645;0
1990-08-24 10:00:00;31.7150949532;8.21075680194e-05;0.245966399178;0.0985947418678;7.01011556868e-05;0.0;-1.17082752516;-1.25201124031;-1.52169238589;-1.15847930417;-1.15124279784;0;225.818490747;28.7169343837;20.4400422244;19.2309219864;0
1990-08-24 12:00:00;37.5936735855;0.000164417446958;0.233029396506;0.1149745668;-5.04147332926e-12;0.0;-1.19657156772;-1.35402304227;-1.89006723004;-1.17727638954;-1.16200994078;0;292.84228875;30.2817138962;25.181834693;24.0321598985;0
1990-08-24 14:00:00;37.0463346144;0.000222023675043;0.244265327889;0.108913863223;-9.18874974013e-13;0.0;-1.22729795332;-1.43775999091;-2.07150270022;-1.20329788632;-1.18189598768;1;282.814823836;32.2711977607;28.3129070678;27.3734181394;0
1990-08-24 16:00:00;33.6016581634;0.000200827296458;0.228061955533;0.0966361373564;-1.2102645576e-13;0.0;-1.24936031385;-1.44178904533;-2.0413394597;-1.2274871997;-1.20755129382;1;198.17611173;30.3644972423;28.2487298889;27.6429318841;0
1990-08-24 18:00:00;20.9567654929;9.01188834466e-05;0.202021512589;0.0613027296561;-5.1576179544e-14;0.0;-1.2509485222;-1.34123513454;-1.69200519172;-1.23854878244;-1.22967678255;0;72.0022484237;24.8524466747;24.6000184976;24.2049563731;0
1990-08-24 20:00:00;-1.37971599107;8.07267624676e-19;6.2112166248e-14;1.88414556922e-15;-9.47720714936e-14;0.0;-1.24356645591;-1.24776404097;-1.25252784467;-1.23854878244;-1.23903783444;0;0.0407209822936;12.5634297847;12.2343009905;11.5865435497;0
1990-08-25 08:00:00;20.0959315108;1.62120725423e-05;0.15509859111;0.0592559368107;-4.51451499593e-14;0.0;-1.24689769788;-1.26668015835;-1.34301144146;-1.24055255173;-1.23934466552;0;70.7407852939;16.4328062745;14.7891994121;14.2034294709;0
1990-08-25 10:00:00;31.0162666737;7.90211935164e-05;0.224056606461;0.0897835896726;4.3464827946e-05;0.0;-1.26194565677;-1.34193790352;-1.60358838273;-1.25038033839;-1.24253827957;0;228.468428284;28.6077041963;19.8904311789;18.6039332316;0
1990-08-25 12:00:00;36.5866735602;0.000152162250582;0.210389421115;0.104073782588;-1.89173939435e-13;0.0;-1.28682063427;-1.43596247267;-1.93591105389;-1.26959347168;-1.25376005855;0;290.567356248;29.8714752121;24.7282772176;23.5715283796;0
1990-08-25 14:00:00;35.9955312361;0.000208717409846;0.223729893789;0.0985506191246;-3.96378715936e-14;0.0;-1.31803762399;-1.52035271461;-2.1239048315;-1.29658113189;-1.27406995987;2;277.954792722;32.1952586073;28.3305157669;27.4287610531;0
1990-08-25 16:00:00;32.9805008331;0.000181466263674;0.209412785321;0.088447659856;-1.40654706019e-13;0.0;-1.33966738059;-1.51780334983;-2.06882391607;-1.32065845769;-1.30056332409;1;199.39027044;30.0142067119;27.81906709;27.260466032;0
1990-08-25 18:00:00;20.4087832558;8.70844339058e-05;0.181713789547;0.0551889940591;-2.98537987984e-14;0.0;-1.34396967189;-1.43337871363;-1.77767438218;-1.33242092021;-1.32283479158;0;70.8596964111;24.8730151039;24.6259171317;24.2295376845;0
1990-08-25 20:00:00;-1.40741799607;1.0956452475e-18;7.25675002307e-14;1.42533463555e-16;-1.13022421407e-13;0.0;-1.33743859368;-1.34163617874;-1.34639998244;-1.33242092021;-1.33290997221;0;0.0407209822936;12.8348439593;12.5170741414;11.8701875691;0
1990-08-26 08:00:00;19.5131444565;1.72939314811e-05;0.141615262405;0.0532328240907;-2.08837727648e-14;0.0;-1.34108851437;-1.36233752674;-1.44445431145;-1.33477310654;-1.33324608639;0;67.8101764891;16.569509911;15.0415592301;14.4856544328;0
1990-08-26 10:00:00;30.6571628959;7.85432787991e-05;0.205517128772;0.0820360842403;-8.59972166654e-15;0.0;-1.35650707718;-1.43778855186;-1.70046667795;-1.34552461838;-1.33678993326;0;224.93484989;29.0423194988;20.5184448097;19.2697774294;0
1990-08-26 12:00:00;35.5606921307;0.000148502504098;0.192202336102;0.0935280338495;-6.37689522709e-14;0.0;-1.38204305634;-1.53100395251;-2.0242457113;-1.36616434922;-1.34891146104;1;279.458792834;30.1866688402;25.3129369086;24.2162480134;0
1990-08-26 14:00:00;34.7962377606;0.000189911715438;0.202261606795;0.088647289767;7.64547988973e-15;0.0;-1.41175655651;-1.60061922256;-2.16852762487;-1.39316750281;-1.37038091719;4;269.533949546;32.28125352;28.3565117389;27.4592471335;0
1990-08-26 16:00:00;30.9979954862;0.000182087640677;0.188915739453;0.0765991711435;-2.25015027732e-13;0.0;-1.43741360199;-1.62023078362;-2.18143557752;-1.41971795277;-1.39725711243;4;184.792631572;30.9235097882;28.9831523666;28.4133187989;0
1990-08-26 18:00:00;18.7382169636;8.69695067771e-05;0.162037546536;0.0469368263022;-4.93195263202e-13;0.0;-1.44349085522;-1.5349494069;-1.88327731656;-1.43263293653;-1.42193880406;0;66.173514128;26.2686593546;25.9697203625;25.4239716057;0
1990-08-26 20:00:00;-1.46292980199;9.60755775189e-19;4.26663863369e-14;-4.16799486453e-16;-6.23691683601e-14;0.0;-1.43765061;-1.44184819505;-1.44661199875;-1.43263293653;-1.43312198852;0;0.0303040803986;13.3448542766;13.016988312;12.3216039986;0
1990-08-27 08:00:00;20.8170368126;1.92802884198e-05;0.129694417281;0.0523281016714;-3.49969584866e-14;0.0;-1.44183657021;-1.46557022194;-1.55749937557;-1.43551686667;-1.4335071918;0;80.2416307764;17.2599594838;15.3123783957;14.6534551886;0
1990-08-27 10:00:00;30.6733147986;8.39104466902e-05;0.186772433099;0.0751036538103;7.70090726961e-15;0.0;-1.45889744426;-1.5473623481;-1.82734266757;-1.4481570083;-1.43768398286;0;237.948306759;30.2656198253;21.3793142259;20.1018190135;0
1990-08-27 12:00:00;34.6771954904;0.00015231685362;0.175891652845;0.0835229203366;-5.29254472884e-14;0.0;-1.48640403986;-1.64262453124;-2.14594463712;-1.47147651821;-1.45170314833;4;287.242026032;31.5741646585;26.3926094097;25.2286297946;0
1990-08-27 14:00:00;32.9173262327;0.000199822750916;0.183951110934;0.0769630194544;-6.87982771549e-14;0.0;-1.52043530289;-1.72316057688;-2.30369370796;-1.50282030612;-1.47600193736;12;279.223481762;34.0939426606;30.00258907;29.0546318629;0
1990-08-27 16:00:00;29.7212279814;0.00018363934703;0.168968132031;0.0674175843546;-5.69075433452e-14;0.0;-1.54858320363;-1.73719705018;-2.29078767287;-1.53240065276;-1.50704990106;14;194.318775191;32.5037350358;30.404894498;29.8022823309;0
1990-08-27 18:00:00;18.2264970499;8.85019988981e-05;0.14302124716;0.0414380878598;-3.39769627724e-13;0.0;-1.55708246587;-1.65263751359;-2.01418332205;-1.54692875546;-1.53470613789;1;67.5514778999;27.4299161589;27.1204467822;26.5330005159;0
1990-08-27 20:00:00;-1.47994997903;8.73951289939e-19;4.85134283947e-14;4.45251149162e-16;-2.80621173465e-14;0.0;-1.55194642893;-1.55614401398;-1.56090781769;-1.54692875546;-1.54741780746;0;0.0476344100223;13.6417204379;13.3002599261;12.5640997051;0
1990-08-28 08:00:00;21.3265611466;2.2274417019e-05;0.117229970594;0.0483535090271;-1.92651292128e-14;0.0;-1.55693540506;-1.5843780859;-1.69085924536;-1.55061360207;-1.54787664556;0;86.9829397543;18.2598160853;16.154070053;15.4504316429;0
1990-08-28 10:00:00;29.7780936946;8.28490808725e-05;0.163825958052;0.065745914894;1.79927059499e-14;0.0;-1.57432984905;-1.66403102032;-1.94499799769;-1.56442056709;-1.55281122662;1;234.75614939;31.2470323336;21.9196544894;20.5765128684;0
1990-08-28 12:00:00;33.1278400034;0.000140394310178;0.152408762591;0.0725079896084;-3.6419765679e-14;0.0;-1.60102297864;-1.749359998;-2.22698554737;-1.58818724837;-1.5678159014;10;284.083607189;31.7044420252;26.4806207043;25.3079452657;0
1990-08-28 14:00:00;31.4695846024;0.000173732104007;0.158130488399;0.0676297562009;-4.61741304516e-14;0.0;-1.63258668337;-1.81454813258;-2.34401069025;-1.6182562537;-1.59229543773;34;275.158130297;34.0268350891;29.844628894;28.9128170335;0
1990-08-28 16:00:00;28.5557936196;0.000151034206697;0.14433848572;0.059571838264;-3.96948342096e-14;0.0;-1.65779784119;-1.81853763912;-2.3137475373;-1.64500511243;-1.62191605877;34;186.944819431;31.6989298412;29.7401713692;29.2579307455;0
1990-08-28 18:00:00;16.8097832532;7.19022309846e-05;0.124593978965;0.0349057146114;-1.78309371116e-13;0.0;-1.66646194734;-1.74712157526;-2.05702253901;-1.65794279539;-1.64701376285;5;62.4491145702;26.9541874913;26.695717581;26.1909399527;0
1990-08-28 20:00:00;-1.46308436894;4.82022549604e-19;2.01658155678e-14;-2.72591320444e-16;-2.66066381615e-14;22.8449947559;-1.66296046885;-1.66715805391;-1.67192185761;-1.19332535725;-1.65843184738;0;0.0476344100223;13.4854354751;13.1376794164;12.4008031408;0
1990-08-29 08:00:00;21.3717798137;2.38043950449e-05;0.170957493409;0.065165515739;-7.9995652991e-14;0.0;-1.20317050753;-1.22995265825;-1.33642571249;-1.19612906118;-1.19425910252;0;76.4107949886;17.7226239041;16.0125870247;15.4148672229;0
1990-08-29 10:00:00;32.0314442434;9.14134584318e-05;0.238758800216;0.095661553963;3.31141966099e-05;0.0;-1.2198746522;-1.31051466259;-1.6052702875;-1.20697629076;-1.19832752481;0;229.557410507;29.4821394632;20.9636904778;19.7192798362;0
1990-08-29 12:00:00;36.7875757123;0.00017171111313;0.224721398163;0.107590992828;-1.18801951775e-13;0.0;-1.24704600666;-1.4127970225;-1.95484843466;-1.22770225139;-1.21068711106;0;274.813587192;30.5634655625;25.9197194083;24.8615637879;0
1990-08-29 14:00:00;36.0795744111;0.000204279607889;0.232189418988;0.10246807763;-8.99040733269e-14;0.0;-1.27471822191;-1.47115581423;-2.07101506802;-1.25297030441;-1.23204746397;1;261.628114976;31.74049339;28.0856931197;27.2245587882;0
1990-08-29 16:00:00;32.2137315461;0.000191804273145;0.218883376292;0.0894063601306;-4.14553303297e-14;0.0;-1.29774228178;-1.48388925871;-2.06477326806;-1.27731833731;-1.25710620313;1;181.689056463;30.4268442869;28.6703850409;28.1222322681;0
1990-08-29 18:00:00;18.4488433195;8.26185731588e-05;0.187164536444;0.0523403870842;-7.1262425173e-14;0.0;-1.29946362564;-1.38367139151;-1.71190469715;-1.28799693594;-1.27938869652;0;61.4326836535;24.9847596142;24.6997684593;24.1804559879;0
1990-08-29 20:00:00;-1.47765403369;1.29733355285e-18;9.02884448136e-14;1.12321620512e-16;-8.42615750916e-14;0.0;-1.29301460941;-1.29721219446;-1.30197599817;-1.28799693594;-1.28848598794;0;0.0407209822936;13.5430587562;13.2233840148;12.5300451394;0
1990-08-30 08:00:00;20.269740872;1.85246107288e-05;0.150737895624;0.0574950962379;-7.88875296091e-14;0.0;-1.29687612691;-1.31912224801;-1.40568214445;-1.29040729706;-1.28884155772;0;71.7953230155;16.8990607837;15.3612390094;14.8177655183;0
1990-08-30 10:00:00;30.5383486931;7.82406180256e-05;0.209446978101;0.084771915155;-2.88337256406e-12;0.0;-1.31189080319;-1.39181380958;-1.65139133797;-1.3006530846;-1.2923994015;0;217.064498533;27.8609166624;20.1183150816;18.980720574;0
1990-08-30 12:00:00;35.7391610292;0.000156353849263;0.201417446045;0.0971047089596;-9.86213604773e-14;0.0;-1.33843637251;-1.49331317909;-2.00422647437;-1.32144913198;-1.30415512465;0;271.57340358;30.035082074;25.3426728557;24.2829274544;0
1990-08-30 14:00:00;35.120283926;0.000199564724252;0.211804439886;0.0922784084886;-5.53447844925e-14;0.0;-1.36859011045;-1.56463420365;-2.15084657789;-1.3486293977;-1.32580683528;4;265.935607047;32.0587438978;28.3022069033;27.4254041813;0
1990-08-30 16:00:00;31.4896436722;0.000175078108495;0.196278189133;0.0810609600269;-8.14385242963e-13;0.0;-1.39090690801;-1.56523010517;-2.11208276634;-1.37308024342;-1.35253801756;3;181.610497005;30.168858245;28.2944847779;27.7652190297;0
1990-08-30 18:00:00;17.6419917592;7.17933555907e-05;0.168651920081;0.0464166997326;-2.27632257381e-13;0.0;-1.39337700947;-1.46891440555;-1.76482156865;-1.38327439892;-1.37498067088;0;58.8816280272;24.7391294193;24.4881917156;24.0217342664;0
