time;An;E;Gs_max;Gs_mean;Gs_min;Irrigation;Psi_leaf_max;Psi_leaf_mean;Psi_leaf_min;Psi_soil;Psi_stem;Pthresh;Rg;Tleaf_max;Tleaf_mean;Tleaf_min;Tthresh
1990-07-31 20:00:00;-1.47071745335;3.45781645617e-18;2.33892270048e-13;3.97762497905e-15;-2.78133367398e-13;0.0;-0.505017673468;-0.509215258523;-0.513979062224;-0.5;-0.500489051995;0;0.0407209822936;13.5045342361;13.192673527;12.3166692615;0
1990-08-01 08:00:00;22.196974379;2.07362156683e-05;0.225215745243;0.0868673856887;-7.81228004352e-14;0.0;-0.508383367574;-0.528515010564;-0.610459166566;-0.500782683977;-0.500798431618;0;79.4362828369;17.0318237975;15.3785664983;14.9202439313;0
1990-08-01 10:00:00;31.299192534;8.76100973732e-05;0.323756032198;0.123962054345;0.000379445870784;0.0;-0.520118035097;-0.593048361881;-0.874780406641;-0.50410722595;-0.502579467909;0;206.205977082;27.2776924003;19.8657414559;19.0109704034;0
1990-08-01 12:00:00;37.2883904542;0.000189610654455;0.332037069441;0.153478563678;1.35070739541e-15;0.0;-0.540079380697;-0.692173219711;-1.21247075401;-0.511401698464;-0.50743074893;0;423.154848857;134.425364479;25.5079358937;23.9885521464;1
1990-08-01 14:00:00;40.5232389679;0.000275574292848;0.330542798297;0.161818623041;3.14247038803e-05;0.0;-0.561601519061;-0.779211049708;-1.48979514852;-0.522251009968;-0.516022157109;0;295.198963952;31.7952036753;28.0997911638;27.2691707353;0
1990-08-01 16:00:00;37.4139645927;0.000279257780037;0.329282769887;0.147436384342;-1.403125097e-12;0.0;-0.573271351075;-0.793861510535;-1.49774358113;-0.533554086984;-0.526943180887;0;219.485914884;31.0933521188;28.9236823324;28.1196919888;0
1990-08-01 18:00:00;26.0203791925;0.000171853208349;0.310576190597;0.10250699438;-1.89075618248e-14;0.0;-0.566865995039;-0.705328440282;-1.24437163672;-0.540669099954;-0.536639495976;0;95.3278050279;27.1628527185;26.6047941298;25.8877617191;0
1990-08-01 20:00:00;-1.4676578568;3.0036757169e-18;2.51450640492e-13;-1.96054194004e-15;-2.30331239831e-13;0.0;-0.545686773422;-0.549884358477;-0.554648162177;-0.540669099954;-0.541158151949;0;0.0476344100223;13.5210833718;13.2069184902;12.3246394255;0
1990-08-02 08:00:00;22.6370278263;2.66961290179e-05;0.225505811137;0.0878391086195;-1.86656144636e-13;0.0;-0.550084424279;-0.575068966194;-0.678285373765;-0.541785465483;-0.541562348502;0;82.4625992439;17.3379297032;15.5967436331;15.1353094481;0
1990-08-02 10:00:00;32.0275639513;0.000100692629274;0.323779129037;0.12536939331;0.000310142458272;0.0;-0.563507268515;-0.647693570564;-0.967215471667;-0.546023379964;-0.543799984613;0;212.76551564;28.2994098164;20.7280465696;19.8342266836;0
1990-08-02 12:00:00;36.8466432067;0.00017594221186;0.314001047046;0.149756532247;4.05263257471e-14;0.0;-0.580260921762;-0.721685844711;-1.16804207724;-0.553532896483;-0.549182501627;0;421.487709095;122.660514229;25.2998713469;23.7836708645;1
1990-08-02 14:00:00;40.3813068602;0.000272311507801;0.321053846024;0.157390136127;3.63385167767e-05;0.0;-0.603860911149;-0.821153578622;-1.51805148805;-0.565423867611;-0.558166684563;0;298.76662956;31.7580809648;27.9564424777;27.1149004536;0
1990-08-02 16:00:00;37.4425076874;0.000266127538464;0.319890038902;0.144009473448;-5.46665286996e-14;0.0;-0.614936059506;-0.827457479184;-1.49253979497;-0.577369323489;-0.569980642752;0;223.374063167;30.6378618618;28.2987714335;27.5382839231;0
1990-08-02 18:00:00;26.4526106381;0.000169514806023;0.299703821923;0.101843749559;-8.15925537846e-14;0.0;-0.610734681659;-0.748905497739;-1.27404188891;-0.585150523985;-0.580459696382;0;98.3837561077;26.7639796994;26.2351108418;25.5722072637;0
1990-08-02 20:00:00;-1.46618205338;2.91511990566e-18;2.53592524747e-13;8.85330419697e-17;-2.42174993222e-13;0.0;-0.590168197453;-0.594365782508;-0.599129586209;-0.585150523985;-0.58563957598;0;0.0407209822936;13.4614980136;13.1486107759;12.2716086058;0
1990-08-03 08:00:00;20.2030885083;1.347126869e-05;0.206343132356;0.0768430939156;-2.95500475402e-13;0.0;-0.592423880841;-0.607298432425;-0.664940452069;-0.585774755371;-0.585846782976;0;68.0665689383;15.7386404804;14.2757481213;13.8392142919;0
1990-08-03 10:00:00;30.9682920259;7.92199087488e-05;0.307767797111;0.119342057775;0.00038754950307;0.0;-0.604131800875;-0.672138699502;-0.928486333097;-0.58946330617;-0.587482806263;0;213.016959807;26.8548750819;19.0274767899;18.135517091;0
1990-08-03 12:00:00;39.3650712945;0.000178910752389;0.31011789177;0.153661226032;0.000331468880655;0.0;-0.624527961725;-0.770936954169;-1.31395669497;-0.597905923015;-0.592709679411;0;298.657294389;28.9396622596;24.125226424;23.1926501812;0
1990-08-03 14:00:00;40.0136907231;0.000243286348602;0.310332644319;0.15317440821;5.67248698088e-05;0.0;-0.644004606861;-0.840982655468;-1.48631021824;-0.609641724023;-0.602156238914;0;293.858692657;31.0100507109;27.184787894;26.3654819543;0
1990-08-03 16:00:00;36.972646323;0.000231264327784;0.307518234094;0.13996615685;-2.16967255322e-12;0.0;-0.653895173133;-0.841452386018;-1.44775924225;-0.621078240415;-0.613720791966;0;216.460595346;29.6460697461;27.3563924448;26.7150322352;0
1990-08-03 18:00:00;26.0678375762;0.00013285233181;0.288615033025;0.0990438348138;-3.85589850227e-13;0.0;-0.648635115874;-0.759196596875;-1.19605897832;-0.627775064383;-0.623637310713;0;95.4130505899;25.3669195192;25.0087846146;24.5424362899;0
1990-08-03 20:00:00;-1.46298722877;2.1627314489e-18;2.6269111266e-13;-8.70832094516e-17;-1.9509643395e-13;0.0;-0.632792737851;-0.636990322906;-0.641754126606;-0.627775064383;-0.628264116378;0;0.0407209822936;13.3809620644;13.0991451751;12.3034557349;0
1990-08-04 08:00:00;21.2812327862;2.05173922869e-05;0.20893776415;0.0801169491484;-7.10340237424e-15;0.0;-0.636278649748;-0.656934071732;-0.740165618045;-0.628817705461;-0.628584452967;0;74.8234499584;16.3903314937;14.8455960825;14.4178048326;0
1990-08-04 10:00:00;30.8235601631;8.04935419354e-05;0.301748212722;0.116452188122;0.000326591753564;0.0;-0.647598881271;-0.717439652976;-0.977779098299;-0.632930106198;-0.630564157255;0;206.238461655;27.0725164321;19.3312447327;18.4463212501;0
1990-08-04 12:00:00;39.2910931739;0.000179253118002;0.300689539674;0.149555568774;0.000317960168395;0.0;-0.668504100108;-0.816884637487;-1.35824351479;-0.642215224917;-0.636224044977;0;301.870179373;29.2213576955;24.1813392107;23.2000624104;0
1990-08-04 14:00:00;39.8716670426;0.000247502977004;0.303103938857;0.147827807538;4.14304795907e-05;0.0;-0.689667531658;-0.89200417912;-1.53536591131;-0.655330458484;-0.646590304336;0;299.523725981;31.2570607273;27.323039668;26.4772375355;0
1990-08-04 16:00:00;36.7064035146;0.000240779437872;0.303028366187;0.134059813062;-1.2276569918e-12;0.0;-0.701843836543;-0.898924974275;-1.51178209668;-0.668427399956;-0.659617044462;0;217.112034752;30.0709062936;27.7369365267;27.045172581;0
1990-08-04 18:00:00;26.210860211;0.000141550659395;0.277589528406;0.0964870387379;-2.25136111053e-14;0.0;-0.697857468341;-0.816722820743;-1.26616861661;-0.676286875277;-0.671158425151;0;97.3912220197;25.5779286077;25.1926084655;24.6815162954;0
1990-08-04 20:00:00;-1.43111465789;1.66025010234e-18;1.29562701422e-13;-2.38644781606e-15;-1.70836692859e-13;0.0;-0.681304548746;-0.6855021338;-0.690265937501;-0.676286875277;-0.676775927272;0;0.0407209822936;13.0674169301;12.7828877442;11.9910273233;0
1990-08-05 08:00:00;22.7215825186;2.2600060122e-05;0.210636283796;0.08436041875;-2.4583055858e-13;0.0;-0.685208795099;-0.707849045766;-0.800014434673;-0.677552888707;-0.677134730115;0;85.5206002845;17.0689425828;15.3022698093;14.8298511807;0
1990-08-05 10:00:00;31.021338253;8.7397977999e-05;0.291088925381;0.114325350554;0.000200348026607;0.0;-0.697769846851;-0.77412915579;-1.05340707614;-0.682478020559;-0.67943033186;0;204.70242073;27.3523721187;20.1136326056;19.2696557513;0
1990-08-05 12:00:00;38.7821913213;0.000173328009983;0.286465953257;0.143210296289;0.000260452058073;0.0;-0.717546883229;-0.862881785699;-1.38208596398;-0.692384858471;-0.68572581029;0;294.803354264;28.8752473882;24.0965319751;23.168246298;0
1990-08-05 14:00:00;39.3411550254;0.000235466588538;0.292558548943;0.141058578317;6.53153590706e-06;0.0;-0.738450830806;-0.933600891743;-1.55110450805;-0.70614672105;-0.696634957647;0;293.558411258;30.9868958624;27.0069660379;26.1556560083;0
1990-08-05 16:00:00;36.0976187176;0.000222774382165;0.289028104222;0.127731365336;3.5576470944e-14;0.0;-0.750204500998;-0.935312038987;-1.5151759051;-0.719497845421;-0.710210609009;0;210.614781448;29.5126266767;27.2308308636;26.584725906;0
1990-08-05 18:00:00;24.8372692222;0.000129669609766;0.263564059493;0.0886050605576;-2.61394815226e-13;0.0;-0.747250565332;-0.858106570369;-1.28166240854;-0.727421298263;-0.722076560248;0;89.2158769004;25.1792643244;24.8075333052;24.3153749387;0
1990-08-05 20:00:00;-1.49129964679;3.56018292634e-18;1.58503385717e-13;-1.68655399521e-16;-1.95112168332e-13;0.0;-0.732438971732;-0.736636556786;-0.741400360487;-0.727421298263;-0.727910350258;0;0.0407209822936;13.6534127966;13.3746539778;12.577980843;0
1990-08-06 08:00:00;22.1047422818;2.61481863975e-05;0.206703781907;0.0798520659707;4.13367375931e-14;0.0;-0.737034495932;-0.762883589007;-0.868232964279;-0.729032885887;-0.728332741399;0;79.4437934316;17.316358001;15.7752186767;15.3668776457;0
1990-08-06 10:00:00;31.0926516523;9.13583860856e-05;0.282632731808;0.111022131149;0.000152036973338;0.0;-0.750216656769;-0.830872900964;-1.12024988423;-0.734700349493;-0.730998777927;0;205.889228809;27.6851112222;20.4724646658;19.6211346706;0
1990-08-06 12:00:00;38.257106289;0.000180982468772;0.272081667607;0.135552593338;9.07251392546e-05;0.0;-0.771667596086;-0.925031667312;-1.4519403772;-0.74609890494;-0.738121324288;0;277.402271421;29.2006331043;24.8246169218;23.9436070544;0
1990-08-06 14:00:00;38.548740865;0.000235678503872;0.287453197138;0.132498777673;5.26127015387e-14;0.0;-0.792945236684;-0.990457890564;-1.59264974362;-0.761291478252;-0.750421106227;0;278.554929169;31.3074981022;27.6335810434;26.8478006024;0
1990-08-06 16:00:00;35.918948664;0.000219112178882;0.282659036056;0.12216646679;-2.79994379811e-13;0.0;-0.805405221033;-0.989949167516;-1.55680452177;-0.775781026708;-0.765362147913;0;213.142075555;29.9947750575;27.6653258528;27.0195289495;0
1990-08-06 18:00:00;24.5845466896;0.0001232866829;0.253937837495;0.0847091362084;-1.27247774869e-13;0.0;-0.802813928341;-0.909966702509;-1.31366762705;-0.784092550836;-0.778294498038;0;88.6395912492;25.5082540186;25.1540866051;24.6789214692;0
1990-08-06 20:00:00;-1.51041900042;2.3633594653e-18;1.41113966435e-13;1.28182372505e-15;-1.92524885765e-13;0.0;-0.789110224304;-0.793307809359;-0.79807161306;-0.784092550836;-0.784581602831;0;0.0303040803986;13.800672994;13.5054541766;12.6612923035;0
1990-08-07 08:00:00;22.2458192667;2.39320874023e-05;0.198934644859;0.0779667966718;-1.38565648171e-13;0.0;-0.793396343509;-0.817784442556;-0.916474008335;-0.785719440701;-0.784975550981;0;81.4420209838;17.3248730143;15.7213515007;15.2925441295;0
1990-08-07 10:00:00;30.5638921008;8.38802848703e-05;0.26954667188;0.105304178499;8.64962525889e-05;0.0;-0.805860761168;-0.881428274162;-1.14965562065;-0.791456546842;-0.78759021827;0;199.548394536;27.5260987702;20.2804327277;19.4252464441;0
1990-08-07 12:00:00;38.5250378515;0.000179609007;0.259000042375;0.130810803902;0.000129751970837;0.0;-0.828766405612;-0.983104650028;-1.50217760474;-0.80392664384;-0.794910585414;0;299.878390002;29.6765851376;24.9659283675;24.0332855193;0
1990-08-07 14:00:00;38.4224291679;0.000224019170394;0.273671895913;0.126415767969;-4.98645580069e-13;0.0;-0.849443405228;-1.04019462918;-1.62008456121;-0.819842735832;-0.808129414392;0;289.990882192;31.3456596721;27.3714780437;26.5295866498;0
1990-08-07 16:00:00;35.5771214224;0.000211155159223;0.27167619581;0.115480644127;-8.2969574578e-14;0.0;-0.863246518416;-1.04411155889;-1.60746582436;-0.835224249766;-0.823850369891;0;214.397323772;30.0064168941;27.6139926687;26.9727939557;0
1990-08-07 18:00:00;24.6322799419;0.000118690905222;0.237479662106;0.0809558923301;-1.34063374366e-13;0.0;-0.861848577392;-0.966746720337;-1.35637923705;-0.844036177104;-0.837700516961;0;90.0105830929;25.2290093097;24.9025576845;24.4503459935;0
1990-08-07 20:00:00;-1.51030301302;2.93319272467e-18;1.48866188765e-13;1.40801554579e-15;-1.34004255163e-13;27.7089931524;-0.849053850573;-0.853251435627;-0.858015239328;-0.610366905828;-0.844525229099;0;0.0407209822936;13.8676291853;13.5694659508;12.7156980695;0
1990-08-08 08:00:00;22.7152355436;2.61879125717e-05;0.221212713069;0.0864065859492;-1.9451217013e-13;0.0;-0.619805844719;-0.644890758169;-0.748236709284;-0.611650053501;-0.611262360978;0;83.1576663482;17.4551338638;15.7144176914;15.2510714618;0
1990-08-08 10:00:00;31.682462947;9.45053503692e-05;0.307721786475;0.120747955136;0.000196225127165;0.0;-0.63273844509;-0.713395749819;-1.01109487993;-0.616310021514;-0.613606638353;0;210.424697953;27.7628762496;20.4448555827;19.5780556848;0
1990-08-08 12:00:00;39.6612024313;0.000209572170147;0.302251381745;0.151041718993;0.00020565405532;0.0;-0.656897014334;-0.82850545894;-1.42481343623;-0.626810581768;-0.620059746326;0;297.7809187;29.9189490764;25.4105450891;24.4800799077;0
1990-08-08 14:00:00;39.7565721581;0.000276585231826;0.312761599099;0.147373898651;9.59799312012e-14;0.0;-0.679031321206;-0.903502046733;-1.59524199874;-0.641029697074;-0.631619492635;0;294.291801528;32.286376659;28.3683001809;27.4561185483;0
1990-08-08 16:00:00;36.617611542;0.000267643509518;0.307484466246;0.133784464045;-1.27200224088e-13;0.0;-0.691970473138;-0.909425757088;-1.56233308007;-0.655193162512;-0.645719508887;0;216.713127369;31.0049493021;28.7663842075;27.961474789;0
1990-08-08 18:00:00;25.0751975855;0.000144534327203;0.281984918937;0.0930424609865;-3.21638292108e-13;0.0;-0.68501445132;-0.805948085549;-1.26686166205;-0.663012120297;-0.657961083325;0;90.2392528685;26.0545241087;25.6295487335;25.069179682;0
1990-08-08 20:00:00;-1.49037343651;4.27486869315e-18;1.71596668382e-13;-2.82166193531e-15;-1.86807535143e-13;0.0;-0.668029793765;-0.67222737882;-0.676991182521;-0.663012120297;-0.663501172292;0;0.0476344100223;13.7204112112;13.4204226732;12.5670177368;0
1990-08-09 08:00:00;22.6168275354;2.93791029574e-05;0.216704787432;0.0842406865475;-1.76787512823e-14;0.0;-0.673081947991;-0.701102688562;-0.816465325145;-0.664616353883;-0.663965493323;0;82.3055437923;17.5610975862;15.9340489294;15.5126950076;0
1990-08-09 10:00:00;32.0428304452;9.96942954794e-05;0.302549558305;0.118867330073;0.00015335851822;0.0;-0.686901815327;-0.773005349792;-1.0842610707;-0.670098089386;-0.666682189351;0;214.626511559;28.5992544849;20.9475503489;20.0422194162;0
1990-08-09 12:00:00;39.4783309465;0.000201158999168;0.292355648102;0.146036146389;0.000151997646723;0.0;-0.70987911886;-0.877088532921;-1.45222294203;-0.681340133316;-0.673775570439;0;296.048172108;30.1906054712;25.6681771852;24.7441919015;0
1990-08-09 14:00:00;39.1395988764;0.000271229896823;0.305488242618;0.139650337133;-1.56616200813e-13;0.0;-0.733504253732;-0.956435601508;-1.62783479479;-0.696891803224;-0.686145628976;0;286.730328828;32.3110161997;28.5646969244;27.6645204567;0
1990-08-09 16:00:00;35.9126080354;0.000255391177199;0.294675738374;0.126309913381;-1.01847162034e-13;0.0;-0.746551361703;-0.957204117119;-1.58712501876;-0.711962228054;-0.701466621535;0;209.284618187;30.814315418;28.6176071663;27.8216431482;0
1990-08-09 18:00:00;24.2287033078;0.000153538430207;0.268139094957;0.0862878707175;-3.13584604148e-13;0.0;-0.74383124152;-0.873922978181;-1.35543379508;-0.72122790495;-0.714919477102;0;86.8659844573;26.7285207386;26.2173680644;25.4891541963;0
1990-08-09 20:00:00;-1.50821904875;3.61721416225e-18;1.81945285441e-13;-3.78171129456e-15;-1.71511700828e-13;0.0;-0.726245578419;-0.730443163473;-0.735206967174;-0.72122790495;-0.721716956945;0;0.0544493304395;13.9250394852;13.6306062159;12.7848309574;0
1990-08-10 08:00:00;22.5421325489;2.8652795967e-05;0.210964266914;0.0817425154423;-1.21997083376e-13;0.0;-0.731270710416;-0.759144407035;-0.873367173204;-0.722974460077;-0.722178847344;0;81.8097896795;17.6905845653;16.1037194324;15.6897289995;0
1990-08-10 10:00:00;31.4992709089;9.64310779689e-05;0.288873031422;0.112916875833;9.07872914496e-05;0.0;-0.745026939943;-0.829700037182;-1.13119736458;-0.728893278181;-0.725019205415;0;205.627965438;28.3040634336;21.0188248728;20.151844515;0
1990-08-10 12:00:00;38.9934903939;0.000196740149363;0.278304015618;0.138375196826;7.83123638567e-05;0.0;-0.76858115853;-0.934673721328;-1.49719409649;-0.741166841041;-0.732563463475;0;290.117171684;30.3949481996;25.784552059;24.8365698585;0
1990-08-10 14:00:00;38.5435790135;0.000273298306113;0.297243668536;0.130959474238;-3.54954245599e-13;0.0;-0.794640792679;-1.02225375381;-1.68689480519;-0.758668830388;-0.746094039147;0;286.266494664;32.8531142098;29.0589638566;28.1150628965;0
1990-08-10 16:00:00;35.2473764043;0.000274314738872;0.285900578949;0.117020195696;-7.38949258039e-14;0.0;-0.812621435392;-1.0417338613;-1.70479748312;-0.776783378372;-0.763638609955;0;211.781186393;32.1144634375;29.9041440459;28.9888277244;0
1990-08-10 18:00:00;24.2776060562;0.000153292522202;0.253468574559;0.082493049754;-4.30849893024e-14;0.0;-0.809185331999;-0.94119416012;-1.41733581029;-0.787152915823;-0.77979059703;0;88.6633938238;27.1367368642;26.6440664661;25.9227988646;0
1990-08-10 20:00:00;-1.45144814449;2.67116657744e-18;1.32161650504e-13;-4.73553188594e-16;-1.65222004165e-13;0.0;-0.792170589292;-0.796368174346;-0.801131978047;-0.787152915823;-0.787641967818;0;0.0613140694382;13.3774357934;13.1058496226;12.3362279794;0
1990-08-11 08:00:00;23.2731651296;2.87244484648e-05;0.203705539827;0.0814309473714;-3.63112268466e-13;0.0;-0.797320191639;-0.825776030239;-0.942131353433;-0.789116097667;-0.78811528648;0;88.753350539;17.9875307363;16.0856208282;15.5888085103;0
1990-08-11 10:00:00;31.665030768;9.77387580065e-05;0.275886793899;0.108512660391;6.12745497305e-05;0.0;-0.811779978725;-0.899006656547;-1.20251299657;-0.795844239306;-0.791217022079;0;214.437579454;28.6874765161;21.124451586;20.2473087834;0
1990-08-11 12:00:00;38.4357503942;0.000188752897652;0.26419998814;0.129555543022;2.0011917844e-05;0.0;-0.834859435292;-0.99678581604;-1.52630088943;-0.80905142932;-0.799453797485;0;288.28908765;30.3022435655;25.7709152837;24.8460224132;0
1990-08-11 14:00:00;38.2319312765;0.000248253647013;0.282386511083;0.124330288148;3.56023841346e-14;0.0;-0.859043604486;-1.06968875162;-1.68258164124;-0.826861850079;-0.813663128074;0;289.912477123;32.8105056501;28.909862269;28.0409614184;0
1990-08-11 16:00:00;34.9805044855;0.000245828980867;0.272362999051;0.111091672473;1.84663036603e-14;0.0;-0.876691049344;-1.08592471801;-1.68662850877;-0.845007019048;-0.831457022928;0;212.425830519;31.9022715314;29.5555039361;28.7368113767;0
1990-08-11 18:00:00;23.9967687045;0.000142454478352;0.239223813822;0.0777412423516;-5.01735414588e-14;0.0;-0.87603132522;-1.00127481042;-1.45357671532;-0.855760670175;-0.847888870823;0;88.5133495728;27.4294296602;26.9633079352;26.2818613572;0
1990-08-11 20:00:00;-1.4501372439;1.57826051156e-18;1.19936963164e-13;-2.41674650972e-15;-1.13329035429e-13;0.0;-0.860778343643;-0.864975928697;-0.869739732398;-0.855760670175;-0.85624972217;0;0.0303040803986;13.1965619983;12.9092207364;12.1055915136;0
1990-08-12 08:00:00;21.4168283042;2.12633825136e-05;0.18425183262;0.0713912996347;-3.47565848321e-13;0.0;-0.864675711238;-0.887221424885;-0.977502744025;-0.857381131659;-0.856608005042;0;76.9890980591;16.9674937609;15.2933366555;14.8306330639;0
1990-08-12 10:00:00;31.3388869273;8.67864013975e-05;0.259199155254;0.102332173753;7.20446044227e-05;0.0;-0.878412638309;-0.957840147859;-1.2310110327;-0.864036815218;-0.859333536611;0;220.174508738;28.6228221177;20.4648782583;19.5080854038;0
1990-08-12 12:00:00;38.1703783713;0.000181182018485;0.248507806934;0.121619568811;2.18884669365e-05;0.0;-0.902395226282;-1.06085545875;-1.58071808662;-0.878151075811;-0.867588203496;0;300.427664261;30.5463300643;25.6381858956;24.6544364519;0
1990-08-12 14:00:00;37.6631409752;0.000235344540304;0.265943256005;0.115798397185;2.88552560813e-15;0.0;-0.926740150139;-1.13023532868;-1.72308923558;-0.896938424236;-0.882636533532;0;291.969210304;32.8834979478;28.9410909574;28.1001361451;0
1990-08-12 16:00:00;34.3359984199;0.00022931564803;0.255383517698;0.103123028976;9.53133192303e-15;0.0;-0.944682499614;-1.14362670568;-1.71411161667;-0.915753449251;-0.90134482603;0;210.553260262;31.923355489;29.6101391461;28.8514706214;0
1990-08-12 18:00:00;23.783845621;0.000130802427121;0.220536894709;0.0725931501111;-4.55412645443e-14;0.0;-0.945186158669;-1.06259956547;-1.48057548615;-0.926717223726;-0.918489728584;0;88.5133495728;27.1166865932;26.7101708503;26.1177623352;0
1990-08-12 20:00:00;-1.44187757109;1.87770565043e-18;1.38231715852e-13;4.25470624702e-16;-1.1999146172e-13;0.0;-0.931734897195;-0.935932482249;-0.94069628595;-0.926717223726;-0.927206275721;0;0.0303040803986;13.1335157111;12.8336851222;12.0010729044;0
1990-08-13 08:00:00;20.5022210417;1.89375164076e-05;0.171436288116;0.0645883758038;-5.09718806822e-14;0.0;-0.935285705569;-0.956180439991;-1.03881148646;-0.92831875845;-0.927532655908;0;71.1794335873;16.8183299008;15.4102707285;15.0087201419;0
1990-08-13 10:00:00;30.4583399204;7.62850147724e-05;0.238482526651;0.0939105585942;5.97648190741e-06;0.0;-0.947733059879;-1.0193571442;-1.26330639732;-0.934806930566;-0.930123418231;0;209.59746585;28.023844375;20.2351277537;19.3156480844;0
1990-08-13 12:00:00;37.2799304571;0.000158650173948;0.229316088447;0.11250264085;4.85031564388e-14;0.0;-0.969659226871;-1.11170000202;-1.58496145704;-0.948491570858;-0.938038253713;0;290.164939604;30.1456532321;25.2078591428;24.2496809806;0
1990-08-13 14:00:00;36.6803365964;0.000209967016117;0.245883952063;0.106644418114;-6.09613211841e-14;0.0;-0.993228877157;-1.17877869698;-1.72953615625;-0.967008447973;-0.952626007457;0;276.262930422;32.3907514928;28.575565941;27.776667087;0
1990-08-13 16:00:00;33.589136784;0.000215831665447;0.237258662652;0.0948416947677;-7.04781070634e-14;0.0;-1.01311404383;-1.20387002385;-1.74737790441;-0.986538596169;-0.971266456709;0;208.810598051;31.949997543;29.6829858615;28.9738481969;0
1990-08-13 18:00:00;23.024763328;0.000122569809656;0.202451090053;0.0659163999928;7.83228950979e-15;0.0;-1.01493143116;-1.12730065345;-1.52685821776;-0.997859780125;-0.989180469483;0;86.016706661;27.2232353541;26.8439818046;26.2719420776;0
1990-08-13 20:00:00;-1.50414839843;1.89743923914e-18;1.08732659322e-13;-5.02522314126e-16;-9.76340383985e-14;0.0;-1.00287745359;-1.00707503865;-1.01183884235;-0.997859780125;-0.99834883212;0;0.0476344100223;13.863769448;13.5572084391;12.6820732048;0
1990-08-14 08:00:00;20.8580501825;1.99057091023e-05;0.157671254348;0.0617565226005;-2.62789432201e-14;0.0;-1.00669514209;-1.02880631681;-1.11562226125;-0.999714392762;-0.998699582006;0;75.9053651171;16.810732275;15.3057262223;14.8933520571;0
1990-08-14 10:00:00;29.9507686221;7.31212916324e-05;0.217936163926;0.0863600044723;-1.04213230097e-13;0.0;-1.01884057925;-1.08888809781;-1.32450027282;-1.00656593256;-1.00149280518;0;212.670701413;27.7557866466;19.9184677608;18.9881958143;0
1990-08-14 12:00:00;36.4423531391;0.000147595433235;0.208864862809;0.102705422791;-1.11053745565e-13;0.0;-1.03995233444;-1.17468813799;-1.61635576657;-1.02058404726;-1.0096635742;0;292.078337514;29.8958039401;24.8122698408;23.8421997298;0
1990-08-14 14:00:00;36.1490660426;0.000193716730704;0.223332825323;0.0982985459243;-3.0320530974e-14;0.0;-1.06305153956;-1.2377966248;-1.75793071187;-1.03937283278;-1.02451199991;0;284.793209796;32.0747901462;28.0376712149;27.2030897926;0
1990-08-14 16:00:00;33.08709183;0.000184223633183;0.21576997488;0.0879781386136;-4.78159564656e-14;0.0;-1.08022678759;-1.24716813229;-1.74060127731;-1.05766292887;-1.0431509634;0;205.447490872;30.8340111194;28.4842647582;27.8835080246;0
1990-08-14 18:00:00;22.2842853605;9.98717108221e-05;0.182417137447;0.0598230377493;-3.42927474449e-14;0.0;-1.0821386725;-1.17648155616;-1.5242210254;-1.06775462859;-1.05994456673;0;81.8489705719;25.768924901;25.4689611097;25.0427047567;0
1990-08-14 20:00:00;-1.40218463892;8.95791035107e-19;7.90626498877e-14;4.556984067e-17;-6.12216524142e-14;27.6880607735;-1.07277230206;-1.07696988712;-1.08173369082;-0.754726690023;-1.06824368059;0;0.0476344100223;12.8287188797;12.5375819028;11.7380216596;0
1990-08-15 08:00:00;20.849729694;1.96754787209e-05;0.195607413314;0.0740370653172;-2.43762504762e-14;0.0;-0.763234330097;-0.783881578579;-0.866423071027;-0.755998768129;-0.755536483603;0;72.2297545411;16.4649875896;15.0272385588;14.6228169338;0
1990-08-15 10:00:00;31.0065620727;8.04190116084e-05;0.275058225522;0.109418822664;0.000134874826166;0.0;-0.775382662532;-0.847274869677;-1.09993493032;-0.761227341821;-0.757799548956;0;209.995195103;27.3415210066;19.6545229927;18.7279890524;0
1990-08-15 12:00:00;38.5892154652;0.000174077460093;0.266420284186;0.134620247079;0.00017824739418;0.0;-0.797227581322;-0.946001708662;-1.45903065153;-0.772708291869;-0.764561463591;0;297.930943078;29.390660064;24.5689828053;23.6256551997;0
1990-08-15 14:00:00;38.6734715255;0.000239171598877;0.283968249813;0.129939740938;2.98664133691e-13;0.0;-0.820544167254;-1.02206065359;-1.6249562489;-0.788854542743;-0.777121888432;0;290.864149826;31.7291892242;27.9022173713;27.0838378955;0
1990-08-15 16:00:00;35.2790339838;0.000234878002893;0.275111198496;0.11605946364;-2.4053620366e-13;0.0;-0.836167164078;-1.03458139729;-1.6200934897;-0.805143043127;-0.793218226479;0;208.00912682;30.6175163307;28.4373306662;27.7178385162;0
1990-08-15 18:00:00;23.8361883366;0.00012672760673;0.245291191122;0.0800112300141;-1.31451358296e-13;0.0;-0.833000841204;-0.943824308373;-1.35555430173;-0.814114361544;-0.807733227005;0;85.1196001239;25.7667862681;25.3895055361;24.8663167285;0
1990-08-15 20:00:00;-1.42155923506;1.72035987743e-18;1.89486342526e-13;1.84179540734e-15;-1.57117127578e-13;0.0;-0.819132035012;-0.823329620067;-0.828093423767;-0.814114361544;-0.814603413539;0;0.0613140694382;13.1198512176;12.8242310486;12.0032431791;0
1990-08-16 08:00:00;22.3832424848;2.29425510396e-05;0.194137880985;0.0770136833596;1.17620319496e-14;0.0;-0.82328185076;-0.84703096238;-0.942890944469;-0.815752469913;-0.814984808393;0;83.3633642929;17.3134047563;15.5998385541;15.1382619686;0
1990-08-16 10:00:00;31.6972933726;8.83522602424e-05;0.267591051597;0.10708947613;7.4534945804e-05;0.0;-0.836865691111;-0.916599907529;-1.19116763;-0.822101277336;-0.817711327667;0;220.877084664;28.2591410867;20.5461180374;19.6297671378;0
1990-08-16 12:00:00;38.373751248;0.000181637584701;0.256829178599;0.12697784462;4.90551260984e-05;0.0;-0.860103140937;-1.01732252708;-1.53951023844;-0.835357761534;-0.82561902958;0;295.246780871;30.1826053713;25.5028545339;24.5659684099;0
1990-08-16 14:00:00;37.9587332605;0.000243750862359;0.274918925953;0.120526960651;7.84337598171e-14;0.0;-0.884904982931;-1.09307971278;-1.69611797511;-0.853590328211;-0.8399294414;0;289.172355873;32.5705236352;28.7237147475;27.8716444868;0
1990-08-16 16:00:00;34.5343246834;0.000239443636142;0.262072558091;0.106997872607;-8.07380412246e-14;0.0;-0.902622046568;-1.10807134166;-1.71005551506;-0.872010829754;-0.858113516016;0;207.13246047;31.3705906767;29.2466355598;28.4840876939;0
1990-08-16 18:00:00;22.9823063894;0.000124709257197;0.230849732358;0.0732064843153;-8.04746264245e-14;0.0;-0.899977432278;-1.01099029852;-1.41797842348;-0.881810921454;-0.874612789351;0;82.2206296326;26.4760876925;26.0838000998;25.5022259457;0
1990-08-16 20:00:00;-1.46054288366;1.95058619024e-18;1.53993940972e-13;2.59698566541e-15;-1.82700179964e-13;0.0;-0.886828594922;-0.891026179976;-0.895789983677;-0.881810921454;-0.882299973449;0;0.0476344100223;13.4105672896;13.1220701616;12.3084943669;0
1990-08-17 08:00:00;21.4595671565;1.89953435582e-05;0.177873772602;0.0702824542841;-1.3689975142e-13;0.0;-0.890340568348;-0.911077741406;-0.99338725896;-0.883316264614;-0.882622722846;0;78.7931173701;16.7042900509;15.0021185744;14.5318158134;0
1990-08-17 10:00:00;31.1507600559;8.51339975152e-05;0.248591597032;0.0995190756914;7.39918748456e-05;0.0;-0.904183646343;-0.982442448128;-1.24709039006;-0.890104412725;-0.885252781086;0;222.533106032;27.9412142539;20.0962480538;19.158524376;0
1990-08-17 12:00:00;37.4264186963;0.000159795028215;0.2337301023;0.117335846929;6.93692081225e-05;0.0;-0.924758413889;-1.06596023515;-1.53328692645;-0.903031005028;-0.893316767371;0;294.677276932;29.3112268369;24.4298367662;23.4862741296;0
1990-08-17 14:00:00;37.3940879511;0.000206894003202;0.250486690872;0.113263075139;2.20228493802e-13;0.0;-0.946637364014;-1.12753066962;-1.67281836355;-0.920134962669;-0.907061009263;0;284.660078099;31.1920255913;27.3713670174;26.5733557145;0
1990-08-17 16:00:00;34.3571309976;0.000196931867323;0.244387439054;0.102117649493;-2.47343815508e-13;0.0;-0.962096560979;-1.13523493067;-1.66495733287;-0.93681114376;-0.92401265716;0;206.56625452;30.0009354798;27.742497756;27.1411386082;0
1990-08-17 18:00:00;22.6331495405;0.000102742572845;0.210490999187;0.0683717449627;-9.99391401773e-14;0.0;-0.961124247725;-1.05510039967;-1.4086898063;-0.945668474661;-0.939076950964;0;80.1230800457;24.955747833;24.6531304345;24.235378072;0
1990-08-17 20:00:00;-1.39407943295;1.49781841596e-18;8.08340348038e-14;-5.74185578085e-16;-9.63115738655e-14;0.0;-0.950686148129;-0.954883733184;-0.959647536885;-0.945668474661;-0.946157526656;0;0.0544493304395;12.7693449437;12.4912319165;11.7260859071;0
1990-08-18 08:00:00;17.9387483243;1.11411852298e-05;0.155689204813;0.0552809230443;-1.1513192779e-12;0.0;-0.952791155699;-0.966892099292;-1.01950238078;-0.94663551826;-0.946350681648;0;57.2512421623;15.0937048529;13.9574742552;13.5949278489;0
1990-08-18 10:00:00;28.8595651478;5.89353779609e-05;0.220212689817;0.0880220699893;2.21868877466e-05;0.0;-0.962846816895;-1.01941941423;-1.21229028964;-0.95177263015;-0.948146775985;0;195.372205765;25.7754576582;18.3590857767;17.442262494;0
1990-08-18 12:00:00;36.2522572292;0.000131494168487;0.214572162348;0.108845544016;5.49805482165e-05;0.0;-0.98163172403;-1.10090001437;-1.51381536359;-0.963366502424;-0.95454649975;0;282.286349296;28.3163203231;23.2981416805;22.3252491179;0
1990-08-18 14:00:00;36.6893305241;0.000188796236337;0.233255392395;0.105720721878;-1.12606732444e-13;0.0;-1.00424995358;-1.17247464773;-1.68646776098;-0.980337950752;-0.967148431789;0;278.868878763;30.9576303113;27.0476316903;26.2414486913;0
1990-08-18 16:00:00;33.639006972;0.000176549023269;0.226010665915;0.0951745253221;-3.80167338544e-14;0.0;-1.01908998965;-1.17715385326;-1.65913648034;-0.996564101069;-0.983922430236;0;201.249174323;29.5287213518;27.276867698;26.7280020017;0
1990-08-18 18:00:00;22.0742393693;9.2978237584e-05;0.195730552923;0.0632732580374;-7.13182700028e-14;0.0;-1.01936312857;-1.10622741637;-1.43497294544;-1.00525086422;-0.998691153477;0;78.0288961242;24.6779112241;24.4085922079;24.0312055127;0
1990-08-18 20:00:00;-1.38626874061;8.63516323459e-19;6.75970473839e-14;6.57586901248e-16;-7.86519609042e-14;0.0;-1.01026853768;-1.01446612274;-1.01922992644;-1.00525086422;-1.00573991621;0;0.0476344100223;12.6306825923;12.3614158113;11.6228893478;0
1990-08-19 08:00:00;18.3675349667;1.22081518904e-05;0.14898729764;0.0537469154333;-6.88980489409e-13;0.0;-1.01261691022;-1.02785709311;-1.08545520585;-1.00639879424;-1.00595551576;0;60.0548420513;15.6026029063;14.3880765702;14.0077274616;0
1990-08-19 10:00:00;28.9321760786;5.82451589669e-05;0.209202861616;0.0834679233534;5.79571319568e-13;0.0;-1.02268680397;-1.07947759914;-1.27073489618;-1.01189924945;-1.00791696409;0;197.261503853;26.2672395223;18.8929646548;17.9813432803;0
1990-08-19 12:00:00;35.8110518978;0.00012763812674;0.200938267774;0.101608035807;-6.90596411818e-13;0.0;-1.04148133702;-1.15908098897;-1.56029781132;-1.0240911782;-1.01464773911;0;279.499845226;28.5594551342;23.736063179;22.8065844278;0
1990-08-19 14:00:00;35.9135859198;0.00016355642983;0.213884069776;0.0987115905178;-2.47084850292e-12;0.0;-1.06074883546;-1.20959622557;-1.6752815801;-1.03999651102;-1.02748659414;0;271.740651157;30.1802802793;26.3645871443;25.6079179175;0
1990-08-19 16:00:00;32.9994522164;0.000152638448082;0.208313117863;0.0890631813896;-6.11250150843e-14;0.0;-1.0747049523;-1.21432614025;-1.65101300278;-1.05513292461;-1.0432110114;0;197.381404287;28.8188384937;26.5717347129;26.0923601889;0
1990-08-19 18:00:00;20.9020710973;7.34163324588e-05;0.181300288968;0.0571502199846;-6.64474087893e-14;0.0;-1.07443490529;-1.14507002913;-1.41630167644;-1.06251597578;-1.05693861557;0;72.2546578346;23.8584400854;23.6477463198;23.3493664682;0
1990-08-19 20:00:00;-1.37419279121;5.82618740634e-19;5.66675969031e-14;-8.22370540929e-16;-8.03037039288e-14;0.0;-1.06753364925;-1.07173123431;-1.07649503801;-1.06251597578;-1.06300502778;0;0.0717060124982;12.6816118252;12.4006930777;11.6321701812;0
1990-08-20 08:00:00;17.221046543;9.11555800181e-06;0.136668845824;0.0476228243094;-2.72496551032e-13;0.0;-1.06932073736;-1.08191652729;-1.12749112907;-1.06343738641;-1.06316884159;0;54.4374626805;15.1676997438;14.1522669629;13.8154743753;0
1990-08-20 10:00:00;28.9584077427;5.49909496488e-05;0.197329685173;0.0791726441777;5.22133990546e-13;0.0;-1.07928187519;-1.13397037014;-1.31586970932;-1.06901816929;-1.06491506727;0;205.270610145;26.7800716785;18.9200607748;17.9349798583;0
1990-08-20 12:00:00;35.4548619003;0.000117422271649;0.187699809102;0.0955511040764;-3.56704062562e-13;0.0;-1.0970116597;-1.20736353344;-1.58952603514;-1.08106372867;-1.07162215573;0;285.768493841;28.9583622165;23.6672946797;22.6115063552;0
1990-08-20 14:00:00;35.5099514797;0.000158831191798;0.201965457639;0.0925229515886;-1.06923584577e-13;0.0;-1.11733259168;-1.26409957807;-1.72034671343;-1.09764134098;-1.08442425024;0;277.528497767;30.8213569562;26.8957818817;26.1265281435;0
1990-08-20 16:00:00;32.6712924239;0.000151217408865;0.19802665229;0.0833159388411;2.36283180418e-15;0.0;-1.13257856913;-1.27310899431;-1.71511359871;-1.11373474071;-1.10087776244;0;202.234899697;29.5732861936;27.1955116926;26.6984604114;0
1990-08-20 18:00:00;21.2938280088;7.78417871042e-05;0.169177797927;0.0545993854335;-3.92545200301e-14;0.0;-1.13416862833;-1.20988034387;-1.49580552502;-1.12213956372;-1.11564456435;0;76.4291869414;24.6745535189;24.4421004323;24.1158207774;0
1990-08-20 20:00:00;-1.39355024227;4.23611207203e-19;4.82651902996e-14;-1.16559407306e-15;-4.89960372372e-14;0.0;-1.12715723719;-1.13135482224;-1.13611862594;-1.12213956372;-1.12262861571;0;0.0613140694382;12.8287463328;12.5377208117;11.7387532918;0
1990-08-21 08:00:00;20.0147425446;1.28347484599e-05;0.133272471195;0.0525434498291;-2.23689167555e-14;0.0;-1.12971403087;-1.14593857396;-1.20770891715;-1.12353333437;-1.12286341998;0;73.6008063822;16.5192887373;14.8510651426;14.368387828;0
1990-08-21 10:00:00;29.8822446844;6.39115417042e-05;0.190067181714;0.0765016244774;-1.16707805654e-13;0.0;-1.14135667665;-1.20502016481;-1.41211139675;-1.13050754433;-1.12519225619;0;229.856448973;28.7171152565;19.927578313;18.8290034011;0
1990-08-21 12:00:00;35.1597799792;0.000128526844233;0.179057557145;0.0882328585802;-7.25313685316e-14;0.0;-1.16114923403;-1.28303457431;-1.68724171042;-1.14470519308;-1.13335449457;0;291.276847021;30.2154488158;24.9589448078;23.9396979957;0
1990-08-21 14:00:00;34.4408176108;0.000167990080988;0.190310651059;0.0835973682289;7.89918498433e-15;0.0;-1.1834071947;-1.34064554987;-1.8152434551;-1.16361603091;-1.14828939281;0;274.851079862;32.2389765525;28.1733393728;27.3522662165;0
1990-08-21 16:00:00;31.4233046214;0.000169048251434;0.183770560425;0.074201561313;-3.95525245234e-13;0.0;-1.20273930613;-1.3614647482;-1.83891727145;-1.183060839;-1.16723708543;0;202.326820475;31.4841046698;29.1711654424;28.6023689466;0
1990-08-21 18:00:00;19.9211397403;8.35519073324e-05;0.155669684097;0.0474920036095;-9.26203888944e-14;0.0;-1.20494767595;-1.28732167044;-1.59550401395;-1.19282853546;-1.18510633571;0;72.8004497661;26.2260542056;25.9413687538;25.4810883201;0
1990-08-21 20:00:00;-1.43117439861;6.03179513358e-19;4.5805648849e-14;-6.17606725266e-16;-4.69008880354e-14;21.5531605785;-1.19784620893;-1.20204379398;-1.20680759768;-0.899443475574;-1.19331758745;0;0.0955244917381;13.4446402569;13.1403584037;12.2867471964;0
1990-08-22 08:00:00;20.6689670558;1.6219221e-05;0.174612400652;0.0667397647364;-9.07269366048e-14;0.0;-0.90747652401;-0.925882420737;-0.998147607366;-0.90076233253;-0.900209657289;0;72.6659600582;16.5767352613;15.0594585328;14.6226598668;0
1990-08-22 10:00:00;31.1291486137;8.04388101323e-05;0.24431664849;0.0982418362096;4.17489645435e-05;0.0;-0.920850456516;-0.995252862452;-1.24404111433;-0.907340688272;-0.902626617312;0;217.704739406;27.8422785507;20.1906803964;19.252491984;0
1990-08-22 12:00:00;37.3499292864;0.000163154374537;0.23631355213;0.11536090954;-1.62280993148e-12;0.0;-0.942791187659;-1.08742779349;-1.56095239563;-0.920877829598;-0.910625581465;0;284.806704117;29.7966864908;25.2818920964;24.3988127343;0
1990-08-22 14:00:00;37.0922465323;0.000212004955211;0.250882068929;0.110477633674;-5.34362889469e-14;0.0;-0.965660678634;-1.15167385356;-1.7061189507;-0.938865670544;-0.925015893499;0;280.042000892;31.9866603179;28.1770783627;27.3781490566;0
1990-08-22 16:00:00;33.6990844076;0.000199885832449;0.235945592289;0.0983275119422;-1.51425578687e-13;0.0;-0.981608528715;-1.15786888739;-1.68315204727;-0.95624854124;-0.9428145427;0;198.626373965;30.5127724389;28.4063720919;27.781815187;0
1990-08-22 18:00:00;21.2268482721;0.000100725977404;0.209744999148;0.0635070063068;-2.18864332568e-14;0.0;-0.980278283481;-1.07297248509;-1.4220893566;-0.965167744371;-0.958490088811;0;73.8780760774;25.8196026915;25.478305256;24.9469387823;0
1990-08-22 20:00:00;-1.4503453661;1.3957726879e-18;9.92328194234e-14;4.51810920125e-16;-9.21494609053e-14;0.0;-0.970185417839;-0.974383002894;-0.979146806595;-0.965167744371;-0.965656796366;0;0.0544493304395;13.3555555302;13.0650614231;12.2484390271;0
1990-08-23 08:00:00;20.402047961;1.92332462353e-05;0.164289122624;0.062131161909;-6.22964966502e-14;0.0;-0.973835361039;-0.995182784752;-1.0794408523;-0.966883193341;-0.965992285441;0;71.2460947123;16.8356379052;15.380793376;14.9662921217;0
1990-08-23 10:00:00;30.7824486232;7.74692973937e-05;0.230092001552;0.091543933365;-5.54360855466e-14;0.0;-0.986719666455;-1.05974903751;-1.30067069024;-0.973833355457;-0.968724491173;0;212.364120424;28.2394709924;20.5520721047;19.6081894562;0
1990-08-23 12:00:00;36.9869418366;0.00015322367791;0.220864195933;0.10786594434;-9.2544374253e-13;0.0;-1.00801039791;-1.14674974553;-1.60894306582;-0.987773474031;-0.97700329379;0;290.778965139;30.308313326;25.3455624321;24.3918406232;0
1990-08-23 14:00:00;36.4833710185;0.00019949788922;0.232549852097;0.102301398377;-1.42440413125e-13;0.0;-1.03098052551;-1.20928873471;-1.73984281369;-1.00631747673;-0.991768583993;0;283.326633133;32.0247705374;28.0826419474;27.2640536344;0
1990-08-23 16:00:00;33.1542667078;0.000183003446756;0.219599870883;0.0912633347403;2.42340181673e-14;0.0;-1.0465820585;-1.21118593374;-1.70472507;-1.02373082078;-1.01004098073;0;198.469576279;30.4188750553;28.2457358168;27.6733137603;0
1990-08-23 18:00:00;19.9915489718;8.95457828197e-05;0.189742058713;0.0563929735746;-3.78605915311e-12;0.0;-1.04599255441;-1.13040599051;-1.44946636099;-1.03239511619;-1.02581058824;0;68.932716483;25.6103819897;25.2917189986;24.7692475947;0
1990-08-23 20:00:00;-1.43768932123;1.07958936427e-18;7.3635798367e-14;6.75493118754e-16;-9.37900197325e-14;0.0;-1.03741278965;-1.04161037471;-1.04637417841;-1.03239511619;-1.03288416818;0;0.0544493304395;13.2308121939;12.9396646933;12.1257331155;0
1990-08-24 08:00:00;19.285580097;1.31167587033e-05;0.14873150937;0.0552076011846;5.1252668404e-15;0.0;-1.03995566554;-1.05611532959;-1.11781472693;-1.03367231741;-1.03311774603;0;65.5902942126;16.2911525441;14.9143344391;14.4964947423;0
1990-08-24 10:00:00;30.7125370146;6.96767618345e-05;0.213223105156;0.0862040606336;-8.15310311323e-13;0.0;-1.05229140568;-1.11962090094;-1.33954491431;-1.04049163613;-1.03540281777;0;225.818490747;28.3748509299;20.1826928889;19.1546961689;0
1990-08-24 12:00:00;36.2307578888;0.000141129058094;0.201935227103;0.0992323442298;4.96925874052e-14;0.0;-1.07290958636;-1.2031637263;-1.63326202099;-1.0544854411;-1.04350093015;0;292.84228875;30.122411999;25.0058707936;24.0352061532;0
1990-08-24 14:00:00;35.6399826077;0.000191003271133;0.214553276641;0.0936514784246;-9.38878965249e-14;0.0;-1.09680679755;-1.27057307319;-1.78449032663;-1.07381940851;-1.05840034276;0;282.814823836;32.195314474;28.1761251036;27.3464583344;0
1990-08-24 16:00:00;32.3806084466;0.000176581726283;0.202587000008;0.0831883429445;-2.21192033105e-15;0.0;-1.11354055894;-1.27523701488;-1.75666244856;-1.09210825666;-1.07749404881;0;198.17611173;30.5232380881;28.2718785003;27.6938644894;0
1990-08-24 18:00:00;20.5145222213;8.01136204111e-05;0.173950680151;0.0538130353211;-4.19378379746e-14;0.0;-1.11288090761;-1.19021747578;-1.48216909116;-1.10054019432;-1.09405015437;0;72.0022484237;24.8373607932;24.5865911651;24.229487098;0
1990-08-24 20:00:00;-1.37154958312;6.45463510604e-19;9.76369071048e-14;8.3853504658e-16;-6.54595937704e-14;0.0;-1.10555786779;-1.10975545284;-1.11451925654;-1.10054019432;-1.10102924632;0;0.0407209822936;12.44312814;12.1670430687;11.4184063132;0
1990-08-25 08:00:00;19.6410175464;1.33825363912e-05;0.134770556072;0.0525958286471;-2.73857916029e-14;0.0;-1.10820750182;-1.12484765512;-1.18794619472;-1.10195699753;-1.10127250435;0;70.7407852939;16.1710985294;14.6328590964;14.1876070354;0
1990-08-25 10:00:00;29.9332604618;6.69563849469e-05;0.193146483823;0.0782154117618;-1.74622083889e-12;0.0;-1.12031649448;-1.18623686071;-1.39892838231;-1.10908159892;-1.10366382567;0;228.468428284;28.2710975313;19.627314953;18.5308953314;0
1990-08-25 12:00:00;35.1960774626;0.000130608418125;0.181812631358;0.0899490948642;-1.63336603148e-13;0.0;-1.13997910396;-1.26295633737;-1.66811320145;-1.1231535917;-1.11195156477;0;290.567356248;29.6937927012;24.5487453932;23.5593749159;0
1990-08-25 14:00:00;34.6100852229;0.000179703490869;0.195674130831;0.0850166250335;-4.50193859003e-14;0.0;-1.16398842991;-1.33056106312;-1.82308315444;-1.142899559;-1.12693269229;0;277.954792722;32.0566626723;28.189606964;27.3983810343;0
1990-08-25 16:00:00;31.7742679801;0.000159972478799;0.185844989931;0.0765425300158;-3.74776447064e-14;0.0;-1.17999822659;-1.32965563222;-1.78072686083;-1.16086135955;-1.14633440601;0;199.39027044;30.1383881343;27.8328105457;27.3012321075;0
1990-08-25 18:00:00;19.9413022188;7.74224107292e-05;0.156697410448;0.0485161735919;-6.82753736025e-13;0.0;-1.18141374139;-1.25763815142;-1.54419521916;-1.16968711443;-1.1627833237;0;70.8596964111;24.8573133364;24.6110725586;24.2489747905;0
1990-08-25 20:00:00;-1.39949340806;7.17595083541e-19;5.48377734439e-14;-7.59570411931e-16;-4.49362227831e-14;0.0;-1.1747047879;-1.17890237296;-1.18366617666;-1.16968711443;-1.17017616643;0;0.0407209822936;12.7226101845;12.452832238;11.7097367452;0
1990-08-26 08:00:00;19.0370677162;1.43988760086e-05;0.122800168609;0.0472050475944;-2.07932973219e-13;0.0;-1.17761448987;-1.19544548254;-1.26312858476;-1.17133818654;-1.1704433006;0;67.8101764891;16.3003614883;14.8834248901;14.4697925455;0
1990-08-26 10:00:00;29.5328302721;6.65679024724e-05;0.177063495342;0.0715616204145;1.53928959726e-13;0.0;-1.18989546122;-1.25652543024;-1.4696255515;-1.1790110818;-1.17306300614;0;224.93484989;28.6707766646;20.2538656102;19.1933746264;0
1990-08-26 12:00:00;34.1845860891;0.00012775961528;0.167571192201;0.0812252398431;-4.78507810962e-14;0.0;-1.20987408354;-1.33242205343;-1.73481639102;-1.19392242966;-1.18187757859;0;279.458792834;29.9790874438;25.1280287044;24.2107095689;0
1990-08-26 14:00:00;33.5058251105;0.000164285415546;0.176898847877;0.0770982698383;-6.24347106758e-14;0.0;-1.23235943878;-1.38800394287;-1.85450449221;-1.21346172322;-1.197482223;0;269.533949546;32.0725817451;28.1966803999;27.4157084794;0
1990-08-26 16:00:00;29.8862958911;0.000161432274066;0.165602257986;0.0668170265543;-7.62159094546e-15;0.0;-1.2515207641;-1.40525006328;-1.86902464228;-1.23307134322;-1.21698528181;0;184.792631572;31.0279440379;28.9907991008;28.4258618088;0
1990-08-26 18:00:00;18.2889305121;7.758797908e-05;0.140787892108;0.0414815701362;-1.6621884738e-13;0.0;-1.25396887904;-1.33176387196;-1.62210971071;-1.24264380407;-1.23502677064;0;66.173514128;26.2494899099;25.950509878;25.4156431433;0
1990-08-26 20:00:00;-1.45454139852;6.0627225919e-19;3.14864035697e-14;-4.85363773078e-16;-3.17440624468e-14;0.0;-1.24766147754;-1.25185906259;-1.25662286629;-1.24264380407;-1.24313285607;0;0.0303040803986;13.2342885206;12.9508885769;12.1559026529;0
1990-08-27 08:00:00;20.2532283128;1.62338344234e-05;0.112971849506;0.0464871295476;1.06172250513e-14;0.0;-1.25101294097;-1.27090050194;-1.34690193374;-1.2446589549;-1.24344045966;0;80.2416307764;17.0049038583;15.1509857507;14.6369542159;0
1990-08-27 10:00:00;29.5106045878;7.16696485075e-05;0.161834742113;0.065852171328;4.15533722755e-14;0.0;-1.26456600003;-1.33707158584;-1.5643091506;-1.2536068073;-1.24650701286;0;237.948306759;29.9040792377;21.1206232344;20.0200873956;0
1990-08-27 12:00:00;33.3646431749;0.000131973063637;0.154097056119;0.0731377521002;-5.35608539043e-14;0.0;-1.28590144566;-1.41445314772;-1.82293888006;-1.27030491473;-1.25660516124;0;287.242026032;31.3468750004;26.1964934548;25.2256858631;0
1990-08-27 14:00:00;31.9210421125;0.000175414691393;0.161921583766;0.0679452907691;-1.15241718036e-14;0.0;-1.31179837892;-1.48028403444;-1.96392034924;-1.29295309068;-1.27414554647;0;279.223481762;33.8698712674;29.8345275633;29.0128209182;0
1990-08-27 16:00:00;28.7550678929;0.000164556233438;0.149845278737;0.0596333524814;-1.2832897548e-14;0.0;-1.332415228;-1.4918955074;-1.9615119363;-1.31468211562;-1.29660638739;0;194.318775191;32.5723647385;30.4053367276;29.8071299741;0
1990-08-27 18:00:00;17.7642426798;7.95864875613e-05;0.125907419005;0.0369951235796;-6.27382268531e-13;0.0;-1.33636411206;-1.4177374981;-1.72070363943;-1.32536277802;-1.31671056294;0;67.5514778999;27.4104843302;27.0982978096;26.5090201733;0
1990-08-27 20:00:00;-1.47111008262;6.75406974307e-19;2.253651817e-14;3.21985503323e-17;-2.25448798653e-14;0.0;-1.33038045148;-1.33457803654;-1.33934184024;-1.32536277802;-1.32585183001;0;0.0476344100223;13.5288518902;13.2312560289;12.3905210093;0
1990-08-28 08:00:00;20.711138598;1.90406508296e-05;0.102970523793;0.0432776285276;-1.62115274538e-13;0.0;-1.33440544076;-1.3574036922;-1.44561600324;-1.32793489294;-1.32622116504;0;86.9829397543;18.0043647269;15.9861344328;15.4331068307;0
1990-08-28 10:00:00;28.6553481402;7.13766971564e-05;0.144000850887;0.0582929152156;-1.1366720139e-14;0.0;-1.34813678621;-1.42179351185;-1.65090815338;-1.33763520052;-1.32980964462;0;234.75614939;30.8464764879;21.6378880715;20.4833446906;0
1990-08-28 12:00:00;31.9560553083;0.000122872021659;0.13498061119;0.0644144564619;-2.1859290536e-14;0.0;-1.36865473833;-1.49124974793;-1.88335271155;-1.35455224262;-1.34051647798;0;284.083607189;31.4358140921;26.2710769254;25.2914703966;0
1990-08-28 14:00:00;30.6737138877;0.000154293242247;0.141317413235;0.0607454681858;-2.73266286595e-14;0.0;-1.39240989948;-1.54456788917;-1.98914217051;-1.37619423098;-1.35805968873;1;275.158130297;33.7154244075;29.6555515792;28.851756444;0
1990-08-28 16:00:00;27.7056298039;0.000136743766522;0.129840815956;0.0535300073029;-6.94546262197e-15;0.0;-1.41050289404;-1.54688227049;-1.95775051411;-1.3957544472;-1.3793742939;0;186.944819431;31.7523192649;29.7230045693;29.2569165043;0
1990-08-28 18:00:00;16.4012988013;6.53033007529e-05;0.111417925066;0.0316078570511;-3.76703341976e-13;0.0;-1.41474859492;-1.4837860484;-1.74470090742;-1.40522405692;-1.39753529858;0;62.4491145702;26.9315709444;26.665933209;26.1559239966;0
1990-08-28 20:00:00;-1.45422909432;4.55239301455e-19;1.86763045174e-14;-3.85112018737e-17;-3.42799129913e-14;19.9375133528;-1.41024173038;-1.41443931544;-1.41920311914;-1.0673648014;-1.40571310891;0;0.0476344100223;13.3681556986;13.0669864678;12.2228755425;0
1990-08-29 08:00:00;20.9010815008;2.00982001587e-05;0.148794868499;0.05784284363;-1.60351448971e-14;0.0;-1.07631832498;-1.09897940786;-1.1880957346;-1.06940989039;-1.06821557343;0;76.4107949886;17.4629859618;15.8504275268;15.39833385;0
1990-08-29 10:00:00;30.9401858986;7.76487082792e-05;0.206040205273;0.0832111323425;5.84685276049e-13;0.0;-1.08976768987;-1.16462999103;-1.40340934451;-1.07735936381;-1.07129751512;0;229.557410507;29.1606940722;20.7033740167;19.6308061182;0
1990-08-29 12:00:00;35.4295302937;0.000147609613634;0.196459998786;0.0928659518843;-4.84102702919e-12;0.0;-1.11137124322;-1.24851713579;-1.69299765887;-1.09268573056;-1.08051396465;0;274.813587192;30.3756874569;25.7424775494;24.8436439682;0
1990-08-29 14:00:00;34.7084946875;0.000175593921843;0.203214395235;0.0882763232308;-1.04410107231e-14;0.0;-1.13238659944;-1.29423998324;-1.78100185987;-1.11129146621;-1.09636052126;0;261.628114976;31.6062644881;27.9367713303;27.1875923127;0
1990-08-29 16:00:00;31.0521189503;0.000168729104228;0.191309220759;0.0771459284367;-3.67896953482e-14;0.0;-1.14983748514;-1.30623551913;-1.78242986256;-1.12956231036;-1.11485869127;0;181.689056463;30.5529695206;28.6866845415;28.1329774296;0
1990-08-29 18:00:00;18.0679100524;7.33894265262e-05;0.161563827442;0.0459951553726;-3.1995771339e-13;0.0;-1.14915497363;-1.22111598955;-1.49434379946;-1.13763197234;-1.13139715547;0;61.4326836535;24.967374805;24.6815615676;24.1825321208;0
1990-08-29 20:00:00;-1.46926852883;8.35271287097e-19;5.21300675662e-14;-8.00758560137e-16;-7.76277994609e-14;0.0;-1.14264964581;-1.14684723087;-1.15161103457;-1.13763197234;-1.13812102434;0;0.0407209822936;13.4378336641;13.1592101631;12.3698105641;0
1990-08-30 08:00:00;19.7910114616;1.54634298136e-05;0.130689745014;0.0509260971355;-2.44576536551e-13;0.0;-1.14574489878;-1.16444811993;-1.23593136693;-1.1393418953;-1.13840522042;0;71.7953230155;16.6474464824;15.2123503067;14.8028462496;0
1990-08-30 10:00:00;29.4447300921;6.62097162807e-05;0.179863866071;0.0738190567935;-1.73918190892e-13;0.0;-1.1577163788;-1.22327935931;-1.43310572419;-1.14670141601;-1.14104857047;0;217.064498533;27.4708258684;19.8686320807;18.9029111225;0
1990-08-30 12:00:00;34.3520153036;0.000134235723115;0.17549479493;0.0839930692917;-1.24811848047e-13;0.0;-1.17862757159;-1.30597252911;-1.71903224768;-1.16181433775;-1.14966493327;0;271.57340358;29.8324642307;25.1599787378;24.2719415338;0
1990-08-30 14:00:00;33.7796876824;0.000172119366724;0.184988052188;0.0798627968258;-6.29200325089e-14;0.0;-1.20152626148;-1.36290547397;-1.84227374037;-1.18157609988;-1.16549063524;0;265.935607047;31.8901375315;28.1508675032;27.3884551112;0
1990-08-30 16:00:00;30.356179875;0.000154675873931;0.171730025519;0.0704030782849;-4.71863010631e-14;0.0;-1.21796318054;-1.36444585761;-1.81439413603;-1.1997120122;-1.1849458375;0;181.610497005;30.2778608265;28.3018575552;27.7846687226;0
1990-08-30 18:00:00;17.264811128;6.39118707478e-05;0.146271530796;0.0409819618756;-5.13678750743e-13;0.0;-1.21768071341;-1.28212543926;-1.52906860115;-1.20731209961;-1.20139735541;0;58.8816280272;24.7194572415;24.4652070153;24.0162689255;0
