time;An;E;Gs_max;Gs_mean;Gs_min;Irrigation;Psi_leaf_max;Psi_leaf_mean;Psi_leaf_min;Psi_soil;Psi_stem;Pthresh;Rg;Tleaf_max;Tleaf_mean;Tleaf_min;Tthresh
1990-07-31 20:00:00;-1.47071745335;2.64174815622e-19;1.48748509384e-14;3.31830518871e-17;-1.84740320534e-14;0.0;-0.505017673468;-0.509215258523;-0.513979062224;-0.5;-0.500489051995;0;0.0407209822936;13.5045342361;13.192673527;12.3166692615;0
1990-08-01 08:00:00;19.3534596204;1.08411358889e-05;0.0915578003476;0.0377387217981;-1.64388284494e-14;0.0;-0.506786901946;-0.519310653575;-0.564600055237;-0.50040899689;-0.500650794937;0;79.4362828369;17.2744626949;15.4446406147;14.926586614;0
1990-08-01 10:00:00;26.675632423;4.80384928677e-05;0.135650620205;0.0534032136507;-1.83679772219e-14;0.0;-0.513274205765;-0.555083492119;-0.714394208249;-0.502226582465;-0.501614931953;0;206.205977082;28.3723727574;20.0947217658;19.157582738;0
1990-08-01 12:00:00;31.229913738;0.000104355073109;0.138478213066;0.0670025824443;-3.31846546368e-14;0.0;-0.524246305678;-0.609564735158;-0.92348671855;-0.506204773275;-0.504274202428;0;423.154848857;134.42536442;25.9495986843;24.3229052893;1
1990-08-01 14:00:00;33.8424347932;0.000155347540482;0.144905463444;0.0727722796555;-3.47642317028e-14;0.0;-0.536587724563;-0.661148017943;-1.13687110876;-0.51220346196;-0.509017652776;0;295.198963952;32.9467113801;28.6413395447;27.8458925057;0
1990-08-01 16:00:00;31.4398105367;0.000157165219881;0.143753178299;0.0671528941496;-6.65697349568e-14;0.0;-0.542966224095;-0.668862828811;-1.13976480517;-0.518367172146;-0.51504865993;0;219.485914884;31.9660226331;29.4517084335;28.9707260302;0
1990-08-01 18:00:00;22.5034840591;9.25867659017e-05;0.133827856893;0.046190991864;-6.9602930392e-14;0.0;-0.538521267256;-0.614673055271;-0.942741012778;-0.522043636483;-0.520247094041;0;95.3278050279;27.3455144623;26.9517352938;26.6191930399;0
1990-08-01 20:00:00;-1.4676578568;3.17596785855e-19;1.70724091621e-14;1.81601178735e-16;-2.43130864872e-14;0.0;-0.527061309952;-0.531258895006;-0.536022698707;-0.522043636483;-0.522532688478;0;0.0476344100223;13.5210833718;13.2069184902;12.3246394255;0
1990-08-02 08:00:00;19.7267227397;1.41338250152e-05;0.0924956440913;0.0383928020467;-8.07797414762e-15;0.0;-0.529383567149;-0.544509231144;-0.60149190914;-0.522607860131;-0.522745248311;0;82.4625992439;17.634228329;15.6854637908;15.1448948165;0
1990-08-02 10:00:00;27.282858531;5.60682580448e-05;0.13782615728;0.0546662371625;-6.41715572417e-14;0.0;-0.5368582309;-0.585257357073;-0.770031717514;-0.524853973884;-0.523940395125;0;212.76551564;29.4449101727;20.9902562269;20.0337014431;0
1990-08-02 12:00:00;31.0397155116;9.72468086064e-05;0.133683572792;0.0660350029214;-7.65509391908e-15;0.0;-0.545885846003;-0.625312086893;-0.895278059132;-0.528779706976;-0.526807341839;0;421.487709095;122.660513803;25.7092129805;24.0839421292;1
1990-08-02 14:00:00;33.7880143466;0.000155011296023;0.142948005422;0.0720790808172;-1.97819667483e-14;0.0;-0.559312310404;-0.684296899626;-1.1533401404;-0.535116991104;-0.531606545127;0;298.76662956;32.8585628155;28.4823800637;27.6732624423;0
1990-08-02 16:00:00;31.5542360874;0.000151049085027;0.141330761878;0.0666736408479;-1.34086376505e-14;0.0;-0.565075312142;-0.687000337138;-1.14195628899;-0.541388068674;-0.537889243868;0;223.374063167;31.4756113275;28.7977136876;28.2894297898;0
1990-08-02 18:00:00;22.88179838;9.22516084102e-05;0.13144137119;0.0466096900729;-1.452096394e-11;0.0;-0.561618262482;-0.637978912203;-0.961938485514;-0.545265338595;-0.543274477611;0;98.3837561077;27.0363760895;26.5743691189;26.25143145;0
1990-08-02 20:00:00;-1.46618205338;2.66324970723e-19;3.32264824435e-14;-1.44986709838e-16;-1.93965098822e-14;0.0;-0.550283012063;-0.554480597118;-0.559244400818;-0.545265338595;-0.54575439059;0;0.0407209822936;13.4614980136;13.1486107759;12.2716086058;0
1990-08-03 08:00:00;17.6900252359;7.04377641066e-06;0.0848665408852;0.0339489016378;-1.0180088943e-13;0.0;-0.551455482617;-0.561154325104;-0.593243736373;-0.545562872161;-0.545861207831;0;68.0665689383;15.9143313362;14.3188099904;13.8426761297;0
1990-08-03 10:00:00;26.3920810896;4.36233408468e-05;0.131964795809;0.0523306562857;3.13575394698e-14;0.0;-0.557821361441;-0.596670236372;-0.742185327966;-0.547410282055;-0.546713598097;0;213.016959807;27.8624335289;19.2312942475;18.2324966035;0
1990-08-03 12:00:00;33.1210678046;0.000100424532343;0.13782792703;0.068967207642;-4.16128818413e-14;0.0;-0.569016064002;-0.652080730373;-0.994077485248;-0.551694341537;-0.549423803498;0;298.657294389;30.0504916997;24.5191514117;23.3703505976;0
1990-08-03 14:00:00;33.5991113863;0.000139011769287;0.141016862562;0.0709069282108;-2.27774865204e-14;0.0;-0.579766117737;-0.693078944785;-1.12732257772;-0.557697085553;-0.554297079547;0;293.858692657;32.0965161444;27.65465253;26.8425155644;0
1990-08-03 16:00:00;31.2846385769;0.000131078760647;0.138604652987;0.0653513574968;-1.67398862912e-14;0.0;-0.584520202995;-0.691591854208;-1.10050830177;-0.563435671772;-0.560183428335;0;216.460595346;30.4649433453;27.784537045;27.2882769483;0
1990-08-03 18:00:00;22.6158992564;7.19253121474e-05;0.126746229041;0.0455572934493;-8.17644367353e-13;0.0;-0.580404780116;-0.641227813617;-0.902766514625;-0.566617342047;-0.565022737295;0;95.4130505899;25.8029140532;25.2683483583;25.0189908859;0
1990-08-03 20:00:00;-1.46298722877;1.94904711113e-19;3.14707876787e-14;2.55219805671e-16;-1.55266017762e-14;0.0;-0.571635015515;-0.57583260057;-0.58059640427;-0.566617342047;-0.567106394042;0;0.0407209822936;13.3809620644;13.0991451751;12.3034557349;0
1990-08-04 08:00:00;18.5961804104;1.08188662535e-05;0.0871528268272;0.0357129354127;-1.70461601177e-14;0.0;-0.573444003995;-0.586136490556;-0.631744323358;-0.567097952085;-0.567271714468;0;74.8234499584;16.6188478239;14.9100565354;14.4241465989;0
1990-08-04 10:00:00;26.3071099714;4.50482607091e-05;0.131640037429;0.0518424486253;1.56069713096e-14;0.0;-0.579653257787;-0.619862887103;-0.77003569733;-0.569104881801;-0.568275556815;0;206.238461655;28.0744940374;19.5427999671;18.5559472477;0
1990-08-04 12:00:00;33.1091085971;0.000102539326056;0.136787746573;0.0685242367543;-3.54299736306e-14;0.0;-0.591189207018;-0.676440313101;-1.02417549699;-0.573707800634;-0.571162585885;0;301.870179373;30.3418807195;24.5808255636;23.3820254571;0
1990-08-04 14:00:00;33.5578433669;0.000143867222064;0.13900666696;0.0703210102627;3.5892761622e-15;0.0;-0.602774510086;-0.720544505966;-1.16369343656;-0.580248251872;-0.576401581492;0;299.523725981;32.2757864074;27.7861926173;26.9668785312;0
1990-08-04 16:00:00;31.1344110137;0.000139776003508;0.136956213072;0.064578459277;-7.07382035716e-14;0.0;-0.608709029283;-0.723233953128;-1.14911349377;-0.586696334074;-0.582884273085;0;217.112034752;30.8168507068;28.1737135705;27.6763952977;0
1990-08-04 18:00:00;22.762063166;7.81254490654e-05;0.125730060618;0.0455758681772;-3.98059677034e-13;0.0;-0.604805758829;-0.670956930285;-0.951658730425;-0.590341206236;-0.588387931009;0;97.3912220197;26.0003531742;25.46179814;25.1946631238;0
1990-08-04 20:00:00;-1.43111465789;2.26803830509e-19;2.19403582233e-14;-3.42705901044e-16;-2.29862486542e-14;0.0;-0.595358879704;-0.599556464759;-0.60432026846;-0.590341206236;-0.590830258231;0;0.0407209822936;13.0674169301;12.7828877442;11.9910273233;0
1990-08-05 08:00:00;19.7851507718;1.20301508171e-05;0.0892874718378;0.0380141484807;-1.74581205242e-14;0.0;-0.597386151855;-0.611116654754;-0.661573202083;-0.59090508864;-0.591015636838;0;85.5206002845;17.3120947968;15.3699166709;14.8365967135;0
1990-08-05 10:00:00;26.5076303225;4.92801535347e-05;0.130618880688;0.052079279445;-2.65591914966e-13;0.0;-0.604239565649;-0.648069098836;-0.811931332191;-0.593222329977;-0.592153750644;0;204.70242073;28.2728597414;20.3292381964;19.4126304538;0
1990-08-05 12:00:00;32.7740809659;9.99180467682e-05;0.134119670104;0.067254368822;-2.1929190936e-14;0.0;-0.61501618606;-0.698713676775;-1.03642126596;-0.597957226225;-0.595252998255;0;294.803354264;29.8965710526;24.4640247273;23.341999072;0
1990-08-05 14:00:00;33.252562911;0.00013947599602;0.136546900385;0.0689013501295;-3.13127384892e-14;0.0;-0.62648497494;-0.741538186807;-1.17284290824;-0.604649617594;-0.600602041227;0;293.558411258;31.9603528279;27.4477353473;26.6237331321;0
1990-08-05 16:00:00;30.7631283571;0.000131028820778;0.134008473544;0.0630463801853;-2.0742086509e-14;0.0;-0.631827097395;-0.740167615069;-1.14433719845;-0.611026140831;-0.607168583794;0;210.614781448;30.2131711194;27.6265136189;27.1432345818;0
1990-08-05 18:00:00;21.6895806964;7.25129182899e-05;0.122385156816;0.0428720353359;-3.65763467622e-13;0.0;-0.628290098375;-0.690451664866;-0.956287210442;-0.614592787269;-0.612640902038;0;89.2158769004;25.4775483531;25.0496369109;24.7922299483;0
1990-08-05 20:00:00;-1.49129964679;2.82174927453e-19;1.9267221316e-14;-1.22489959952e-16;-1.87471185536e-14;0.0;-0.619610460737;-0.623808045791;-0.628571849492;-0.614592787269;-0.615081839264;0;0.0407209822936;13.6534127966;13.3746539778;12.577980843;0
1990-08-06 08:00:00;19.3189421505;1.41896524633e-05;0.0896936414081;0.0368582361357;-2.08567828436e-14;0.0;-0.622019857112;-0.637537150565;-0.695855368447;-0.61529390539;-0.615302362779;0;79.4437934316;17.5771535725;15.8540574218;15.3752213452;0
1990-08-06 10:00:00;26.6225014784;5.2481575384e-05;0.129817629352;0.052002618681;-3.56378993697e-14;0.0;-0.629244378638;-0.675929361746;-0.849847232951;-0.617896148438;-0.616598865767;0;205.889228809;28.5613923331;20.6921230956;19.7787214109;0
1990-08-06 12:00:00;32.4773652754;0.000107460247913;0.132706697493;0.0661455367004;-1.2174913938e-14;0.0;-0.641125856369;-0.731370247908;-1.08583208276;-0.623269494715;-0.620057605043;0;277.402271421;30.1907313691;25.2016784476;24.2078324829;0
1990-08-06 14:00:00;32.7340982809;0.000143321779863;0.13434298287;0.0672953220776;3.2371529712e-15;0.0;-0.652669182889;-0.771482401684;-1.20681615825;-0.63053147708;-0.625993460831;0;278.554929169;32.1314432181;28.0533925602;27.2991898979;0
1990-08-06 16:00:00;30.7086669748;0.000132334606197;0.132607076104;0.0625303285228;-4.14087454292e-14;0.0;-0.658130600921;-0.768239269514;-1.17314623926;-0.63733525302;-0.633089266156;0;213.142075555;30.6275578599;28.0374978321;27.5525826116;0
1990-08-06 18:00:00;21.5262077219;7.06646001365e-05;0.122026221333;0.0422978291233;-1.31022733495e-13;0.0;-0.654393645612;-0.715544464907;-0.976451485364;-0.641007687885;-0.638931401861;0;88.6395912492;25.7882228967;25.3777185739;25.1222633132;0
1990-08-06 20:00:00;-1.51041900042;2.57825855141e-19;1.80560240679e-14;1.56740292089e-16;-2.17752526623e-14;0.0;-0.646025361353;-0.650222946408;-0.654986750109;-0.641007687885;-0.64149673988;0;0.0303040803986;13.800672994;13.5054541766;12.6612923035;0
1990-08-07 08:00:00;19.4498858698;1.3177043276e-05;0.0886591189324;0.0368822152768;-1.10147878214e-14;0.0;-0.648284159028;-0.663093036588;-0.718188154165;-0.641695555466;-0.641703413926;0;81.4420209838;17.5622471512;15.790540244;15.2996141129;0
1990-08-07 10:00:00;26.2465783003;4.92429043862e-05;0.127555524178;0.050792512569;-3.7601564764e-14;0.0;-0.655173141488;-0.699568073381;-0.863354553982;-0.644274688236;-0.64295721231;0;199.548394536;28.3422467696;20.4829926842;19.5592451132;0
1990-08-07 12:00:00;32.7979874576;0.000108912051957;0.131098365294;0.0663359115119;-1.76577778219e-14;0.0;-0.667915557462;-0.759939666321;-1.11674195884;-0.650027347222;-0.64647433507;0;299.878390002;30.5975199866;25.3106441186;24.2465543761;0
1990-08-07 14:00:00;32.8026121141;0.000139839880554;0.131743757789;0.0666902982704;-5.50867843562e-16;0.0;-0.679045965314;-0.79591881274;-1.22279608938;-0.657512445973;-0.652717302602;0;289.990882192;32.149184487;27.7569975354;26.9508826469;0
1990-08-07 16:00:00;30.5682685038;0.000131173503422;0.129934827323;0.0615380387144;-6.73155457597e-15;0.0;-0.685119667079;-0.795058470289;-1.1949490723;-0.664636400767;-0.660071282965;0;214.397323772;30.6019453756;27.9591915028;27.4640272362;0
1990-08-07 18:00:00;21.636434311;7.00194608528e-05;0.119197269861;0.0420375908923;-2.3477146669e-13;0.0;-0.681699906616;-0.742769346851;-1.0000462129;-0.668480445606;-0.666232812009;0;90.0105830929;25.5645424676;25.1103241345;24.8575704671;0
1990-08-07 20:00:00;-1.51030301302;3.22986733143e-19;1.65513928759e-14;1.59163719956e-16;-1.82867228716e-14;15.9167856436;-0.673498119074;-0.677695704129;-0.68245950783;-0.559858571826;-0.668969497601;0;0.0407209822936;13.8676291853;13.5694659508;12.7156980695;0
1990-08-08 08:00:00;19.7872549576;1.39700047954e-05;0.0920051888998;0.0382683466126;-2.16430714981e-14;0.0;-0.56720284795;-0.582348086381;-0.639389803571;-0.560469608714;-0.560560585633;0;83.1576663482;17.7428562469;15.7997941794;15.2601738564;0
1990-08-08 10:00:00;27.0101764436;5.27605257085e-05;0.134097559801;0.05361282804;4.27322466035e-15;0.0;-0.574296127555;-0.620465474888;-0.793090565118;-0.562785186947;-0.561763213257;0;210.424697953;28.78951747;20.6845531569;19.7242765432;0
1990-08-08 12:00:00;33.3885795466;0.000120216227192;0.138624645521;0.0695582647243;-1.20119967671e-14;0.0;-0.587792198232;-0.686764004565;-1.07961034558;-0.568108171641;-0.565109278848;0;297.7809187;31.0916849138;25.8587733553;24.8300867721;0
1990-08-08 14:00:00;33.35979561;0.000162747296922;0.139279921597;0.0702993444703;-7.01082830673e-15;0.0;-0.600297208204;-0.732593664498;-1.21214293866;-0.57541966798;-0.571086466914;0;294.291801528;33.2815133322;28.9035843751;28.0771160592;0
1990-08-08 16:00:00;30.9881014901;0.000156258841997;0.137925420585;0.0646503300932;-8.81228185933e-15;0.0;-0.606613207253;-0.73392847206;-1.19805349243;-0.582555791544;-0.578304879463;0;216.713127369;31.7076915297;29.2457008544;28.7646296525;0
1990-08-08 18:00:00;21.8195361539;7.90883732717e-05;0.126842954922;0.0437152466834;-1.04517928513e-13;0.0;-0.600796471023;-0.667665857916;-0.954073255915;-0.58621174737;-0.584260436695;0;90.2392528685;26.2747189606;25.897897663;25.6268561759;0
1990-08-08 20:00:00;-1.49037343651;3.66714453555e-19;1.54920059074e-14;-1.20351696173e-16;-3.07469524916e-14;0.0;-0.591229420838;-0.595427005892;-0.600190809593;-0.58621174737;-0.586700799365;0;0.0476344100223;13.7204112112;13.4204226732;12.5670177368;0
1990-08-09 08:00:00;19.7244090533;1.57906350741e-05;0.0917466648469;0.0379375077908;-2.93721426878e-14;0.0;-0.593883113802;-0.610556725091;-0.674197042528;-0.586945276374;-0.5869437739;0;82.3055437923;17.8597662175;16.0270377256;15.5229804134;0
1990-08-09 10:00:00;27.3412137621;5.70282291382e-05;0.134899802217;0.0540138950574;3.05081584537e-14;0.0;-0.60157405046;-0.651526757617;-0.837430433082;-0.589604441968;-0.588312161417;0;214.626511559;29.6355051276;21.2020096807;20.2001754706;0
1990-08-09 12:00:00;33.2904677168;0.000117426410816;0.137260730581;0.0689323225176;-6.12502068801e-14;0.0;-0.614329579446;-0.711844155886;-1.0968302075;-0.595129690347;-0.591903024192;0;296.048172108;31.3011829276;26.089955757;25.059387376;0
1990-08-09 14:00:00;32.9741680881;0.00016249383443;0.13664897645;0.0688120263528;-2.60588169676e-14;0.0;-0.627538108728;-0.760528934674;-1.23634476923;-0.602887627754;-0.598127936096;0;286.730328828;33.1871183561;29.0649953751;28.2836203326;0
1990-08-09 16:00:00;30.5376391738;0.000152371638797;0.135170033198;0.0629203421583;-1.77642936819e-14;0.0;-0.633674067834;-0.758756795947;-1.2085411008;-0.610282799537;-0.605735919176;0;209.284618187;31.4600599251;29.0722032995;28.595505273;0
1990-08-09 18:00:00;21.1655871897;8.68277668194e-05;0.12609506024;0.0420714554094;-3.90826347372e-14;0.0;-0.629953657573;-0.703558821612;-1.01451349842;-0.614549953501;-0.612119490286;0;86.8659844573;26.7993394648;26.5055611128;26.1676596424;0
1990-08-09 20:00:00;-1.50821904875;4.48222569037e-19;1.99366944092e-14;1.6195396447e-16;-1.90605033253e-14;0.0;-0.619567626969;-0.623765212023;-0.628529015724;-0.614549953501;-0.615039005496;0;0.0544493304395;13.9250394852;13.6306062159;12.7848309574;0
1990-08-10 08:00:00;19.6796554196;1.56027733915e-05;0.0913305152036;0.0376080964791;-4.99482934948e-14;0.0;-0.622215802736;-0.638861197107;-0.702331934339;-0.615320881646;-0.61528148784;0;81.8097896795;17.9754264845;16.1917934399;15.6993187858;0
1990-08-10 10:00:00;26.9448565263;5.5894462387e-05;0.131812791708;0.0527503789834;1.26583249074e-14;0.0;-0.629853930669;-0.679238924679;-0.861778599506;-0.618093005694;-0.616678916929;0;205.627965438;29.2426074488;21.259487966;20.3132845394;0
1990-08-10 12:00:00;33.0133558633;0.000118242292226;0.135053599456;0.0676563081147;-7.35914915954e-14;0.0;-0.643152829512;-0.742086053819;-1.12822405969;-0.624011320777;-0.620422443472;0;290.117171684;31.473931749;26.2006501033;25.1618196443;0
1990-08-10 14:00:00;32.6143104524;0.000168960921706;0.133664475201;0.0674078947597;-2.32434156603e-14;0.0;-0.657801483977;-0.796838109015;-1.2811992199;-0.632597424471;-0.627135959026;0;286.266494664;33.6205288313;29.5439593802;28.7602084413;0
1990-08-10 16:00:00;30.058762652;0.000170748343097;0.132259339067;0.0615396077689;-9.39784615245e-15;0.0;-0.666799414321;-0.807426223981;-1.29462151483;-0.64143191064;-0.635757913719;0;211.781186393;32.6433121713;30.3643031658;29.8192429038;0
1990-08-10 18:00:00;21.2549818848;8.93265467825e-05;0.125098164362;0.0419168849506;-4.27325408243e-12;0.0;-0.661688264673;-0.73796883151;-1.05723587093;-0.646117944651;-0.643322491171;0;88.6633938238;27.2063014864;26.9130029194;26.5715818023;0
1990-08-10 20:00:00;-1.45144814449;3.35183980042e-19;1.83814563812e-14;2.94542268253e-16;-1.79352884639e-14;0.0;-0.65113561812;-0.655333203174;-0.660097006875;-0.646117944651;-0.646606996646;0;0.0613140694382;13.3774357934;13.1058496226;12.3362279794;0
1990-08-11 08:00:00;20.3114774345;1.61299282779e-05;0.091187106861;0.0385465851896;-6.69027289601e-15;0.0;-0.653903037913;-0.671119249166;-0.737248130257;-0.646968879089;-0.646860434113;0;88.753350539;18.285082687;16.1763636833;15.5987717764;0
1990-08-11 10:00:00;27.1644818161;5.79366760007e-05;0.130087017419;0.0527340084269;-6.60774406549e-13;0.0;-0.66195743059;-0.71342538647;-0.902015855108;-0.650037436173;-0.648368617338;0;214.437579454;29.5541765417;21.3554927416;20.3822926154;0
1990-08-11 12:00:00;32.7321505177;0.000116218313893;0.131821594111;0.066237371563;-2.08005733049e-14;0.0;-0.674973895517;-0.773080923901;-1.15081067016;-0.656250409026;-0.652355507016;0;288.28908765;31.2674979614;26.1446021704;25.1387777488;0
1990-08-11 14:00:00;32.5659642558;0.000157408763405;0.131283880262;0.0665558491222;-1.43369778303e-15;0.0;-0.688359495953;-0.819354866748;-1.27871309549;-0.664789760998;-0.659222310572;0;289.912477123;33.529374649;29.3283121133;28.5362956241;0
1990-08-11 16:00:00;30.0417336629;0.000157274626312;0.129656959538;0.0607166017;-7.56256460847e-15;0.0;-0.69697486693;-0.82801445985;-1.28606581288;-0.673467486248;-0.667766834315;0;212.425830519;32.3794875223;29.9571472707;29.447229971;0
1990-08-11 18:00:00;21.0909839422;8.59804701162e-05;0.123837098363;0.0412317336678;-3.21108039728e-14;0.0;-0.69331198544;-0.767552913625;-1.07675300718;-0.678274168562;-0.67532049992;0;88.5133495728;27.5043454857;27.2074122803;26.8687836527;0
1990-08-11 20:00:00;-1.4501372439;2.69868671145e-19;1.99772359654e-14;-5.61685405001e-17;-2.18443155053e-14;0.0;-0.68329184203;-0.687489427084;-0.692253230785;-0.678274168562;-0.678763220556;0;0.0303040803986;13.1965619983;12.9092207364;12.1055915136;0
1990-08-12 08:00:00;18.8025198321;1.21325527599e-05;0.085507480452;0.0351342130946;-2.19622677485e-13;0.0;-0.685398413627;-0.699490857021;-0.751373796719;-0.67895603779;-0.678955964593;0;76.9890980591;17.1931818788;15.3582799587;14.837125266;0
1990-08-12 10:00:00;26.9736843893;5.28382822867e-05;0.127654222987;0.0517329165754;-2.7245161298e-14;0.0;-0.693166178901;-0.740916200665;-0.913463110846;-0.681936107324;-0.68028479435;0;220.174508738;29.4235313015;20.6668271365;19.6076089659;0
1990-08-12 12:00:00;32.7014727756;0.000115231831058;0.128777161496;0.0653040425503;-8.58204279228e-16;0.0;-0.706913950682;-0.805039709248;-1.17936795567;-0.688494718137;-0.684258593866;0;300.427664261;31.4331130109;25.9788314551;24.8925405544;0
1990-08-12 14:00:00;32.3410612439;0.000154152071201;0.128279664352;0.0651821194807;-2.52136841049e-14;0.0;-0.720331253486;-0.849747299569;-1.29922175489;-0.697398097125;-0.691442203862;0;291.969210304;33.5380734351;29.3108072736;28.5169671828;0
1990-08-12 16:00:00;29.7407686458;0.000151735011574;0.126782312859;0.0592961086929;-1.65339436222e-14;0.0;-0.728912239875;-0.856565489603;-1.30086526362;-0.706309449308;-0.700314350835;0;210.553260262;32.3274733514;29.9556659222;29.4681565092;0
1990-08-12 18:00:00;21.0245526315;8.17621076856e-05;0.120434510415;0.0404859512982;-2.31762884327e-14;0.0;-0.725584345691;-0.796986247753;-1.09075630587;-0.711173084919;-0.708110099108;0;88.5133495728;27.2367360366;26.9182902853;26.6077473252;0
1990-08-12 20:00:00;-1.44187757109;3.08002519164e-19;1.62415664685e-14;1.55092596588e-16;-1.6061651128e-14;0.0;-0.716190758387;-0.720388343442;-0.725152147143;-0.711173084919;-0.711662136914;0;0.0303040803986;13.1335157111;12.8336851222;12.0010729044;0
1990-08-13 08:00:00;18.1065542439;1.10856721913e-05;0.0835484654533;0.0333882613108;-1.87543822451e-14;0.0;-0.718138042706;-0.731470717358;-0.77979384874;-0.711835885681;-0.711840227604;0;71.1794335873;17.0022837621;15.4625780208;15.0137110917;0
1990-08-13 10:00:00;26.379353309;4.77438676536e-05;0.123346315618;0.0498466733677;-1.40609903946e-13;0.0;-0.725254946518;-0.769185666296;-0.926515406401;-0.714699689188;-0.713092188131;0;209.59746585;28.6921242449;20.4033800069;19.395626012;0
1990-08-13 12:00:00;32.1843998503;0.000103957973159;0.12525272064;0.063272423487;-3.13801825674e-14;0.0;-0.737917529443;-0.827657631034;-1.17033106316;-0.720987671933;-0.716861230194;0;290.164939604;30.912862708;25.4949924585;24.392236115;0
1990-08-13 14:00:00;31.8125543453;0.000142321427604;0.124965307228;0.063012696672;-1.08023155592e-14;0.0;-0.75103011714;-0.871944024497;-1.29561238124;-0.729713923181;-0.723771503799;0;276.262930422;32.9900913878;28.893704948;28.1298964906;0
1990-08-13 16:00:00;29.3885600433;0.000148277932785;0.12414866532;0.0576852397935;-1.57928880959e-13;0.0;-0.760904537259;-0.88665110012;-1.31544920793;-0.738952865763;-0.732600857674;0;208.810598051;32.2780559228;29.9762094313;29.5058713277;0
1990-08-13 18:00:00;20.5217925827;7.99201663736e-05;0.117676077982;0.0389518394771;-6.3022445322e-14;0.0;-0.758055410824;-0.828576051501;-1.11714286318;-0.743996038868;-0.740738116498;0;86.016706661;27.2986685186;27.0212303718;26.7112490731;0
1990-08-13 20:00:00;-1.50414839843;3.00541969744e-19;2.3126376678e-14;1.87814752583e-16;-1.58691275367e-14;0.0;-0.749013712337;-0.753211297391;-0.757975101092;-0.743996038868;-0.744485090863;0;0.0476344100223;13.863769448;13.5572084391;12.6820732048;0
1990-08-14 08:00:00;18.4835107974;1.20823324014e-05;0.0817082569966;0.0337223687569;-1.70447457033e-13;0.0;-0.751159743487;-0.765415428705;-0.817463272079;-0.744762378175;-0.744681344707;0;75.9053651171;16.9827725229;15.3552836493;14.898173814;0
1990-08-14 10:00:00;26.1306953367;4.73554774918e-05;0.119342575631;0.0486653918422;5.21262065636e-15;0.0;-0.758207215826;-0.802151560131;-0.958224312701;-0.74777593738;-0.746020897708;0;212.670701413;28.3237096395;20.0662080342;19.0594153318;0
1990-08-14 12:00:00;31.799335275;0.000100580407556;0.120999837112;0.0613899085465;-2.5939775442e-14;0.0;-0.770595882787;-0.858295107103;-1.1904487307;-0.754229664214;-0.74990117641;0;292.078337514;30.5520076402;25.0571349344;23.9320403152;0
1990-08-14 14:00:00;31.7412413212;0.000136690224989;0.120890255225;0.0616437408547;-2.54937067913e-14;0.0;-0.783541092283;-0.900899126291;-1.31294402062;-0.763117631022;-0.756947322989;0;284.793209796;32.6369360231;28.3040479675;27.5040673941;0
1990-08-14 16:00:00;29.2789585954;0.000130742396988;0.119231336391;0.0561885572655;-8.77556865381e-15;0.0;-0.791459933366;-0.903945404524;-1.29491813684;-0.771747437685;-0.765744587391;0;205.447490872;31.1704949399;28.7201815559;28.2525796383;0
1990-08-14 18:00:00;20.0419187336;6.74971953452e-05;0.111192257807;0.0371556983383;-4.67130029396e-14;0.0;-0.788790031813;-0.849570072253;-1.10006742342;-0.776252646809;-0.773343177211;0;81.8489705719;25.9232101696;25.6076239291;25.3454592785;0
1990-08-14 20:00:00;-1.40218463892;2.42652320071e-19;1.58045375731e-14;-1.52242728933e-16;-2.04381927703e-14;17.2057428014;-0.781270320277;-0.785467905332;-0.790231709033;-0.635551717125;-0.776741698804;0;0.0476344100223;12.8287188797;12.5375819028;11.7380216596;0
1990-08-15 08:00:00;18.2615284784;1.06583678647e-05;0.0853202589699;0.0344765773115;-1.49397508882e-15;0.0;-0.642394948908;-0.655158854955;-0.70097982249;-0.636101848507;-0.636207622648;0;72.2297545411;16.674023428;15.0863919879;14.628540889;0
1990-08-15 10:00:00;26.5147681519;4.65087776764e-05;0.128136042903;0.0514407003718;1.89873528199e-15;0.0;-0.649098390796;-0.691081183848;-0.842136896278;-0.63850969488;-0.637319190978;0;209.995195103;28.2139038592;19.8568627082;18.822935379;0
1990-08-15 12:00:00;32.7155269482;0.00010354657889;0.131322591258;0.0662335891583;-1.12009378724e-14;0.0;-0.661191395155;-0.748817548374;-1.0937065631;-0.6439134398;-0.640621807739;0;297.930943078;30.3545802365;24.921478496;23.80946715;0
1990-08-15 14:00:00;32.8413140468;0.000146818980271;0.132385466933;0.0671104059836;-3.51046344101e-14;0.0;-0.674085594513;-0.796311590079;-1.23766344563;-0.651678356;-0.646708409917;0;290.864149826;32.5250748576;28.3114476443;27.5320518696;0
1990-08-15 16:00:00;30.2119073319;0.000144551707875;0.130442982356;0.0610118728574;-1.62340582165e-14;0.0;-0.681551660493;-0.801936948148;-1.22983121498;-0.659443370312;-0.654443793805;0;208.00912682;31.1588067381;28.8199979885;28.3712818077;0
1990-08-15 18:00:00;20.9243395159;7.33586427098e-05;0.120520236543;0.0407422081845;-1.61951204722e-13;0.0;-0.677051545725;-0.74075185785;-1.00954199197;-0.663430329872;-0.661090534369;0;85.1196001239;25.9397803921;25.6087524091;25.3473549976;0
1990-08-15 20:00:00;-1.42155923506;2.29500111234e-19;4.24418215524e-14;3.61174813524e-16;-1.69956382511e-14;0.0;-0.66844800334;-0.672645588395;-0.677409392096;-0.663430329872;-0.663919381867;0;0.0613140694382;13.1198512176;12.8242310486;12.0032431791;0
1990-08-16 08:00:00;19.559101371;1.27686810666e-05;0.0876303928343;0.0368476717614;-5.46806981449e-14;0.0;-0.67065410604;-0.685217589456;-0.739238984618;-0.664127510266;-0.664121203928;0;83.3633642929;17.547874252;15.6669499506;15.1450209486;0
1990-08-16 10:00:00;27.1610624803;5.23322466519e-05;0.128115912478;0.0524454363033;3.52417357869e-15;0.0;-0.678209853022;-0.725249453071;-0.894413919917;-0.666994920838;-0.66544401365;0;220.877084664;29.073720628;20.7504112939;19.7291441855;0
1990-08-16 12:00:00;32.7016169254;0.000112234649766;0.130018553476;0.0657062393907;-1.9402878897e-14;0.0;-0.691355915653;-0.786676356774;-1.15359951191;-0.673199321365;-0.669260605847;0;295.246780871;31.0996418072;25.852062091;24.8062404615;0
1990-08-16 14:00:00;32.4219764358;0.000155768317709;0.129271204326;0.065619756124;-4.22874076815e-15;0.0;-0.705180683187;-0.835381532534;-1.28881925847;-0.68193591198;-0.676159664314;0;289.172355873;33.2535598422;29.1204483616;28.3417814261;0
1990-08-16 16:00:00;29.7573363175;0.00015352373795;0.127449327101;0.0594548466416;-5.56647455467e-14;0.0;-0.713628979185;-0.842086206985;-1.28479780114;-0.690692212615;-0.684867908338;0;207.13246047;31.8136896928;29.6082789668;29.1405136487;0
1990-08-16 18:00:00;20.2962177561;7.50414948925e-05;0.119958275319;0.039179951688;-7.31325419279e-14;0.0;-0.708720699041;-0.774374978051;-1.04983015494;-0.695025746536;-0.692378672271;0;82.2206296326;26.5436733814;26.2876118948;26.0010949225;0
1990-08-16 20:00:00;-1.46054288366;2.36206418248e-19;1.73745122042e-14;-2.15936194909e-17;-1.72800736338e-14;0.0;-0.700043420005;-0.704241005059;-0.70900480876;-0.695025746536;-0.695514798531;0;0.0476344100223;13.4105672896;13.1220701616;12.3084943669;0
1990-08-17 08:00:00;18.8300620688;1.08418452772e-05;0.0836422041447;0.0350064721541;-1.31144992458e-14;0.0;-0.701938289621;-0.715031784742;-0.762298056801;-0.695654782908;-0.695688022347;0;78.7931173701;16.9031065494;15.0567110929;14.5370063595;0
1990-08-17 10:00:00;26.8322101436;5.17620543534e-05;0.124310777915;0.0511103925146;-2.15142031068e-14;0.0;-0.709737145107;-0.756655015485;-0.923764171877;-0.698668262925;-0.69697112314;0;222.533106032;28.6617741651;20.2841674648;19.2517099951;0
1990-08-17 12:00:00;32.1330212228;0.000100954706473;0.125094583525;0.0633711963054;-1.20423520247e-14;0.0;-0.721265420012;-0.808143296029;-1.14246994271;-0.704594915916;-0.700772691951;0;294.677276932;30.1048922342;24.7232873108;23.6236837721;0
1990-08-17 14:00:00;32.2298945167;0.000134516615944;0.125943845565;0.0639296209243;-6.16263769764e-16;0.0;-0.73313044715;-0.847252335122;-1.25591685615;-0.712594419557;-0.707240891554;0;284.660078099;31.8738249043;27.6905831419;26.9256886377;0
1990-08-17 16:00:00;29.8327828013;0.000128422184641;0.124128184886;0.0585291735775;-5.21641767935e-15;0.0;-0.740143300069;-0.849353520871;-1.23824338531;-0.720342650848;-0.715148213909;0;206.56625452;30.4737461318;28.0315957538;27.5718151364;0
1990-08-17 18:00:00;20.1031305036;6.34841323794e-05;0.113530139361;0.038032430109;-2.18306786015e-14;0.0;-0.736479747005;-0.793154141441;-1.03241366128;-0.724213607981;-0.721854875079;0;80.1230800457;25.1402481223;24.8174892452;24.5769505346;0
1990-08-17 20:00:00;-1.39407943295;3.24150727054e-19;2.2563118009e-14;2.06222722444e-16;-1.91930379126e-14;0.0;-0.729231281449;-0.733428866504;-0.738192670204;-0.724213607981;-0.724702659976;0;0.0544493304395;12.7693449437;12.4912319165;11.7260859071;0
1990-08-18 08:00:00;15.9478225882;6.5049668864e-06;0.0762768673842;0.0289213556189;-3.4923403487e-15;0.0;-0.730384210162;-0.739969290751;-0.771090025399;-0.724611784375;-0.724807620764;0;57.2512421623;15.2137050303;13.9882574889;13.597430158;0
1990-08-18 10:00:00;24.9965311861;3.63742053096e-05;0.116045982935;0.0466537401146;-1.5810135913e-13;0.0;-0.73606492016;-0.77059543698;-0.891134652007;-0.72684357415;-0.725687877899;0;195.372205765;26.3712126796;18.4923741892;17.5010501565;0
1990-08-18 12:00:00;31.3125654427;8.47366337736e-05;0.121122126673;0.0607713524328;2.79864105399e-15;0.0;-0.746746024647;-0.821031282129;-1.11389683192;-0.732077675025;-0.728701392085;0;282.286349296;29.0030559568;23.5381259094;22.3833341989;0
1990-08-18 14:00:00;31.8787417908;0.000126846151494;0.123110374651;0.0623337381404;-3.79132988612e-14;0.0;-0.759470125603;-0.868167076197;-1.25916178069;-0.740005329517;-0.734619532359;0;278.868878763;31.6136602603;27.3322665236;26.5467281984;0
1990-08-18 16:00:00;29.4558164649;0.000118616394277;0.120923003462;0.0569432598185;-3.19490449771e-15;0.0;-0.766020462502;-0.868003144717;-1.23391918966;-0.747520505709;-0.742419060968;0;201.249174323;29.9574756302;27.5229162781;27.068677993;0
1990-08-18 18:00:00;19.7284851163;5.93803250515e-05;0.110554111932;0.0368263764063;-2.62814966901e-14;0.0;-0.763032205823;-0.816718116666;-1.04280182765;-0.751320163511;-0.748975334088;0;78.0288961242;24.8624374655;24.5485564639;24.3186243333;0
1990-08-18 20:00:00;-1.38626874061;1.61107999501e-19;2.28631272967e-14;-2.28643525286e-16;-1.68308800377e-14;0.0;-0.756337836979;-0.760535422033;-0.765299225734;-0.751320163511;-0.751809215506;0;0.0476344100223;12.6306825923;12.3614158113;11.6228893478;0
1990-08-19 08:00:00;16.3734513161;7.42016768722e-06;0.0769079393513;0.0294705285175;-1.81466175297e-14;0.0;-0.757662776477;-0.76805990521;-0.802949682359;-0.751796742548;-0.751930034895;0;60.0548420513;15.726640213;14.4206292937;14.010452062;0
1990-08-19 10:00:00;25.2092012027;3.72637684428e-05;0.115122119329;0.046576555523;-4.98445340018e-12;0.0;-0.763468641035;-0.798980390401;-0.922361378332;-0.754196089138;-0.752892689875;0;197.261503853;26.795935946;19.0146291254;18.0346903215;0
1990-08-19 12:00:00;31.1877864467;8.52644906084e-05;0.118692496943;0.0598748373969;-1.38775637751e-14;0.0;-0.774332200855;-0.849562296863;-1.1421537095;-0.759723904515;-0.756075089743;0;279.499845226;29.1535580735;23.9465043271;22.8560211101;0
1990-08-19 14:00:00;31.4623932495;0.000112444830966;0.119855759116;0.0605989341364;-1.90094975609e-14;0.0;-0.784752718606;-0.882329563055;-1.23586557749;-0.767095151338;-0.762049496457;0;271.740651157;30.7425240018;26.5913250741;25.8089590527;0
1990-08-19 16:00:00;29.1286342524;0.000105321974042;0.117509678971;0.0554937700771;-6.50254539692e-15;0.0;-0.790919395883;-0.882683658963;-1.21658676016;-0.774084516871;-0.769308586378;0;197.381404287;29.2313534175;26.7706457148;26.3194996884;0
1990-08-19 18:00:00;18.8335432535;4.8252035265e-05;0.106291254994;0.0346321862471;-7.96911223258e-15;0.0;-0.787702914116;-0.832450874526;-1.0213533286;-0.77731443412;-0.775365282252;0;72.2546578346;24.0463902383;23.7531395228;23.5499944815;0
1990-08-19 20:00:00;-1.37419279121;1.79734901245e-19;1.5960630034e-14;3.6935911122e-16;-1.4398204508e-14;0.0;-0.782332107588;-0.786529692643;-0.791293496344;-0.77731443412;-0.777803486115;0;0.0717060124982;12.6816118252;12.4006930777;11.6321701812;0
1990-08-20 08:00:00;15.4770914712;5.70838352224e-06;0.0740951234206;0.0274262336285;-5.88384338896e-15;0.0;-0.783363306582;-0.792372638704;-0.820819834931;-0.777697709595;-0.777897237776;0;54.4374626805;15.2556940268;14.1739474181;13.8171238985;0
1990-08-20 10:00:00;25.3854727436;3.65422317753e-05;0.114489949257;0.0464536333834;-7.94012337294e-14;0.0;-0.789297181513;-0.824459526861;-0.94526807918;-0.780157112723;-0.778787039234;0;205.270610145;27.2644309429;19.0282359147;17.981234054;0
1990-08-20 12:00:00;31.1195284152;8.15270159253e-05;0.117024154933;0.0590569038024;-2.67164097293e-14;0.0;-0.799745365714;-0.87242693474;-1.15618608837;-0.785680901199;-0.781986656799;0;285.768493841;29.5064498971;23.8547972256;22.6466773031;0
1990-08-20 14:00:00;31.4058913256;0.000113705799786;0.117775127249;0.059900588918;-1.02439142257e-14;0.0;-0.81110616028;-0.91036131998;-1.26570093457;-0.793470662847;-0.788043110046;0;277.528497767;31.3139940935;27.0953233595;26.2996346408;0
1990-08-20 16:00:00;29.1044517753;0.000109160901978;0.115764540737;0.0548597394887;-5.41039017094e-15;0.0;-0.818148027454;-0.913712875368;-1.25607943779;-0.801044362606;-0.795762592265;0;202.234899697;29.949930942;27.3781791962;26.9031664886;0
1990-08-20 18:00:00;19.2956262726;5.39659452499e-05;0.106300591821;0.0351414711406;-3.03688635307e-14;0.0;-0.815767243654;-0.865665583107;-1.07446498135;-0.804823512575;-0.802426788292;0;76.4291869414;24.8655990801;24.5458290041;24.3193319894;0
1990-08-20 20:00:00;-1.39355024227;1.4574048903e-19;2.38902896301e-14;4.19408294581e-16;-1.57657053647e-14;0.0;-0.809841186043;-0.814038771098;-0.818802574799;-0.804823512575;-0.80531256457;0;0.0613140694382;12.8287463328;12.5377208117;11.7387532918;0
1990-08-21 08:00:00;17.9460370325;8.46314460533e-06;0.0771214973838;0.0318457392382;-1.83561676725e-14;0.0;-0.811377226;-0.822778341142;-0.862310588349;-0.805418286892;-0.805452823037;0;73.6008063822;16.6370592569;14.8806719699;14.37081791;0
1990-08-21 10:00:00;26.4411302238;4.48659643486e-05;0.116029178571;0.0480493196533;2.80942641673e-14;0.0;-0.818586241126;-0.861049808049;-1.00686014919;-0.808581005106;-0.806651114197;0;229.856448973;29.1610284286;20.0395042889;18.8804498368;0
1990-08-21 12:00:00;31.2778316009;9.43981662918e-05;0.11503665328;0.0586410407284;-2.11598614772e-14;0.0;-0.830638450358;-0.914565648313;-1.22983196154;-0.815288604577;-0.810636793537;0;291.276847021;30.7050162566;25.1378021087;23.9828894009;0
1990-08-21 14:00:00;30.9180390423;0.000128021066894;0.114735849196;0.0581779435983;-1.1731311357e-14;0.0;-0.843512246539;-0.955478536788;-1.34608988573;-0.824502083703;-0.817907289497;0;274.851079862;32.6926485811;28.3684616447;27.5727034387;0
1990-08-21 16:00:00;28.436391599;0.0001303730065;0.114780771424;0.0529167419732;-1.59771005578e-14;0.0;-0.853246474917;-0.967131412356;-1.35460036505;-0.834025287872;-0.82716642528;0;202.326820475;31.711782657;29.3437552854;28.8872438882;0
1990-08-21 18:00:00;18.282523241;6.15304714078e-05;0.10629990932;0.0329272023964;-6.16348145025e-14;0.0;-0.850216290024;-0.906977206877;-1.1414944948;-0.838569817872;-0.83554397075;0;72.8004497661;26.2293445572;26.0356677045;25.7584269071;0
1990-08-21 20:00:00;-1.43117439861;2.22442362071e-19;1.83142007507e-14;8.3593081641e-17;-1.39584142867e-14;14.1427372225;-0.84358749134;-0.847785076395;-0.852548880096;-0.708079634774;-0.839058869867;0;0.0955244917381;13.4446402569;13.1403584037;12.2867471964;0
1990-08-22 08:00:00;18.1803323953;9.29679840343e-06;0.0826721596359;0.033572008246;-2.67383744592e-14;0.0;-0.714730485381;-0.726591802751;-0.768361847784;-0.708632266884;-0.708717882569;0;72.6659600582;16.7498487382;15.1054020493;14.6267540898;0
1990-08-22 10:00:00;26.8012536846;4.91929084739e-05;0.123291077402;0.0507924573635;-5.55662283802e-15;0.0;-0.722309684181;-0.767194123674;-0.924671397127;-0.711565859929;-0.709911003721;0;217.704739406;28.5350079131;20.3689255942;19.3378004185;0
1990-08-22 12:00:00;32.0868546028;0.000104161498662;0.125049647644;0.0631667115362;-1.89745249781e-14;0.0;-0.734807311545;-0.824587566965;-1.16562590272;-0.717830079143;-0.713728904987;0;284.806704117;30.5620580153;25.572049843;24.5721909286;0
1990-08-22 14:00:00;31.9792461771;0.000140067236741;0.124965696787;0.0633042451613;-3.26243153823e-14;0.0;-0.747448782266;-0.866484101378;-1.28763917464;-0.726367816473;-0.720575150721;0;280.042000892;32.6325507391;28.5061892571;27.7418834656;0
1990-08-22 16:00:00;29.3171727684;0.000132080227593;0.123139886374;0.0572570652388;-9.25171301181e-15;0.0;-0.754668500091;-0.867219753053;-1.26361681559;-0.734540744401;-0.72899031698;0;198.626373965;30.9298766794;28.6953488304;28.2682678639;0
1990-08-22 18:00:00;18.941882464;6.28989850471e-05;0.114634165741;0.0358002948618;-3.81305934604e-13;0.0;-0.750617026171;-0.807030944897;-1.04549416134;-0.738475117781;-0.736048381445;0;73.8780760774;25.8346024814;25.638397943;25.3730709366;0
1990-08-22 20:00:00;-1.4503453661;2.55678413291e-19;1.51325156681e-14;7.21103269451e-17;-1.75784704003e-14;0.0;-0.743492791249;-0.747690376304;-0.752454180005;-0.738475117781;-0.738964169776;0;0.0544493304395;13.3555555302;13.0650614231;12.2484390271;0
1990-08-23 08:00:00;18.0424759832;1.14933513785e-05;0.082206062788;0.0329184894728;-1.13009255683e-14;0.0;-0.745529788632;-0.759281634118;-0.809407265742;-0.739197010009;-0.739150512256;0;71.2460947123;17.0213234191;15.4342286029;14.9714454065;0
1990-08-23 10:00:00;26.6836373939;4.93440683428e-05;0.121356548748;0.0499135553948;-6.20922392271e-14;0.0;-0.752992313082;-0.798362903116;-0.956165498439;-0.742306794946;-0.740486356105;0;212.364120424;28.8670562095;20.718150063;19.6868113492;0
1990-08-23 12:00:00;32.0049469641;0.000101971803813;0.122727931484;0.0621942147107;-4.87095967635e-15;0.0;-0.765340688402;-0.854090934258;-1.19068363829;-0.748787716507;-0.744451648592;0;290.778965139;31.0262756935;25.6125989001;24.5069274908;0
1990-08-23 14:00:00;31.7654137353;0.000136940317535;0.121534400027;0.0618932211558;-1.87753015553e-14;0.0;-0.778101506582;-0.895488699816;-1.30753250688;-0.757607999586;-0.751505410302;0;283.326633133;32.6213332965;28.3707130949;27.5861468354;0
1990-08-23 16:00:00;29.1065513439;0.000125614360329;0.119926397241;0.0559811492646;-6.72751681167e-15;0.0;-0.784995175178;-0.893141678757;-1.27362155705;-0.765818624965;-0.760147317963;0;198.469576279;30.7950144691;28.4929256175;28.0558752584;0
1990-08-23 18:00:00;18.0020959886;5.82208541547e-05;0.111355296086;0.0335465053285;-9.45372392138e-13;0.0;-0.781171828932;-0.834171098212;-1.05845011701;-0.769663631218;-0.767260372339;0;68.932716483;25.6141425777;25.4245045409;25.1610386685;0
1990-08-23 20:00:00;-1.43768932123;2.20517174376e-19;1.7997986927e-14;6.25005966665e-17;-1.83726845728e-14;0.0;-0.774681304686;-0.778878889741;-0.783642693442;-0.769663631218;-0.770152683213;0;0.0544493304395;13.2308121939;12.9396646933;12.1257331155;0
1990-08-24 08:00:00;17.1731277325;8.12582338256e-06;0.0785127193635;0.0308259635531;-1.55866108512e-14;0.0;-0.776139422793;-0.787170175821;-0.825071520341;-0.770202280732;-0.770285801327;0;65.5902942126;16.422992519;14.9487395734;14.4993850382;0
1990-08-24 10:00:00;26.7700711951;4.58254564054e-05;0.119118938487;0.0495243133076;-3.33557445762e-13;0.0;-0.783455464805;-0.826250223045;-0.97302656455;-0.773249233848;-0.771442260978;0;225.818490747;28.9270241564;20.3193238989;19.2180282684;0
1990-08-24 12:00:00;31.6689755781;9.74576657614e-05;0.118950556927;0.0605140077797;-4.15875681887e-14;0.0;-0.795659148077;-0.881367157813;-1.2053341995;-0.779781833235;-0.775337130852;0;292.84228875;30.7355162616;25.2318651726;24.0967524544;0
1990-08-24 14:00:00;31.3905852019;0.000136903705353;0.118095500891;0.0601180154349;6.76081570696e-15;0.0;-0.809337524392;-0.927530193656;-1.33526030846;-0.789080952502;-0.78252195716;0;282.814823836;32.7216536687;28.4291634545;27.6333966246;0
1990-08-24 16:00:00;28.7589252848;0.000127074160626;0.115866152008;0.054278347422;-1.33376941357e-14;0.0;-0.81696193774;-0.927147149296;-1.30901948155;-0.797842602911;-0.791665808382;0;198.17611173;30.8358670392;28.4912835095;28.0422733021;0
1990-08-24 18:00:00;18.5692481574;5.43971256188e-05;0.106636411121;0.0338720346688;-1.05687585781e-12;0.0;-0.81262782563;-0.862866765319;-1.07463822874;-0.801632126014;-0.799231222661;0;72.0022484237;24.9273348;24.694045584;24.4682248972;0
1990-08-24 20:00:00;-1.37154958312;1.2966352527e-19;1.89568914494e-14;-1.61130780196e-16;-1.575140904e-14;0.0;-0.806649799482;-0.810847384537;-0.815611188238;-0.801632126014;-0.802121178009;0;0.0407209822936;12.44312814;12.1670430687;11.4184063132;0
1990-08-25 08:00:00;17.5676340024;8.64453258028e-06;0.0760753532822;0.0311566326707;-5.23313481856e-15;0.0;-0.808217562802;-0.81975702815;-0.859673725084;-0.802236505163;-0.802264293006;0;70.7407852939;16.2911856241;14.6642771043;14.1902850982;0
1990-08-25 10:00:00;26.3662492907;4.60744127548e-05;0.115136370102;0.0479308606378;-5.32739240056e-15;0.0;-0.815622761959;-0.858937190342;-1.00613409418;-0.805467852587;-0.803488572953;0;228.468428284;28.7507598492;19.7510577455;18.5898664684;0
1990-08-25 12:00:00;31.1383947636;9.38828021761e-05;0.114303938361;0.0583102153453;-2.28156399514e-15;0.0;-0.8274177813;-0.910802620997;-1.22347829853;-0.812105022103;-0.807513499431;0;290.567356248;30.2025049647;24.7364261998;23.6073008983;0
1990-08-25 14:00:00;30.9165076889;0.000134663134726;0.114277809339;0.0580993569903;-1.32385206623e-15;0.0;-0.841515941672;-0.958747995892;-1.3582362197;-0.821750653411;-0.81483191189;0;277.954792722;32.495015831;28.3953871445;27.6348081756;0
1990-08-25 16:00:00;28.5598608848;0.000119839823054;0.111841338975;0.0528547019764;-1.88531962214e-15;0.0;-0.848556104198;-0.953610910388;-1.31739220841;-0.830460901033;-0.824237401154;0;199.39027044;30.4210343376;28.0077457815;27.5511851782;0
1990-08-25 18:00:00;18.2259347804;5.54468044846e-05;0.10321749012;0.0326245052739;-3.26742109963e-12;0.0;-0.845538992096;-0.89710527108;-1.11274737305;-0.834531776461;-0.831876694254;0;70.8596964111;24.9168807695;24.7031011887;24.4715822039;0
1990-08-25 20:00:00;-1.39949340806;2.54082760721e-19;1.69493225684e-14;1.19343668545e-16;-3.17654969139e-14;0.0;-0.839549449929;-0.843747034984;-0.848510838684;-0.834531776461;-0.835020828456;0;0.0407209822936;12.7226101845;12.452832238;11.7097367452;0
1990-08-26 08:00:00;17.1986837478;9.818694191e-06;0.0746030896812;0.0299716204622;-6.95234259982e-16;0.0;-0.8413476314;-0.853959918397;-0.898509624402;-0.835255378236;-0.835185135221;0;67.8101764891;16.4112589161;14.9140577183;14.4725170839;0
1990-08-26 10:00:00;26.3355958825;4.82054219321e-05;0.112041722691;0.0470579250765;-3.56419710884e-14;0.0;-0.84912503183;-0.894592333697;-1.04845859377;-0.838819870652;-0.836551376619;0;224.93484989;29.0554424276;20.3620804352;19.246168046;0
1990-08-26 12:00:00;30.6811241224;9.6578329396e-05;0.110705677578;0.0564137105362;-1.43852826476e-14;0.0;-0.861452780179;-0.947766473337;-1.26461315866;-0.846021318818;-0.840927699174;0;279.458792834;30.3945254695;25.2866504766;24.2527539698;0
1990-08-26 14:00:00;30.3695327398;0.000128920381994;0.110626778695;0.0559762983247;-1.10172188869e-14;0.0;-0.874645200678;-0.98808550265;-1.37466901699;-0.855760933092;-0.848676469214;0;269.533949546;32.4462611055;28.3644547273;27.6081091566;0
1990-08-26 16:00:00;27.3308627506;0.000128310338083;0.110016923228;0.0496207554366;-1.50005337157e-14;0.0;-0.884364667719;-0.997437993346;-1.38216088379;-0.865600594296;-0.858412611492;0;184.792631572;31.1853714727;29.1417448937;28.7177281847;0
1990-08-26 18:00:00;16.9385975107;5.91086238344e-05;0.102591737003;0.0299997391789;-1.11356641903e-12;0.0;-0.881450019567;-0.936592608278;-1.1631633381;-0.87018322292;-0.867088870188;0;66.173514128;26.2526938786;26.031269075;25.6710616108;0
1990-08-26 20:00:00;-1.45454139852;3.11195411346e-19;1.35003244941e-14;1.88987051955e-16;-1.37770309025e-14;0.0;-0.875200896388;-0.879398481443;-0.884162285143;-0.87018322292;-0.870672274915;0;0.0303040803986;13.2342885206;12.9508885769;12.1559026529;0
1990-08-27 08:00:00;18.4344070013;1.17672387321e-05;0.0744397790525;0.0316926644193;-5.34321652699e-16;0.0;-0.877379357167;-0.891776737171;-0.944068414901;-0.871099309632;-0.8708714656;0;80.2416307764;17.1161331669;15.1820035301;14.6398281378;0
1990-08-27 10:00:00;26.7400456854;5.51917685585e-05;0.109236330037;0.0469643673674;-9.95520856468e-14;0.0;-0.886369592849;-0.938185308546;-1.11179551459;-0.875412897454;-0.872523008182;0;237.948306759;30.1949031866;21.2164430802;20.0690827549;0
1990-08-27 12:00:00;30.5288668652;0.000106556737535;0.107154792028;0.0550756306931;-7.09631875221e-15;0.0;-0.900097255306;-0.995697681999;-1.33871758693;-0.883820348678;-0.877709183068;0;287.242026032;31.6854035383;26.3331024595;25.2699693133;0
1990-08-27 14:00:00;29.5853020349;0.000147053580838;0.110068865361;0.0535718969436;-8.89393686761e-15;0.0;-0.916100944473;-1.04568849554;-1.46472807931;-0.895597367871;-0.886810456063;0;279.223481762;34.1093582897;29.9726140222;29.1823564957;0
1990-08-27 16:00:00;26.8406367115;0.000139303261658;0.107723536476;0.0478970960862;-5.0038997541e-15;0.0;-0.926548635082;-1.04994945485;-1.45561185105;-0.90694373827;-0.8984645125;0;194.318775191;32.6437222544;30.5214530663;30.0412100209;0
1990-08-27 18:00:00;16.6830286935;6.48421496923e-05;0.100274758471;0.0289952129496;-6.04565980788e-14;0.0;-0.923997476899;-0.984694074301;-1.22993982626;-0.91228933971;-0.908543500415;0;67.5514778999;27.412610048;27.1620083623;26.7182566413;0
1990-08-27 20:00:00;-1.47111008262;3.1548124496e-19;1.89940026174e-14;1.33631030145e-16;-1.4156782012e-14;0.0;-0.917307013178;-0.921504598233;-0.926268401933;-0.91228933971;-0.912778391705;0;0.0476344100223;13.5288518902;13.2312560289;12.3905210093;0
1990-08-28 08:00:00;19.1249896872;1.4858960031e-05;0.0746597725727;0.0321741884528;7.1877698876e-16;0.0;-0.920092574698;-0.937329211185;-1.00177761126;-0.913520116802;-0.913033313855;0;86.9829397543;18.107298117;16.0164440879;15.4360240106;0
1990-08-28 10:00:00;26.4969599005;5.8844179404e-05;0.106080483337;0.0452991695405;-3.68951266918e-14;0.0;-0.929619629869;-0.985127599177;-1.16923037515;-0.918415606503;-0.915019220183;0;234.75614939;31.0453298302;21.716459175;20.5246717511;0
1990-08-28 12:00:00;29.8871342576;0.00010520872375;0.101663220323;0.0524245335064;4.59152823216e-16;0.0;-0.94311819885;-1.03854593364;-1.37625229513;-0.927254225186;-0.920713572117;0;284.083607189;31.6593260255;26.3670596993;25.3203148464;0
1990-08-28 14:00:00;29.066309758;0.000136117789972;0.105162724189;0.051254434108;-1.54915379767e-15;0.0;-0.957847624529;-1.07962908281;-1.47948692207;-0.93885538553;-0.930090352978;0;275.158130297;33.8900276561;29.7453204539;28.9650103245;0
1990-08-28 16:00:00;26.3870938909;0.000121384492922;0.102293893348;0.0457912168117;-1.32978634614e-14;0.0;-0.966774002929;-1.07622547369;-1.4425760408;-0.949361513456;-0.941445025186;0;186.944819431;31.8035217181;29.7913961676;29.3945134349;0
1990-08-28 18:00:00;15.6446820765;5.62227942031e-05;0.0928862095842;0.0265099886817;-1.34239384065e-13;0.0;-0.964948825293;-1.01877983242;-1.23715383048;-0.954279865454;-0.950826547062;0;62.4491145702;26.9332088446;26.7040289285;26.2867950523;0
1990-08-28 20:00:00;-1.45422909432;2.28291925363e-19;1.13208436031e-14;-9.28779941264e-17;-1.03267682497e-14;14.6789769202;-0.959297538922;-0.963495123977;-0.968258927678;-0.795243510595;-0.954768917449;0;0.0476344100223;13.3681556986;13.0669864678;12.2228755425;0
1990-08-29 08:00:00;18.5821582056;1.27986142036e-05;0.0812904497777;0.0331936785957;-7.43278071842e-14;0.0;-0.802571529924;-0.817604982557;-0.873303549842;-0.796129214106;-0.795944009524;0;76.4107949886;17.6406666186;15.9019895977;15.4033426116;0
1990-08-29 10:00:00;27.0780113083;5.25934719615e-05;0.117217058808;0.0494978301438;-6.16707870431e-14;0.0;-0.810691502239;-0.859320056986;-1.0237809156;-0.799782417506;-0.797487513602;0;229.557410507;29.7011629466;20.8540655721;19.7044128512;0
1990-08-29 12:00:00;31.1226717665;0.000104409698838;0.115850507946;0.058593922037;-8.64363247352e-15;0.0;-0.823609470716;-0.915624348968;-1.25334509909;-0.80710005017;-0.801999430731;0;274.813587192;30.9580673825;25.9682126013;24.9784944048;0
1990-08-29 14:00:00;30.6811931422;0.000127376824501;0.114896898916;0.0578043686516;-1.33748711584e-15;0.0;-0.835151193539;-0.946289856041;-1.33347068712;-0.816146390292;-0.809702354431;0;261.628114976;32.0922556857;28.1637134344;27.4376164949;0
1990-08-29 16:00:00;27.7129689492;0.000123352243355;0.113894452163;0.0515899161368;-4.56522962567e-15;0.0;-0.843553458411;-0.951441430204;-1.32786210278;-0.82503371062;-0.818687957415;0;181.689056463;30.8138636312;28.8821264019;28.498920205;0
1990-08-29 18:00:00;16.4771546822;5.07837329156e-05;0.102340636198;0.0297358723185;-5.09389199189e-14;0.0;-0.839235316087;-0.886754446276;-1.08611741037;-0.828729371348;-0.826370058954;0;61.4326836535;24.9726330047;24.7785299735;24.4806413457;0
1990-08-29 20:00:00;-1.46926852883;2.59102783257e-19;1.47576120437e-14;1.11110828411e-16;-1.39577215528e-14;0.0;-0.833747044816;-0.83794462987;-0.842708433571;-0.828729371348;-0.829218423343;0;0.0407209822936;13.4378336641;13.1592101631;12.3698105641;0
1990-08-30 08:00:00;17.7473339205;1.02077682861e-05;0.0762636981095;0.0311143873424;-1.0672748717e-14;0.0;-0.835612932255;-0.848543900811;-0.894502003731;-0.829474828487;-0.829388919778;0;71.7953230155;16.7678319682;15.2456062872;14.8058313064;0
1990-08-30 10:00:00;26.0419385374;4.61501322423e-05;0.109858581696;0.046599057102;7.96319324685e-15;0.0;-0.842962087909;-0.886474539423;-1.03341732616;-0.832856067145;-0.830734970226;0;217.064498533;27.8641802249;19.9799642311;18.9557035083;0
1990-08-30 12:00:00;30.562671091;9.88504920649e-05;0.111037851108;0.056289040449;-1.93719723925e-14;0.0;-0.855872556584;-0.943955332013;-1.26607143437;-0.840159343625;-0.834998791453;0;271.57340358;30.3051085421;25.3429300778;24.3506667783;0
1990-08-30 14:00:00;30.3111527472;0.000131247597375;0.110872139791;0.0559425963324;-1.05536729902e-14;0.0;-0.869167267345;-0.984399919734;-1.37803316387;-0.849986178639;-0.842849434424;0;265.935607047;32.2962649712;28.3419030989;27.6054037721;0
1990-08-30 16:00:00;27.4474915418;0.00011834843237;0.109608473041;0.0499734089556;-3.99690894113e-17;0.0;-0.876716708435;-0.98133967406;-1.34567649153;-0.858976507566;-0.852466190115;0;181.610497005;30.5060246582;28.4632577837;28.0677112437;0
1990-08-30 18:00:00;15.8901110265;4.63863250152e-05;0.0978760709037;0.0281532757547;-3.96293330947e-14;0.0;-0.872473080148;-0.916645214976;-1.10120885785;-0.862534162977;-0.860248020519;0;58.8816280272;24.7263291811;24.5397064355;24.2507456917;0
