time;An;E;Gs_max;Gs_mean;Gs_min;Irrigation;Psi_leaf_max;Psi_leaf_mean;Psi_leaf_min;Psi_soil;Psi_stem;Pthresh;Rg;Tleaf_max;Tleaf_mean;Tleaf_min;Tthresh
1990-07-31 20:00:00;-1.47071745335;6.13166386006e-18;3.83969623379e-13;-1.56536305795e-15;-4.26886310949e-13;0.0;-0.505017673468;-0.509215258523;-0.513979062224;-0.5;-0.500489051995;0;0.0407209822936;13.5045342361;13.192673527;12.3166692615;0
1990-08-01 08:00:00;22.80341799;2.57896096262e-05;0.318378837348;0.121007056478;-2.27368922806e-13;0.0;-0.509200231878;-0.533199694107;-0.632829474631;-0.500973665683;-0.500873832382;0;79.4362828369;16.923389444;15.343422802;14.9158650279;0
1990-08-01 10:00:00;32.2921450136;0.000106147674138;0.449611816906;0.172002329113;0.000781828225302;0.0;-0.523346930357;-0.610835159669;-0.946747306985;-0.50500735592;-0.503047344635;0;206.205977082;26.8634451025;19.7531797738;18.9032383992;0
1990-08-01 12:00:00;38.6481579329;0.000228159867406;0.462570183546;0.20999975954;1.8801788034e-15;0.0;-0.547320772677;-0.729678418414;-1.33278559311;-0.513822249982;-0.508908618875;0;423.154848857;134.425364479;25.2981917514;23.7684768284;1
1990-08-01 14:00:00;42.0647215813;0.000329152256077;0.457284606708;0.217356702066;0.000460938613337;0.0;-0.57290838731;-0.832003411006;-1.62614342259;-0.526896430542;-0.51925099237;0;295.198963952;31.4924253414;27.8465865681;26.9035208505;0
1990-08-01 16:00:00;38.7802695747;0.000334028871314;0.457533082157;0.196843743923;1.07549400887e-12;0.0;-0.587078613328;-0.850190315608;-1.63609096378;-0.540612142847;-0.532422135656;0;219.485914884;30.8204248002;28.6747004613;27.7217635315;0
1990-08-01 18:00:00;26.788293406;0.000210834421643;0.422376176151;0.138666677746;-9.4861578987e-14;0.0;-0.580468314062;-0.749486601394;-1.3657629537;-0.549510096123;-0.54429489353;0;95.3278050279;27.1628527185;26.4260325409;25.5208831034;0
1990-08-01 20:00:00;-1.4676578568;8.72330234196e-18;5.70022038166e-13;5.08775854724e-15;-4.74200322676e-13;0.0;-0.554527769591;-0.558725354646;-0.563489158347;-0.549510096123;-0.549999148118;0;0.0476344100223;13.5210833718;13.2069184902;12.3246394255;0
1990-08-02 08:00:00;23.2561940138;3.30250260936e-05;0.317283154805;0.121888545379;-5.57903467946e-13;0.0;-0.559982325612;-0.589954073205;-0.715263880571;-0.550921158512;-0.550500760805;0;82.4625992439;17.2081115043;15.5501341332;15.1287494907;0
1990-08-02 10:00:00;33.0511744728;0.000121217053616;0.444866350175;0.172590452556;0.000693297035418;0.0;-0.576122930226;-0.676866186149;-1.05355086447;-0.556141164987;-0.553252728764;0;212.76551564;27.8838010383;20.6013667429;19.7078467576;0
1990-08-02 12:00:00;38.135260434;0.00021203521095;0.43137727985;0.203641070952;5.62738143244e-14;0.0;-0.596516723497;-0.766739375691;-1.2865602021;-0.565428528374;-0.559859987375;0;421.487709095;122.660514229;25.1038744222;23.5767420246;1
1990-08-02 14:00:00;41.8924843824;0.000323668265037;0.447031207882;0.209065593839;0.000450050182494;0.0;-0.624575637677;-0.882550014211;-1.65735574098;-0.5800001789;-0.57086558664;0;298.76662956;31.4808214028;27.7145403978;26.7605747643;0
1990-08-02 16:00:00;38.7817411524;0.0003172410028;0.443206727173;0.190467238903;2.32637549644e-12;0.0;-0.638369024746;-0.891844354655;-1.64808332962;-0.594762300752;-0.585363995175;0;223.374063167;30.3725964126;28.0662231904;27.1638828634;0
1990-08-02 18:00:00;27.2284584069;0.000206604336125;0.402234684371;0.136322135528;-3.3664162056e-13;0.0;-0.634572877907;-0.802575506471;-1.40176481535;-0.604640991266;-0.598441661015;0;98.3837561077;26.7639796994;26.0640439383;25.2212419712;0
1990-08-02 20:00:00;-1.46618205338;7.33428325512e-18;4.42342726706e-13;1.32572427142e-15;-6.03117606095e-13;0.0;-0.609658664734;-0.613856249788;-0.618620053489;-0.604640991266;-0.605130043261;0;0.0407209822936;13.4614980136;13.1486107759;12.2716086058;0
1990-08-03 08:00:00;20.7420200503;1.67712449914e-05;0.289713419816;0.106181591029;9.74233570741e-14;0.0;-0.612482321546;-0.630049785583;-0.700296593885;-0.605452281033;-0.605389784092;0;68.0665689383;15.6590227085;14.2527708587;13.8368565054;0
1990-08-03 10:00:00;31.9566004722;9.57833274216e-05;0.421314173416;0.163646721531;0.000764731048297;0.0;-0.626714774161;-0.70852903482;-1.01422803862;-0.610113057465;-0.607425495092;0;213.016959807;26.4677356783;18.9283722687;18.0604853653;0
1990-08-03 12:00:00;40.7399120944;0.000213768195854;0.415773147858;0.206369688558;0.000776834947328;0.0;-0.651321363793;-0.826342385267;-1.44580731743;-0.62068529937;-0.613920914711;0;298.657294389;28.5128229408;23.9417997088;22.9973615151;0
1990-08-03 14:00:00;41.4708219462;0.000288467360049;0.429023136359;0.201991143901;0.000449392242854;0.0;-0.674834826053;-0.908833490422;-1.6365566131;-0.635334741072;-0.625670344666;0;293.858692657;30.7455062732;26.971001955;26.1126845822;0
1990-08-03 16:00:00;38.246676399;0.00027549762457;0.422487923439;0.183916568516;-4.96426137538e-12;0.0;-0.687535537064;-0.911593371594;-1.60528454435;-0.649750265162;-0.640139400937;0;216.460595346;29.4060629658;27.1582872786;26.4054063909;0
1990-08-03 18:00:00;26.8183423239;0.00016273086793;0.388219644404;0.132304164218;-2.80905723222e-13;0.0;-0.682670258444;-0.818032761622;-1.32329073811;-0.658466476092;-0.652800410202;0;95.4130505899;25.3669195192;24.8766647978;24.2863739045;0
1990-08-03 20:00:00;-1.46298722877;4.38485367702e-18;4.61246174344e-13;-5.61865715649e-15;-4.82504751887e-13;0.0;-0.66348414956;-0.667681734615;-0.672445538316;-0.658466476092;-0.658955528087;0;0.0407209822936;13.3809620644;13.0991451751;12.3034557349;0
1990-08-04 08:00:00;21.8566885389;2.54329537096e-05;0.290559945835;0.10982579438;-4.22793500237e-13;0.0;-0.667847609136;-0.692638737741;-0.794270007253;-0.659842502454;-0.659356850859;0;74.8234499584;16.2883470526;14.8116713059;14.4135687895;0
1990-08-04 10:00:00;31.7989911056;9.6508054024e-05;0.407500910838;0.157963224738;0.000674819317825;0.0;-0.68154360402;-0.765128852935;-1.07192221739;-0.665098305256;-0.661855430699;0;206.238461655;26.7155186634;19.231047123;18.3502185057;0
1990-08-04 12:00:00;40.6513310192;0.000212191338911;0.396649229042;0.198073049905;0.000739307759083;0.0;-0.706714479619;-0.882984930422;-1.49603119955;-0.676848099096;-0.668944994509;0;301.870179373;28.8063649765;24.0012820882;23.0051703827;0
1990-08-04 14:00:00;41.2961503983;0.000290851458717;0.418043437099;0.191559067108;0.000407035246904;0.0;-0.732352639208;-0.971271678593;-1.6924797816;-0.693398460235;-0.681959012521;0;299.523725981;31.0193318713;27.1192984618;26.2238284908;0
1990-08-04 16:00:00;37.9364194535;0.000283169650233;0.411990538745;0.17259654198;-1.21930146521e-12;0.0;-0.747872307858;-0.980711845838;-1.66018545078;-0.710023673626;-0.698412651956;0;217.112034752;29.8717641036;27.5440646289;26.724165559;0
1990-08-04 18:00:00;26.9565017793;0.000171215866391;0.366195192278;0.126458155439;3.72560919235e-14;0.0;-0.745004122239;-0.88930010237;-1.4063511143;-0.720329354228;-0.713263425859;0;97.3912220197;25.5779286077;25.0613642352;24.4208397027;0
1990-08-04 20:00:00;-1.43111465789;5.43897204398e-18;4.62934180162e-13;2.49441802682e-15;-3.92961835905e-13;0.0;-0.725347027696;-0.72954461275;-0.734308416451;-0.720329354228;-0.720818406222;0;0.0407209822936;13.0674169301;12.7828877442;11.9910273233;0
1990-08-05 08:00:00;23.3549903934;2.78078843565e-05;0.289307047822;0.114396049112;-9.30087760405e-13;0.0;-0.730219239678;-0.757417744275;-0.869611650504;-0.722021566441;-0.721266539849;0;85.5206002845;16.9624709496;15.267700012;14.825485962;0
1990-08-05 10:00:00;31.9971587524;0.000104323708363;0.392289901398;0.152468764801;0.000499354137763;0.0;-0.745460683633;-0.836873314793;-1.16430525123;-0.728416572442;-0.724193137823;0;204.70242073;27.0234123898;20.0136414506;19.1689778852;0
1990-08-05 12:00:00;40.0856307055;0.000203955551479;0.373089454496;0.186310707066;0.000636020227073;0.0;-0.769366115067;-0.941507946183;-1.52601341852;-0.741134471347;-0.732202961975;0;294.803354264;28.5064146658;23.9355983497;22.9904736334;0
1990-08-05 14:00:00;40.6877881378;0.000273877999866;0.398162662455;0.179545246106;0.00032957433018;0.0;-0.794700670838;-1.02355002449;-1.71167055497;-0.758673150206;-0.74607104209;0;293.558411258;30.7756843092;26.8212516429;25.9298994362;0
1990-08-05 16:00:00;37.2462277153;0.000259738816712;0.387494811011;0.161632954602;4.30574430884e-13;0.0;-0.810022940425;-1.02752095206;-1.66623000472;-0.775811154669;-0.763404681153;0;210.614781448;29.3428298427;27.062961341;26.307965636;0
1990-08-05 18:00:00;25.4939557873;0.000155358968138;0.339638534364;0.113999020788;-3.56562762225e-13;0.0;-0.808593400789;-0.942254845477;-1.42293294859;-0.786304474779;-0.778851513859;0;89.2158769004;25.1788834089;24.6941262399;24.0835559406;0
1990-08-05 20:00:00;-1.49129964679;6.98195681789e-18;3.56532317542e-13;2.99615903412e-15;-4.96045610742e-13;0.0;-0.791322148248;-0.795519733302;-0.800283537003;-0.786304474779;-0.786793526774;0;0.0407209822936;13.6534127966;13.3746539778;12.577980843;0
1990-08-06 08:00:00;22.6925677068;3.18348777012e-05;0.278755093293;0.10635258983;-3.80435481056e-13;0.0;-0.797024206921;-0.828051123223;-0.955180055173;-0.788477555692;-0.787317956681;0;79.4437934316;17.2065526772;15.7363122738;15.361718465;0
1990-08-06 10:00:00;32.0469652738;0.000107837000138;0.375464987843;0.144918040543;0.000418088842268;0.0;-0.812959378986;-0.908870208583;-1.24395484077;-0.795897239314;-0.790744691765;0;205.889228809;27.3910921805;20.3752517292;19.5197572693;0
1990-08-06 12:00:00;39.4819293019;0.000209595387145;0.360094431417;0.171764304016;0.000393481734575;0.0;-0.838683744663;-1.01800445462;-1.59493588223;-0.810581601345;-0.799851626598;0;277.402271421;28.9112347405;24.6701160335;23.7657713731;0
1990-08-06 14:00:00;39.8187617297;0.000270484253566;0.384050334738;0.164547364422;0.000119313800976;0.0;-0.864640123378;-1.09424148586;-1.7657585651;-0.8300600795;-0.815564992536;0;278.554929169;31.1256538037;27.4669920664;26.5802492681;0
1990-08-06 16:00:00;37.0120339865;0.000251597754375;0.371558151362;0.150805595799;1.2303733874e-13;0.0;-0.88099190204;-1.09543818411;-1.71425437968;-0.848731641961;-0.834756042864;0;213.142075555;29.8546727127;27.518264927;26.7725570225;0
1990-08-06 18:00:00;25.2121094399;0.00014540292573;0.318990045798;0.106464510225;-2.00332474343e-13;0.0;-0.880343162976;-1.00812428582;-1.46469648636;-0.859773214701;-0.851665977133;0;88.6395912492;25.5067421028;25.056077704;24.4752596157;0
1990-08-06 20:00:00;-1.51041900042;4.6833679054e-18;2.75643523314e-13;-1.55208212267e-16;-3.700236814e-13;0.0;-0.864790888169;-0.868988473224;-0.873752276924;-0.859773214701;-0.860262266696;0;0.0303040803986;13.800672994;13.5054541766;12.6612923035;0
1990-08-07 08:00:00;22.8284328214;2.87969328824e-05;0.262335368778;0.101638512445;-3.37376185026e-12;0.0;-0.870073004282;-0.899115602738;-1.01730631829;-0.861982244076;-0.860748124846;0;81.4420209838;17.2287365348;15.6889459556;15.2884502226;0
1990-08-07 10:00:00;31.4651708897;9.7643597784e-05;0.350640450683;0.134285377584;0.00030605740812;0.0;-0.885046556888;-0.974019935116;-1.28086154981;-0.869528032562;-0.864120204393;0;199.548394536;27.2772160193;20.1963096022;19.3378756713;0
1990-08-07 12:00:00;39.6982056286;0.000205085868446;0.340073081073;0.161209900185;0.000404427258859;0.0;-0.912368450395;-1.09106855466;-1.65409556413;-0.885660398641;-0.873489780699;0;299.878390002;29.4014208318;24.8349618772;23.8786876808;0
1990-08-07 14:00:00;39.5970347029;0.000253276898564;0.356790814418;0.15302909951;0.000110527487844;0.0;-0.937687044343;-1.15709631864;-1.79726202834;-0.906128255546;-0.890460900918;0;289.990882192;31.1947834397;27.2302413736;26.3525812716;0
1990-08-07 16:00:00;36.5576801525;0.000238146896399;0.347981710801;0.138559646509;1.19172280103e-13;0.0;-0.955649281967;-1.16268514141;-1.75419561562;-0.925941478735;-0.910697496698;0;214.397323772;29.9146061189;27.490345392;26.7595888974;0
1990-08-07 18:00:00;25.2152273696;0.000137017983659;0.29529851008;0.0987104880757;-1.46075839211e-13;0.0;-0.956633510653;-1.0796786005;-1.51458340274;-0.937598325052;-0.928792158236;0;90.0105830929;25.2269297167;24.8203698539;24.2756243755;0
1990-08-07 20:00:00;-1.51030301302;4.99059652345e-18;2.38827069631e-13;-3.56817862281e-15;-2.14728150165e-13;32.7545633215;-0.94261599852;-0.946813583575;-0.951577387276;-0.633797317198;-0.938087377047;0;0.0407209822936;13.8676291853;13.5694659508;12.7156980695;0
1990-08-08 08:00:00;23.3427852074;3.22818283501e-05;0.308588769202;0.118912925502;2.81761932004e-13;0.0;-0.644306585172;-0.674432095797;-0.799853738044;-0.635459438046;-0.634791453853;0;83.1576663482;17.3296972792;15.6700540365;15.2449512853;0
1990-08-08 10:00:00;32.6987136571;0.000113569419161;0.4203961958;0.164250057749;0.000520145251485;0.0;-0.659956733233;-0.756649986967;-1.10686077348;-0.641352356533;-0.637726824519;0;210.424697953;27.3929546168;20.3301566066;19.4626021195;0
1990-08-08 12:00:00;41.0556750745;0.000248228159125;0.404820105275;0.199964848473;0.000617008290624;0.0;-0.688897737916;-0.892542312094;-1.56318323221;-0.654483360337;-0.645737666993;0;297.7809187;29.5626563043;25.2069408301;24.2504464181;0
1990-08-08 14:00:00;41.2267268;0.000323978531426;0.432987131993;0.19125245307;0.000294552850293;0.0;-0.715356540873;-0.978911718408;-1.73654476831;-0.672155270605;-0.66008181287;0;294.291801528;32.0468655931;28.1334361251;27.0940486409;0
1990-08-08 16:00:00;37.9055670924;0.000314986548491;0.420011838577;0.172652136336;-1.18880679144e-12;0.0;-0.731821815513;-0.988858244703;-1.72502316723;-0.689939501543;-0.677642012419;0;216.713127369;30.778312122;28.5521861569;27.6034368121;0
1990-08-08 18:00:00;25.7797035443;0.000175843799589;0.372679203614;0.122601280114;-4.32557455289e-13;0.0;-0.725512606181;-0.872862313727;-1.40371584889;-0.700135757923;-0.69323447315;0;90.2392528685;26.0545241087;25.4956865815;24.7713228286;0
1990-08-08 20:00:00;-1.49037343651;8.94083610361e-18;5.30511825644e-13;3.79623204087e-15;-3.91651817826e-13;0.0;-0.705153431391;-0.709351016446;-0.714114820146;-0.700135757923;-0.700624809918;0;0.0476344100223;13.7204112112;13.4204226732;12.5670177368;0
1990-08-09 08:00:00;23.2332934568;3.60711372939e-05;0.298547295027;0.114560835225;-4.15219264127e-13;0.0;-0.711432364811;-0.745207792168;-0.884991519095;-0.702251641081;-0.701202170053;0;82.3055437923;17.4321887506;15.8863955589;15.5059625072;0
1990-08-09 10:00:00;33.0650538686;0.00011840476844;0.409848859669;0.159077960356;0.000452848981013;0.0;-0.728048038618;-0.830506818391;-1.19163082339;-0.709256137516;-0.704637680713;0;214.626511559;28.2490141651;20.8304656555;19.9203869226;0
1990-08-09 12:00:00;40.8405618804;0.000235878159545;0.392656613334;0.189971823191;0.000523785750505;0.0;-0.755605491431;-0.952456120467;-1.58216627287;-0.723484577995;-0.713534416134;0;296.048172108;29.8865187573;25.4841676016;24.5342558729;0
1990-08-09 14:00:00;40.5394483806;0.000314629085934;0.417595555682;0.177546151671;0.000165017490294;0.0;-0.783997484273;-1.04409252272;-1.77568558781;-0.743050007598;-0.729053323533;0;286.730328828;32.1093287407;28.3538494238;27.3277910174;0
1990-08-09 16:00:00;37.1124093534;0.000296999884499;0.394466628051;0.159780645841;-5.17544279615e-13;0.0;-0.800802904915;-1.04765793371;-1.75136595021;-0.762158751255;-0.74836544712;0;209.284618187;30.6170009933;28.4240352051;27.4925480578;0
1990-08-09 18:00:00;24.8800132733;0.000183160515925;0.34292081174;0.110780091535;-5.29106727428e-13;0.0;-0.799762698532;-0.955765281639;-1.49766525169;-0.774264343399;-0.765642323431;0;86.8659844573;26.7278519346;26.0828917781;25.1833683451;0
1990-08-09 20:00:00;-1.50821904875;8.09027907723e-18;4.47658402877e-13;-1.76800248263e-15;-3.56615407944e-13;0.0;-0.779282016867;-0.783479601922;-0.788243405623;-0.774264343399;-0.774753395394;0;0.0544493304395;13.9250394852;13.6306062159;12.7848309574;0
1990-08-10 08:00:00;23.1495658956;3.48866204445e-05;0.285715298404;0.10934283524;-2.9710783204e-13;0.0;-0.785506358957;-0.818989496439;-0.956629492431;-0.776598547538;-0.775325824;0;81.8097896795;17.570576863;16.0599953516;15.6837175885;0
1990-08-10 10:00:00;32.4843926359;0.000113625386367;0.386410747824;0.148101966833;0.000350081592264;0.0;-0.802053021129;-0.902448587595;-1.25040559689;-0.78426511889;-0.778953831448;0;205.627965438;27.9935069095;20.9119399552;20.0374079242;0
1990-08-10 12:00:00;40.291418051;0.000227378622945;0.374187847557;0.175867794389;0.000395667377591;0.0;-0.830110534397;-1.02366146455;-1.63485346206;-0.799906601897;-0.788499349576;0;290.117171684;30.1409007178;25.6134320988;24.6376905232;0
1990-08-10 14:00:00;39.8592799056;0.000312069700955;0.39858987569;0.162105886084;3.03780514623e-05;0.0;-0.86134876018;-1.12381646314;-1.83899626913;-0.822045039144;-0.805563471601;0;286.266494664;32.691559752;28.8679977504;27.8000511025;0
1990-08-10 16:00:00;36.3775389151;0.000312469273272;0.377012489072;0.143359978955;-1.69868183143e-12;0.0;-0.883979756686;-1.1478941397;-1.86292531054;-0.845021628508;-0.827746088137;0;211.781186393;31.9699488062;29.7243972759;28.6737117173;0
1990-08-10 18:00:00;24.9064826622;0.000179546060749;0.318751322913;0.102896233377;-3.62554198152e-13;0.0;-0.882841038551;-1.0390233685;-1.56865920039;-0.858604907286;-0.848526823272;0;88.6633938238;27.1349627777;26.5279799188;25.6484758095;0
1990-08-10 20:00:00;-1.45144814449;6.62935168547e-18;3.43604347608e-13;-2.47231162151e-15;-4.65376490098e-13;0.0;-0.863622580754;-0.867820165809;-0.872583969509;-0.858604907286;-0.859093959281;0;0.0613140694382;13.3774357934;13.1058496226;12.3362279794;0
1990-08-11 08:00:00;23.8989113451;3.43234563844e-05;0.268854906874;0.106337451043;1.76322002544e-13;0.0;-0.869917057966;-0.903714845989;-1.04199034472;-0.861234045687;-0.859672851359;0;88.753350539;17.8699788357;16.0437118764;15.5829991294;0
1990-08-11 10:00:00;32.6149221728;0.000113525966084;0.360831629867;0.138180007199;0.000282749079691;0.0;-0.887234511932;-0.989693326975;-1.33477689888;-0.870005381443;-0.863639833405;0;214.437579454;28.4266180487;21.0285329408;20.1453463817;0
1990-08-11 12:00:00;39.6447736742;0.000215202474238;0.347993477265;0.159942448767;0.000279339636981;0.0;-0.914731423054;-1.10196947141;-1.6834311063;-0.886955830487;-0.87413909056;0;288.28908765;30.0915103104;25.6274116495;24.6763454289;0
1990-08-11 14:00:00;39.4496619871;0.000279724729081;0.368881778724;0.150089285327;-5.50196199406e-12;0.0;-0.943936305997;-1.18507054861;-1.85256507042;-0.909640031447;-0.892208854585;0;289.912477123;32.6716170829;28.756654488;27.7855503018;0
1990-08-11 16:00:00;36.0377864537;0.000276249019945;0.349207630988;0.132876209454;-1.41039708908e-13;0.0;-0.966355839638;-1.20609499032;-1.88607448052;-0.9327929995;-0.914867835186;0;212.425830519;31.775829189;29.4112433212;28.482696065;0
1990-08-11 18:00:00;24.5806418415;0.000163656625628;0.293988808251;0.09421107788;-1.37812779287e-12;0.0;-0.968533750035;-1.11464461266;-1.6112534541;-0.946873854779;-0.936109108984;0;88.5133495728;27.4261552395;26.867370541;26.0496444486;0
1990-08-11 20:00:00;-1.4501372439;4.11923627099e-18;3.60075143995e-13;5.68738293571e-15;-2.56035578959e-13;0.0;-0.951891528247;-0.956089113302;-0.960852917003;-0.946873854779;-0.947362906774;0;0.0303040803986;13.1965619983;12.9092207364;12.1055915136;0
1990-08-12 08:00:00;21.9497185302;2.50879767697e-05;0.236187726087;0.0905203429917;-3.79506465719e-15;0.0;-0.95662104045;-0.983050128069;-1.08956654597;-0.949056926343;-0.947798038129;0;76.9890980591;16.8824660307;15.2651850155;14.8271877263;0
1990-08-12 10:00:00;32.2219849654;9.90929911162e-05;0.32859367214;0.12642136698;0.000256776972093;0.0;-0.972896717107;-1.06506868205;-1.37257783322;-0.957744317474;-0.951266187718;0;220.174508738;28.4045162568;20.3883260386;19.4544083367;0
1990-08-12 12:00:00;39.2561404014;0.000202633559952;0.316946853805;0.145191411173;0.000234075728457;0.0;-1.00117067239;-1.18170024443;-1.73928547548;-0.975835505202;-0.961761539024;0;300.427664261;30.3325671403;25.5212399151;24.5131183816;0
1990-08-12 14:00:00;38.723565374;0.000260194496961;0.335868731462;0.135391198769;-9.38831756015e-13;0.0;-1.03051859803;-1.26032242795;-1.90188952737;-0.999727144122;-0.980881213939;0;291.969210304;32.7838910251;28.8207477098;27.8945489604;0
1990-08-12 16:00:00;35.2028895929;0.000252046772604;0.31611655767;0.119108889866;-1.93619637126e-13;0.0;-1.05321065154;-1.27671844722;-1.8946401815;-1.02360563295;-1.00466275637;0;210.553260262;31.8388492772;29.5021527035;28.654516316;0
1990-08-12 18:00:00;24.3034902381;0.000146996219171;0.26241193059;0.0850880755894;-2.63731931075e-13;0.0;-1.0569889242;-1.19191066617;-1.65515217078;-1.0378770199;-1.02670627267;0;88.5133495728;27.1143933901;26.6381377927;25.9375038678;0
1990-08-12 20:00:00;-1.44187757109;4.11612919258e-18;3.42807762349e-13;7.38565986167e-15;-1.41795047459e-13;0.0;-1.04289469337;-1.04709227842;-1.05185608212;-1.0378770199;-1.03836607189;0;0.0303040803986;13.1335157111;12.8336851222;12.0010729044;0
1990-08-13 08:00:00;20.966640127;2.19147057084e-05;0.211597250462;0.0788993610663;-2.78466045392e-13;0.0;-1.04714390512;-1.07129294433;-1.16749390079;-1.04002690132;-1.038756981;0;71.1794335873;16.7547618946;15.3898370164;15.0064051866;0
1990-08-13 10:00:00;31.2354527822;8.5538622405e-05;0.291463390494;0.112034199674;0.000141485796633;0.0;-1.0617512006;-1.14380554341;-1.41568876828;-1.04847440786;-1.04204303131;0;209.59746585;27.8599990618;20.1782907766;19.2821593051;0
1990-08-13 12:00:00;38.2098895062;0.00017427188612;0.281778401122;0.13018778903;0.000118557869914;0.0;-1.08742881638;-1.24724104346;-1.75196777731;-1.06596466611;-1.05208338693;0;290.164939604;29.9550702038;25.1212743353;24.146327948;0
1990-08-13 14:00:00;37.5346994253;0.000227585052354;0.298825743224;0.120838420638;-1.31331151358e-13;0.0;-1.11560214867;-1.32196062502;-1.9055579496;-1.0893849352;-1.07055028722;0;276.262930422;32.3345564379;28.4868687367;27.6484581707;0
1990-08-13 16:00:00;34.3094879936;0.000233031684282;0.282602665493;0.106292734374;-9.5302424936e-14;0.0;-1.1404318517;-1.35232807889;-1.93940789277;-1.11406835816;-1.09409828289;0;208.810598051;31.8915921274;29.6035407718;28.8270598484;0
1990-08-13 18:00:00;23.4476520373;0.000134412900558;0.233066356634;0.0745552166682;-1.08679221849e-13;0.0;-1.14572078191;-1.27245099521;-1.70900916986;-1.12863920609;-1.1170113401;0;86.016706661;27.221736398;26.792374617;26.1365203041;0
1990-08-13 20:00:00;-1.50414839843;3.15654682376e-18;1.77468795711e-13;1.56824213617e-15;-1.55756136025e-13;0.0;-1.13365687956;-1.13785446462;-1.14261826832;-1.12863920609;-1.12912825809;0;0.0476344100223;13.863769448;13.5572084391;12.6820732048;0
1990-08-14 08:00:00;21.2797504278;2.24391356396e-05;0.186292753475;0.0723912717874;-2.19333088861e-13;0.0;-1.13813010881;-1.16328254711;-1.26239769813;-1.13109593703;-1.12953957094;0;75.9053651171;16.7590628578;15.289249893;14.891496892;0
1990-08-14 10:00:00;30.6040901643;8.01668219614e-05;0.25541708586;0.0990099362509;6.3110148795e-05;0.0;-1.15220168595;-1.23112395354;-1.49004901023;-1.13993031023;-1.13305575807;0;212.670701413;27.6419502532;19.8762948577;18.9632863643;0
1990-08-14 12:00:00;37.2063129673;0.000158967028491;0.246060263192;0.114864902972;4.18094665263e-05;0.0;-1.17674464829;-1.32647765016;-1.80515199051;-1.15771726802;-1.14334407293;0;292.078337514;29.7588744527;24.749898828;23.7673036158;0
1990-08-14 14:00:00;36.8069005246;0.000205980501192;0.26011634748;0.107864143066;-2.92915950562e-11;0.0;-1.20420934512;-1.39602102736;-1.94619392055;-1.18130878405;-1.16201636407;0;284.793209796;32.0424368761;27.9765111523;27.1229834872;0
1990-08-14 16:00:00;33.6162328755;0.000195076144281;0.246661832957;0.0956950630355;-9.85016295761e-14;0.0;-1.22589329361;-1.40858275642;-1.92845517091;-1.2042347828;-1.18543105215;0;205.447490872;30.808993783;28.4329960322;27.7883111174;0
1990-08-14 18:00:00;22.6074350949;0.000107261636545;0.200972144251;0.065636836712;-2.95670140343e-14;0.0;-1.23106887646;-1.33577387636;-1.70878129732;-1.21708895439;-1.20673440782;0;81.8489705719;25.767997965;25.43611623;24.9579053449;0
1990-08-14 20:00:00;-1.40218463892;1.03627292631e-18;8.87537514566e-14;7.0091791831e-17;-7.0119511223e-14;31.4901557711;-1.22210662786;-1.22630421292;-1.23106801662;-0.810153738581;-1.21757800639;0;0.0476344100223;12.8287188797;12.5375819028;11.7380216596;0
1990-08-15 08:00:00;21.4064203999;2.40570165939e-05;0.264275100311;0.0986468656107;-2.94106540418e-13;0.0;-0.81951349252;-0.844160049225;-0.944093990401;-0.811860604896;-0.811042196519;0;72.2297545411;16.3746150414;14.9974755467;14.6192428995;0
1990-08-15 10:00:00;31.9807275196;9.49479133048e-05;0.366172103507;0.143302929607;0.000384283927992;0.0;-0.834156243657;-0.919516721585;-1.21366193561;-0.818643338784;-0.81392720949;0;209.995195103;27.0373330999;19.5641167561;18.6748786673;0
1990-08-15 12:00:00;39.875259929;0.000202191727826;0.351321913394;0.170845796968;0.000499134540897;0.0;-0.860344778775;-1.0346099619;-1.59864501659;-0.833336041774;-0.822500212605;0;297.930943078;29.0554513688;24.4214395169;23.4579482423;0
1990-08-15 14:00:00;40.000476422;0.000274806614418;0.379102795165;0.161194449343;0.000128035503548;0.0;-0.888541475044;-1.12284875404;-1.79760852694;-0.853863422467;-0.838425252064;0;290.864149826;31.5443820196;27.7363840671;26.8313395684;0
1990-08-15 16:00:00;36.3887018162;0.000269132783787;0.360944433544;0.142515234307;-2.73762005939e-13;0.0;-0.908378378162;-1.13829681269;-1.7778094451;-0.874612741015;-0.85888757611;0;208.00912682;30.4759138723;28.2842808331;27.4487353727;0
1990-08-15 18:00:00;24.4503025731;0.000149452599418;0.306613633023;0.100166777253;-3.57593817308e-13;0.0;-0.907180824861;-1.03919010543;-1.50458838497;-0.886420378251;-0.87763619913;0;85.1196001239;25.7647089685;25.2921868796;24.6333527985;0
1990-08-15 20:00:00;-1.42155923506;3.80392955266e-18;3.09393102498e-13;-2.7147510002e-15;-3.13855089942e-13;0.0;-0.891438051719;-0.895635636774;-0.900399440475;-0.886420378251;-0.886909430246;0;0.0613140694382;13.1198512176;12.8242310486;12.0032431791;0
1990-08-16 08:00:00;22.9874771354;2.75595966746e-05;0.255579638686;0.100229510186;-1.28181897159e-13;0.0;-0.896536653732;-0.924722922764;-1.03928116563;-0.88862048006;-0.88737839469;0;83.3633642929;17.2178498589;15.5683216152;15.1343399383;0
1990-08-16 10:00:00;32.6592832943;0.000102677210368;0.34855790219;0.136057158414;0.000287699319081;0.0;-0.912787099598;-1.00643028109;-1.31925869465;-0.896880432868;-0.890858307847;0;220.877084664;28.0141984618;20.4610346436;19.5689568842;0
1990-08-16 12:00:00;39.5834793053;0.000206998393898;0.336717883735;0.156132946749;0.000304629878772;0.0;-0.940406965757;-1.12195012004;-1.68810176239;-0.913840374758;-0.900905314502;0;295.246780871;29.9364224076;25.3686158829;24.4077268441;0
1990-08-16 14:00:00;39.1937528103;0.000274849954313;0.357237341478;0.145045660185;-9.58932420526e-13;0.0;-0.970339099119;-1.20935588802;-1.89059263093;-0.937013934768;-0.919050428303;0;289.172355873;32.4379410662;28.5774699696;27.625720955;0
1990-08-16 16:00:00;35.5194229746;0.00026855293806;0.334062731681;0.127104283033;-1.5651274426e-13;0.0;-0.992716398573;-1.22655173799;-1.85803190494;-0.960404733291;-0.942149531398;0;207.13246047;31.2865325783;29.1165998655;28.2479869106;0
1990-08-16 18:00:00;23.5267117915;0.000143806860705;0.281450481486;0.0886855338042;-1.96816917759e-14;0.0;-0.992632697115;-1.12263512324;-1.57608720633;-0.973244740547;-0.963399365829;0;82.2206296326;26.4733860086;26.0020370113;25.2984284943;0
1990-08-16 20:00:00;-1.46054288366;3.81822638798e-18;2.37503481136e-13;-9.08147444405e-16;-2.72071111239e-13;0.0;-0.978262414015;-0.98245999907;-0.98722380277;-0.973244740547;-0.973733792542;0;0.0476344100223;13.4105672896;13.1220701616;12.3084943669;0
1990-08-17 08:00:00;22.0048604201;2.24302924078e-05;0.227005616041;0.0887210527641;5.41577211158e-14;0.0;-0.982526540602;-1.00678062452;-1.10402632027;-0.975267669724;-0.974126034507;0;78.7931173701;16.6281832352;14.9783904638;14.5290857238;0
1990-08-17 10:00:00;32.0352221623;9.73387521589e-05;0.31336391947;0.122297549653;0.000249543411346;0.0;-0.998935813902;-1.08982660158;-1.38744295012;-0.984110412553;-0.977460313776;0;222.533106032;27.7444558177;20.0244712804;19.1145295145;0
1990-08-17 12:00:00;38.5236473056;0.000179804137295;0.296848652969;0.140438633741;0.000276952909028;0.0;-1.02347085371;-1.18559051434;-1.70570130313;-1.00072250103;-0.98775567299;0;294.677276932;29.0767236066;24.325294578;23.3644713419;0
1990-08-17 14:00:00;38.4262422414;0.000229570477414;0.315016184091;0.132555612897;-8.10101583114e-13;0.0;-1.04987573361;-1.25460826069;-1.83985296607;-1.02246990887;-1.0052625841;0;284.660078099;31.1008482546;27.2652541965;26.4387131867;0
1990-08-17 16:00:00;35.2247586165;0.000218059031236;0.301564755522;0.11855251425;-2.12947195413e-13;0.0;-1.06970456961;-1.2652382872;-1.82182554233;-1.04370298361;-1.02683247901;0;206.56625452;29.9352199505;27.6481247717;26.9743895634;0
1990-08-17 18:00:00;23.1108946828;0.000116357574795;0.247586943223;0.080576165275;-7.12224734161e-14;0.0;-1.07130073334;-1.17980000109;-1.5664856782;-1.05526942734;-1.04627180359;0;80.1230800457;24.9538285287;24.5939309059;24.0895403706;0
1990-08-17 20:00:00;-1.39407943295;2.58430032379e-18;1.81110450706e-13;-8.57978421681e-16;-3.14169437936e-13;0.0;-1.0602871008;-1.06448468586;-1.06924848956;-1.05526942734;-1.05575847933;0;0.0544493304395;12.7693449437;12.4912319165;11.7260859071;0
1990-08-18 08:00:00;18.3255665836;1.29571406568e-05;0.192620249391;0.0675608236767;-7.31264885886e-14;0.0;-1.06281569411;-1.07890586028;-1.14033213763;-1.05656778168;-1.0559908225;0;57.2512421623;15.0508602553;13.9450876638;13.5937471109;0
1990-08-18 10:00:00;29.6119998802;6.65376178481e-05;0.269596344366;0.105560981227;0.000148661398155;0.0;-1.07465385775;-1.13972605429;-1.35676992257;-1.06326813179;-1.05825060639;0;195.372205765;25.6220645459;18.3122939576;17.4171239919;0
1990-08-18 12:00:00;37.1848320534;0.000145553538779;0.260468559924;0.126868926651;0.000216248064971;0.0;-1.09673737478;-1.23180179244;-1.67755681453;-1.07812041564;-1.0663744588;0;282.286349296;28.1409551434;23.2220434406;22.2791535683;0
1990-08-18 14:00:00;37.5764505044;0.000205953951167;0.283780159304;0.120492418577;-1.06365590225e-13;0.0;-1.12364893446;-1.31177486713;-1.86114915773;-1.09960325355;-1.08233004385;0;278.868878763;30.8883942559;26.9639362439;26.135795221;0
1990-08-18 16:00:00;34.3881351473;0.000192476579717;0.2699040726;0.10774079171;-5.86634277986e-14;0.0;-1.14274177715;-1.31958726941;-1.83492650535;-1.1201894246;-1.10359172675;0;201.249174323;29.4703388068;27.2055065648;26.6015370863;0
1990-08-18 18:00:00;22.480442107;0.000103091729812;0.223389688374;0.0723908213104;-1.67644480059e-13;0.0;-1.14566726709;-1.24433021444;-1.59998878833;-1.13142314506;-1.12256385084;0;78.0288961242;24.6765580458;24.3646928118;23.9295151602;0
1990-08-18 20:00:00;-1.38626874061;1.25865947051e-18;1.28105990263e-13;-9.50170734305e-16;-1.81600527588e-13;0.0;-1.13644081852;-1.14063840358;-1.14540220728;-1.13142314506;-1.13191219705;0;0.0476344100223;12.6306825923;12.3614158113;11.6228893478;0
1990-08-19 08:00:00;18.7338111162;1.38443246391e-05;0.177698151315;0.0634591585634;-1.09107368247e-13;0.0;-1.13920396428;-1.15638609581;-1.22240783667;-1.13294294666;-1.13216616884;0;60.0548420513;15.5636565619;14.376666394;14.0066221498;0
1990-08-19 10:00:00;29.6113685722;6.44604379238e-05;0.247424034608;0.0968000335131;6.06626238598e-05;0.0;-1.15091392535;-1.21531150774;-1.42797665338;-1.14005456748;-1.13461520836;0;197.261503853;26.1447686261;18.8556337801;17.9616160759;0
1990-08-19 12:00:00;36.6171648551;0.000138755677797;0.238518056989;0.114852065059;8.07026636604e-05;0.0;-1.17281870419;-1.30436688791;-1.73889615882;-1.15556221621;-1.14309643083;0;279.499845226;28.4251311248;23.6780790587;22.7783726965;0
1990-08-19 14:00:00;36.6548725965;0.000176005413506;0.251413811334;0.10978516606;6.92161404656e-14;0.0;-1.19598284883;-1.36097933635;-1.85781723187;-1.17563260255;-1.15930453641;0;271.740651157;30.074507679;26.3063529026;25.5360484388;0
1990-08-19 16:00:00;33.618947108;0.000163893369008;0.240582573159;0.0983898673352;-2.31481670261e-14;0.0;-1.21382944107;-1.36840965899;-1.83407439185;-1.19473394805;-1.17916879683;0;197.381404287;28.7779305416;26.522083981;26.0040906661;0
1990-08-19 18:00:00;21.2259477906;8.00002271866e-05;0.202176333507;0.0637724276205;-9.09774768055e-14;0.0;-1.21596912737;-1.2951976623;-1.58980258988;-1.20420536102;-1.19671833487;0;72.2546578346;23.8575927223;23.6191348114;23.2849655932;0
1990-08-19 20:00:00;-1.37419279121;1.15701997966e-18;1.45629352462e-13;1.24359527756e-15;-8.97438586042e-14;0.0;-1.20922303449;-1.21342061955;-1.21818442325;-1.20420536102;-1.20469441302;0;0.0717060124982;12.6816118252;12.4006930777;11.6321701812;0
1990-08-20 08:00:00;17.5126263634;1.0126984168e-05;0.157683630193;0.0544206187576;-9.44038487312e-14;0.0;-1.21129043294;-1.22520420725;-1.27671234257;-1.2054113162;-1.20488418733;0;54.4374626805;15.143313394;14.1456979451;13.8149095311;0
1990-08-20 10:00:00;29.5443012992;5.96116910282e-05;0.225633249727;0.0889846111205;3.48532914338e-05;0.0;-1.22266420233;-1.28370364544;-1.48323133442;-1.21254220573;-1.20701799966;0;205.270610145;26.6870969668;18.8920106246;17.9206146337;0
1990-08-20 12:00:00;36.1055453803;0.00012511704737;0.214504532142;0.10499458288;3.14012054278e-05;0.0;-1.24309389434;-1.36454943383;-1.76999875918;-1.22768950101;-1.21538227655;0;285.768493841;28.8596322864;23.6246935391;22.5945322076;0
1990-08-20 14:00:00;36.0811926733;0.000167709114869;0.229416831232;0.100116488315;-2.57528144629e-13;0.0;-1.26714450554;-1.4274986087;-1.90981270882;-1.24838405657;-1.23134405121;0;277.528497767;30.7365448513;26.8541081991;26.0739344621;0
1990-08-20 16:00:00;33.1242357869;0.000158919653897;0.221194602778;0.0894414951515;-3.68689695787e-14;0.0;-1.28624761076;-1.43907656395;-1.89770274727;-1.26841732075;-1.25189048266;0;202.234899697;29.5613186371;27.1598193998;26.6323614758;0
1990-08-20 18:00:00;21.5683404264;8.28889032839e-05;0.182905018452;0.0591108445119;-4.31746573265e-14;0.0;-1.29059926883;-1.37411616204;-1.68377631034;-1.27903331631;-1.27048885206;0;76.4291869414;24.6671102409;24.4196821303;24.0646793897;0
1990-08-20 20:00:00;-1.39355024227;6.29756411899e-19;7.48706838315e-14;3.91940052107e-16;-1.12125377855e-13;0.0;-1.28405098978;-1.28824857484;-1.29301237854;-1.27903331631;-1.27952236831;0;0.0613140694382;12.8287463328;12.5377208117;11.7387532918;0
1990-08-21 08:00:00;20.3206432776;1.38539960568e-05;0.147962027424;0.0580011988427;-1.24467287771e-13;0.0;-1.28693649941;-1.30469920722;-1.37311773392;-1.28081899599;-1.27978761117;0;73.6008063822;16.4933035417;14.8440154922;14.3677395013;0
1990-08-21 10:00:00;30.3537630756;6.76071268163e-05;0.209384522179;0.0829678499912;6.52989934485e-11;0.0;-1.30000937532;-1.36979791682;-1.59335618603;-1.28958003539;-1.28260326972;0;229.856448973;28.6531006924;19.9051059628;18.8165639576;0
1990-08-21 12:00:00;35.6153700219;0.000133964060257;0.19782338163;0.0938569944913;-7.82401277921e-14;0.0;-1.32255341664;-1.45455692051;-1.88375261633;-1.30717313103;-1.29264241061;0;291.276847021;30.1525726543;24.928495396;23.9272233977;0
1990-08-21 14:00:00;34.7429772517;0.000173254223262;0.208127159319;0.0876667828975;-4.80619241269e-14;0.0;-1.34857772143;-1.51718430754;-2.01278307696;-1.33039492492;-1.31100713037;1;274.851079862;32.2342729716;28.1451722097;27.313498337;0
1990-08-21 16:00:00;31.6029532429;0.000173243881592;0.197834581663;0.0770627624336;-2.54569264095e-14;0.0;-1.37205629238;-1.54120537687;-2.02945737665;-1.35415821593;-1.33425055805;1;202.326820475;31.4998547098;29.149984199;28.5578032042;0
1990-08-21 18:00:00;20.071608794;8.64201047194e-05;0.161880038495;0.04961767514;-1.18775920851e-13;0.0;-1.37748824692;-1.46620152056;-1.79088172258;-1.36622001337;-1.3563373834;0;72.8004497661;26.2260542064;25.9282820701;25.4382668045;0
1990-08-21 20:00:00;-1.43117439861;7.44780508533e-19;7.21696820373e-14;-1.40730926642e-15;-5.62484468675e-14;23.8413916945;-1.37123768683;-1.37543527189;-1.38019907559;-0.988577039956;-1.36670906536;0;0.0955244917381;13.4446402569;13.1403584037;12.2867471964;0
1990-08-22 08:00:00;21.1956510176;1.91824461195e-05;0.22304872495;0.0842274327854;-2.61384088283e-14;0.0;-0.997258011246;-1.0187017917;-1.1041614904;-0.990342460895;-0.989403130887;0;72.6659600582;16.5093687724;15.0391913023;14.6204862201;0
1990-08-22 10:00:00;32.0400153285;9.2096425776e-05;0.308175098871;0.120940087954;0.000210291339941;0.0;-1.01310140007;-1.09957566814;-1.38105410089;-0.998876069734;-0.992450865503;0;217.704739406;27.6385529462;20.1214646407;19.21177772;0
1990-08-22 12:00:00;38.4596791069;0.00018334294456;0.299931390839;0.137779180741;0.000148241557323;0.0;-1.0390809436;-1.20464196225;-1.72367358891;-1.01615303604;-1.00259817249;0;284.806704117;29.5683423049;25.177793312;24.276981899;0
1990-08-22 14:00:00;38.1574937961;0.000234923816821;0.315245354568;0.129209847343;-5.463137131e-13;0.0;-1.06655090574;-1.27669526904;-1.87097448114;-1.03886666576;-1.02080732174;0;280.042000892;31.8948004373;28.066057955;27.2268320515;0
1990-08-22 16:00:00;34.5918585455;0.000221348883487;0.2926629242;0.114092354149;-1.27572572472e-13;0.0;-1.08694453735;-1.28644563478;-1.86760192323;-1.06087942929;-1.04330741053;0;198.626373965;30.4128057904;28.3098405515;27.606029396;0
1990-08-22 18:00:00;21.6716759161;0.000114106715512;0.246745901973;0.0748098072243;-6.25790411345e-14;0.0;-1.08813519374;-1.19512131419;-1.57729363672;-1.07246579415;-1.06341864029;0;73.8780760774;25.8177766933;25.4195233255;24.7868160953;0
1990-08-22 20:00:00;-1.4503453661;2.82655616213e-18;2.09033747892e-13;8.67492966327e-16;-1.70763555577e-13;0.0;-1.07748346761;-1.08168105267;-1.08644485637;-1.07246579415;-1.07295484614;0;0.0544493304395;13.3555555302;13.0650614231;12.2484390271;0
1990-08-23 08:00:00;20.8772006683;2.21984236372e-05;0.201986691989;0.0755848833217;2.06839134364e-14;0.0;-1.08183311504;-1.10643876014;-1.2042198579;-1.07473902898;-1.07335498178;0;71.2460947123;16.7705833167;15.3597260521;14.9638929068;0
1990-08-23 10:00:00;31.6101505097;8.68654556071e-05;0.280215432571;0.108914278262;9.72335521565e-05;0.0;-1.09692464574;-1.18054219506;-1.45042186123;-1.0836953582;-1.07679521236;0;212.364120424;28.0679915127;20.494547415;19.5749996154;0
1990-08-23 12:00:00;37.9739065961;0.000168702842911;0.270516180647;0.124895163127;7.04735054451e-05;0.0;-1.12190773249;-1.27832581563;-1.77858786179;-1.10137053159;-1.08723683801;0;290.778965139;30.1166939766;25.2610427866;24.2932544796;0
1990-08-23 14:00:00;37.3880210033;0.000217032014071;0.281727007351;0.1160851342;-3.01171002082e-13;0.0;-1.14938010662;-1.3482290169;-1.91470086028;-1.12466824074;-1.10580779253;0;283.326633133;31.9613930149;27.9972263887;27.1555508821;0
1990-08-23 16:00:00;33.9065530415;0.000198935262035;0.261022843091;0.102898039964;2.4601307323e-14;0.0;-1.16937997404;-1.3530250577;-1.88058615488;-1.1465929876;-1.12880126605;0;198.469576279;30.3621007165;28.1734526165;27.5401287886;0
1990-08-23 18:00:00;20.3539446291;9.92162353436e-05;0.215027060379;0.0643521634535;-6.16561653721e-14;0.0;-1.17143052517;-1.26731247883;-1.61733546165;-1.15773685279;-1.14891073289;0;68.932716483;25.6091584835;25.2492959056;24.6492512617;0
1990-08-23 20:00:00;-1.43768932123;2.02070483653e-18;2.02364430166e-13;6.19786282305e-16;-1.90077156137e-13;0.0;-1.16275452626;-1.16695211132;-1.17171591502;-1.15773685279;-1.15822590479;0;0.0544493304395;13.2308121939;12.9396646933;12.1257331155;0
1990-08-24 08:00:00;19.6893803231;1.4830708036e-05;0.176767984305;0.0648869599116;-3.53357558594e-14;0.0;-1.16573593163;-1.18395441155;-1.25481349593;-1.15941478185;-1.15850008938;0;65.5902942126;16.2489411128;14.9023796829;14.4953309829;0
1990-08-24 10:00:00;31.4455102688;7.65615981525e-05;0.250252310913;0.0991341563403;9.56359599155e-05;0.0;-1.17994500569;-1.2558451111;-1.49857460811;-1.16812768106;-1.16132021011;0;225.818490747;28.2511727974;20.1416610705;19.1317994747;0
1990-08-24 12:00:00;37.0465081246;0.000152445760359;0.238121370621;0.111313802597;2.9788664747e-06;0.0;-1.20388416428;-1.34865232994;-1.80934825839;-1.1857331817;-1.17144474199;0;292.84228875;29.9829764424;24.9444513609;23.9704413922;0
1990-08-24 14:00:00;36.3568758243;0.000203905932243;0.250175463213;0.103163865718;-4.81951551709e-14;0.0;-1.23214200999;-1.42333108766;-1.96926055517;-1.20982856921;-1.19002488866;0;282.814823836;32.1550078151;28.1123599024;27.2648935009;0
1990-08-24 16:00:00;32.9620024809;0.000187927249975;0.231858782958;0.0909336962274;-8.0938008176e-14;0.0;-1.25327509076;-1.4308337095;-1.9413820378;-1.23260631327;-1.21384671275;0;198.17611173;30.4884884172;28.2187605319;27.5972891703;0
1990-08-24 18:00:00;20.8307635118;8.6774333032e-05;0.192146579916;0.059515944674;4.36246497144e-15;0.0;-1.25540095815;-1.34176371158;-1.65995575055;-1.24331328262;-1.23473518026;0;72.0022484237;24.8365636599;24.5580133055;24.1417816258;0
1990-08-24 20:00:00;-1.37154958312;7.75842488358e-19;8.67283613361e-14;8.38333910678e-16;-7.08685435493e-14;0.0;-1.24833095609;-1.25252854115;-1.25729234485;-1.24331328262;-1.24380233462;0;0.0407209822936;12.44312814;12.1670430687;11.4184063132;0
1990-08-25 08:00:00;19.9984859813;1.47484362468e-05;0.153831447949;0.059504907842;-6.5775364589e-14;0.0;-1.25137211683;-1.2698479405;-1.34103222903;-1.24514516034;-1.24408184488;0;70.7407852939;16.1384013651;14.6237922015;14.1867319956;0
1990-08-25 10:00:00;30.5193369168;7.19334183485e-05;0.218056772632;0.0867750318095;4.00625143398e-05;0.0;-1.26510325024;-1.33815565353;-1.56949592647;-1.2541306962;-1.24699841066;0;228.468428284;28.1848016902;19.5966686515;18.5135128141;0
1990-08-25 12:00:00;35.8155372131;0.000138348218766;0.206099063895;0.0978009789575;-3.0633029765e-13;0.0;-1.28773775165;-1.42246808601;-1.85394445904;-1.27165238088;-1.25725070452;0;290.567356248;29.6005345161;24.5071002615;23.5380916287;0
1990-08-25 14:00:00;35.0972456574;0.000188284340707;0.219465189767;0.0909724400591;-2.28961625029e-14;0.0;-1.31583347112;-1.49655988573;-2.01449599611;-1.29601680852;-1.27574041056;1;277.954792722;32.0409538825;28.1482402271;27.3445383708;0
1990-08-25 16:00:00;32.1840682302;0.000167163035165;0.204969882086;0.0814157927286;-3.31575376938e-14;0.0;-1.33605309026;-1.49841760166;-1.98360247677;-1.31816255816;-1.29972303345;0;199.39027044;30.1094921827;27.7996415787;27.2395443666;0
1990-08-25 18:00:00;20.1743453377;8.18425392048e-05;0.167678186856;0.0519672655265;-2.87683295731e-14;0.0;-1.34035353486;-1.42390032671;-1.7326951286;-1.32918576823;-1.3202361982;0;70.8596964111;24.8571532044;24.5922149162;24.1870939706;0
1990-08-25 20:00:00;-1.39949340806;9.79401999411e-19;5.49414871125e-14;-4.59326134373e-17;-4.56096079148e-14;0.0;-1.3342034417;-1.33840102676;-1.34316483046;-1.32918576823;-1.32967482023;0;0.0407209822936;12.7226101845;12.452832238;11.7097367452;0
1990-08-26 08:00:00;19.3020656263;1.54029573029e-05;0.13439609885;0.0513858271304;-6.16126513898e-14;0.0;-1.33745863143;-1.35689616833;-1.43125161685;-1.33127383826;-1.32997391074;0;67.8101764891;16.2773643075;14.8765885491;14.4691190968;0
1990-08-26 10:00:00;29.9542689727;6.9840702792e-05;0.192446344822;0.0766579308436;8.95553188547e-15;0.0;-1.35115552421;-1.42363197728;-1.65107059337;-1.34079570544;-1.33312002987;0;224.93484989;28.6304091827;20.2336427901;19.1815711294;0
1990-08-26 12:00:00;34.5712024375;0.000132467645799;0.182680379133;0.0855947685653;-1.30887657147e-13;0.0;-1.37386671622;-1.50590662424;-1.92837539317;-1.35910221489;-1.3438661415;0;279.458792834;29.9263951529;25.1025706106;24.1914272132;0
1990-08-26 14:00:00;33.7298146241;0.000168578723656;0.190991571955;0.0801930325553;-1.38999607145e-14;0.0;-1.40004293191;-1.56623344383;-2.05343870248;-1.38287518532;-1.3628934143;1;269.533949546;32.0622678902;28.1742226922;27.3841484513;0
1990-08-26 16:00:00;30.01550621;0.000164804806268;0.176995591666;0.0689447507734;-2.23761974924e-14;0.0;-1.42326368664;-1.58668991862;-2.06389818043;-1.40664485413;-1.38661369005;2;184.792631572;31.0396688449;28.9735006431;28.3888402937;0
1990-08-26 18:00:00;18.4160022072;8.00072241465e-05;0.145968360755;0.0430796940762;-7.23821073114e-14;0.0;-1.42884873776;-1.51249703825;-1.82171459361;-1.41837717185;-1.40872136232;0;66.173514128;26.249489909;25.9397706945;25.3805994365;0
1990-08-26 20:00:00;-1.45454139852;7.79836457612e-19;4.47741684004e-14;-1.00222770883e-16;-5.37193447671e-14;0.0;-1.42339484532;-1.42759243037;-1.43235623408;-1.41837717185;-1.41886622385;0;0.0303040803986;13.2342885206;12.9508885769;12.1559026529;0
1990-08-27 08:00:00;20.4446454259;1.68833274441e-05;0.118995669632;0.0488379730327;-7.5689862379e-13;0.0;-1.42705363628;-1.44836578407;-1.53017500265;-1.42086930623;-1.41920223008;0;80.2416307764;16.9893765515;15.1463817951;14.636490409;0
1990-08-27 10:00:00;29.7378606809;7.34450316746e-05;0.16952049489;0.0682132778861;6.39899526342e-14;0.0;-1.44190887755;-1.51938241867;-1.75879990482;-1.43177741658;-1.42282125359;0;237.948306759;29.8999511633;21.1096608547;20.0130674094;0
1990-08-27 12:00:00;33.4656813463;0.000133843392459;0.161692144999;0.0747901520839;-3.42386533307e-14;0.0;-1.46585603195;-1.602127919;-2.03151560185;-1.45193947341;-1.4349407522;1;287.242026032;31.3370474486;26.1851753977;25.2087309278;0
1990-08-27 14:00:00;31.7439184652;0.000175824732958;0.168334322793;0.0685437671106;-1.11375511055e-14;0.0;-1.49539174667;-1.67191329162;-2.16811128026;-1.47899417816;-1.45596126475;5;279.223481762;33.9079951913;29.8298418273;28.9991053648;0
1990-08-27 16:00:00;28.5521324834;0.000164095377862;0.15389073492;0.0597260829732;-2.47317467897e-14;0.0;-1.52015566147;-1.68655405818;-2.16320372295;-1.50484243651;-1.48280428721;5;194.318775191;32.6090723277;30.40495408;29.7988139693;0
1990-08-27 18:00:00;17.7787766177;7.9952823819e-05;0.1261116135;0.0372519493545;-2.26554748444e-13;0.0;-1.52749033891;-1.61314451189;-1.92904531928;-1.51765096415;-1.50696046368;0;67.5514778999;27.4103296458;27.0963081016;26.5000277257;0
1990-08-27 20:00:00;-1.4710826192;6.54065793801e-19;2.93774262715e-14;-2.22133190617e-16;-2.29238024171e-14;0.0;-1.52266863762;-1.52686622267;-1.53163002637;-1.51765096415;-1.51814001614;0;0.0476344100223;13.5288518902;13.2312560289;12.3905210093;0
1990-08-28 08:00:00;20.7746917251;1.92549979711e-05;0.10445542216;0.0439032696129;-5.13985148559e-14;0.0;-1.52695619772;-1.5511643912;-1.64413311349;-1.52075694063;-1.51853359474;0;86.9829397543;17.9994075443;15.984516233;15.4329345558;0
1990-08-28 10:00:00;28.6387009327;7.14471834678e-05;0.145293376642;0.0585231797134;-9.45520355889e-15;0.0;-1.5417878089;-1.61906442565;-1.85734156678;-1.53235489774;-1.52270780776;0;234.75614939;30.8788433121;21.6368240986;20.4815229467;0
1990-08-28 12:00:00;31.7619576776;0.000122082562382;0.136416979191;0.0640814690796;-1.02225350365e-14;0.0;-1.56460278539;-1.69251017941;-2.09964070769;-1.55244182778;-1.53534979521;4;284.083607189;31.4613933181;26.2742200902;25.2913014509;0
1990-08-28 14:00:00;30.2161304273;0.000151594526831;0.141391447993;0.0597325118635;1.36777067191e-16;0.0;-1.59148949431;-1.74855518604;-2.20354893877;-1.57786705996;-1.55605925691;11;275.158130297;33.7727878026;29.6657929152;28.8548418479;0
1990-08-28 16:00:00;27.3265627065;0.000134105392596;0.1291751249;0.052465012201;-2.75129053686e-14;0.0;-1.61320074934;-1.75389264944;-2.17500702234;-1.60081529169;-1.58114194635;10;186.944819431;31.7852561806;29.7326419505;29.2690654549;0
1990-08-28 18:00:00;16.3260696735;6.43733851053e-05;0.108957455951;0.0311229564251;-1.34522518074e-13;0.0;-1.62038303129;-1.6919846628;-1.96158297454;-1.61198619159;-1.60264936422;1;62.4491145702;26.931620611;26.6695028789;26.1655453677;0
1990-08-28 20:00:00;-1.45410650595;4.12115633908e-19;3.36939877875e-14;7.56713515406e-17;-1.73928041521e-14;21.0847183084;-1.61700386506;-1.62120145012;-1.62596525382;-1.19164169038;-1.61247524359;0;0.0476344100223;13.3681556986;13.0669864678;12.2228755425;0
1990-08-29 08:00:00;21.3490949938;2.25159994731e-05;0.174800578802;0.0673783100329;-9.9208455579e-14;0.0;-1.20123043162;-1.22684021768;-1.32794662868;-1.1942885284;-1.19255115983;0;76.4107949886;17.4081946404;15.8329037722;15.396373377;0
1990-08-29 10:00:00;31.6888400743;8.49169868791e-05;0.240046739148;0.0949726858663;4.87829664793e-05;0.0;-1.21670729071;-1.3007564586;-1.56344286068;-1.20434033538;-1.19636463343;0;229.557410507;29.03315281;20.6581389326;19.6045576682;0
1990-08-29 12:00:00;36.2189405357;0.000158781172053;0.229986666035;0.103474030342;8.35365360502e-14;0.0;-1.24172952768;-1.39346276711;-1.866735555;-1.2234346314;-1.20780617885;0;274.813587192;30.2457665872;25.680915487;24.7702987289;0
1990-08-29 14:00:00;35.4287532401;0.000187616626936;0.235556438663;0.0971413664648;-2.08238651346e-13;0.0;-1.26694667292;-1.44513843738;-1.96392839042;-1.24651051875;-1.22746079328;0;261.628114976;31.5621901415;27.8775181581;27.1147719755;0
1990-08-29 16:00:00;31.6153593599;0.000179541203391;0.219510713666;0.0841376890237;-1.05742146114e-14;0.0;-1.28862369977;-1.46028347663;-1.96655005102;-1.2691294489;-1.25040684703;0;181.689056463;30.5168102217;28.6378158062;28.04031121;0
1990-08-29 18:00:00;18.3437464396;7.95015434427e-05;0.178617766346;0.0507533133747;-3.24980609784e-12;0.0;-1.29058429355;-1.37092526349;-1.67025440609;-1.27931682432;-1.27113660343;0;61.4326836535;24.9673748043;24.6549451693;24.1027086705;0
1990-08-29 20:00:00;-1.46926852883;1.37934953323e-18;7.41464772712e-14;4.83037383475e-16;-7.10635026988e-14;0.0;-1.28433449779;-1.28853208284;-1.29329588654;-1.27931682432;-1.27980587631;0;0.0407209822936;13.4378336641;13.1592101631;12.3698105641;0
1990-08-30 08:00:00;20.1493284063;1.69498366848e-05;0.147868417329;0.0572096330381;-4.540789852e-14;0.0;-1.28786612864;-1.30859886765;-1.38848170386;-1.28150261551;-1.28013041964;0;71.7953230155;16.6153362067;15.2027632482;14.8018837436;0
1990-08-30 10:00:00;30.0320759256;7.11649220722e-05;0.202137843204;0.081575587588;-1.26603731845e-12;0.0;-1.30147323052;-1.37412388932;-1.60241493642;-1.29073332162;-1.28335532683;0;217.064498533;27.3943023852;19.8402793137;18.8872805556;0
1990-08-30 12:00:00;34.9638550785;0.000142018384868;0.197792097385;0.0910012488126;-2.2639205528e-14;0.0;-1.32541852193;-1.46477400288;-1.90631199247;-1.30941604636;-1.29395136126;0;271.57340358;29.7388893476;25.1180981119;24.2223142195;0
1990-08-30 14:00:00;34.25454309;0.000180116168038;0.206389208735;0.0852743497559;-1.99357097383e-14;0.0;-1.35229644687;-1.52714240034;-2.03322629522;-1.33362305425;-1.3133847837;1;265.935607047;31.8708691217;28.1113223951;27.3377906517;0
1990-08-30 16:00:00;30.7367952111;0.000161438175084;0.189749744671;0.0747238720774;-5.88713731007e-15;0.0;-1.37281735132;-1.53132124933;-2.00731578404;-1.35581991838;-1.33725199939;1;181.610497005;30.2578543397;28.2701672303;27.7229136912;0
1990-08-30 18:00:00;17.4613984123;6.75413028257e-05;0.156670635888;0.0438469221059;-3.06058040406e-13;0.0;-1.37514016736;-1.44562935099;-1.71028073499;-1.36524994361;-1.35763041495;0;58.8816280272;24.7194572415;24.4493545387;23.9665265569;0
