time;An;E;Gs_max;Gs_mean;Gs_min;Irrigation;Psi_leaf_max;Psi_leaf_mean;Psi_leaf_min;Psi_soil;Psi_stem;Pthresh;Rg;Tleaf_max;Tleaf_mean;Tleaf_min;Tthresh
1990-07-31 20:00:00;-1.47071745335;2.23236208988e-18;2.30407883488e-13;-1.1460711081e-15;-1.99532421134e-13;0.0;-0.505017673468;-0.509215258523;-0.513979062224;-0.5;-0.500489051995;0;0.0407209822936;13.5045342361;13.192673527;12.3166692615;0
1990-08-01 08:00:00;21.9882403603;1.94620179179e-05;0.204165942608;0.079519669753;-7.97100251659e-14;0.0;-0.508177371883;-0.527278716532;-0.602672482451;-0.500734543538;-0.500779419874;0;79.4362828369;17.0618115887;15.38712906;14.9211592061;0
1990-08-01 10:00:00;30.7140851138;7.98677528013e-05;0.278373252329;0.1083586135;0.000281405739105;0.0;-0.518795914202;-0.584572616794;-0.813856126118;-0.503763746979;-0.50241571371;0;206.205977082;27.6521874865;19.9092609268;19.0389032144;0
1990-08-01 12:00:00;35.9604328543;0.000164301806396;0.269900062603;0.126430138414;1.05392598835e-15;0.0;-0.535546762245;-0.663409317191;-1.03487342444;-0.510071002447;-0.506708455538;0;423.154848857;134.425364479;25.6318594182;24.0674447184;1
1990-08-01 14:00:00;38.4775879889;0.000229938630736;0.292297378147;0.127341893835;5.56021535878e-14;0.0;-0.552628622687;-0.727573594182;-1.22000893187;-0.519072248688;-0.514005203972;0;295.198963952;32.406964126;28.2921838173;27.4226514617;0
1990-08-01 16:00:00;35.4872674276;0.000230816969118;0.291093055317;0.115192437789;-6.09313595e-14;0.0;-0.561915298726;-0.737260251137;-1.21239525841;-0.528317687247;-0.523030895957;0;219.485914884;31.6549687792;29.1187590377;28.3752899935;0
1990-08-01 18:00:00;25.2175862985;0.000146784778701;0.253788359219;0.0837947004777;-6.1438000465e-15;0.0;-0.557399179038;-0.672381389667;-1.04856334274;-0.534309306349;-0.531020040622;0;95.3278050279;27.1649714238;26.709427547;26.0750814147;0
1990-08-01 20:00:00;-1.4676578568;2.46281142042e-18;1.69974094571e-13;-1.18448809429e-15;-1.31759444898e-13;0.0;-0.539326979817;-0.543524564871;-0.548288368572;-0.534309306349;-0.534798358343;0;0.0476344100223;13.5210833718;13.2069184902;12.3246394255;0
1990-08-02 08:00:00;22.3559980437;2.46332440848e-05;0.199028990937;0.078459074699;-1.21970895359e-13;0.0;-0.543376321283;-0.566616778451;-0.658821330614;-0.535323496779;-0.535170469521;0;82.4625992439;17.3844232475;15.6113725757;15.1370624719;0
1990-08-02 10:00:00;31.2374263512;8.96938871063e-05;0.274517405284;0.105955340808;0.000191889883675;0.0;-0.555172374929;-0.628964039709;-0.876842147529;-0.539037657625;-0.537168202431;0;212.76551564;28.7956057044;20.7905843554;19.876155605;0
1990-08-02 12:00:00;35.4845671116;0.000150615732943;0.257812289862;0.121173423112;3.15711877767e-14;0.0;-0.568948451226;-0.686644186957;-1.0078764794;-0.545350630762;-0.541806561928;0;421.487709095;122.660514229;25.4257244849;23.8712229974;1
1990-08-02 14:00:00;38.1036337335;0.000223007466719;0.280720972483;0.121064862439;1.11589885479e-13;0.0;-0.587227552584;-0.758399353427;-1.23226652047;-0.55487642485;-0.549223624835;0;298.76662956;32.3595934012;28.1634877435;27.2777512981;0
1990-08-02 16:00:00;35.4003053993;0.000217068137168;0.279472154244;0.110624325495;2.23682754403e-14;0.0;-0.595907464851;-0.763008872592;-1.2304471282;-0.564358367908;-0.558670465006;0;223.374063167;31.1551614884;28.4983014851;27.7809041036;0
1990-08-02 18:00:00;25.5087161157;0.000141911408795;0.239917305529;0.0812455079392;-2.61225828941e-14;0.0;-0.592940632768;-0.705267815476;-1.06863064518;-0.570672003786;-0.567014964819;0;98.3837561077;26.7664634919;26.3510605631;25.7542069876;0
1990-08-02 20:00:00;-1.46618205338;2.09578217277e-18;1.94999662177e-13;-3.59174072531e-16;-1.99232230183e-13;0.0;-0.575689677254;-0.579887262309;-0.584651066009;-0.570672003786;-0.571161055781;0;0.0407209822936;13.4614980136;13.1486107759;12.2716086058;0
1990-08-03 08:00:00;19.9262224409;1.22627983813e-05;0.179145828267;0.0676308160247;-1.03404220158e-13;0.0;-0.577734107841;-0.591573969383;-0.643268663277;-0.571221898483;-0.571348711039;0;68.0665689383;15.7705154472;14.283922966;13.8399414653;0
1990-08-03 10:00:00;30.1696231837;6.98882321226e-05;0.252941312564;0.0997258250003;0.000253873191702;0.0;-0.587938856848;-0.647189930622;-0.849531286436;-0.57436911555;-0.57278081243;0;213.016959807;27.2649390015;19.079865984;18.1581031892;0
1990-08-03 12:00:00;37.6140724015;0.000149903518016;0.244684661211;0.120729756627;0.00013599387395;0.0;-0.604371410956;-0.723255461567;-1.09946114;-0.581196400061;-0.577155976723;0;298.657294389;29.3797691615;24.2642796175;23.2864410244;0
1990-08-03 14:00:00;37.691649002;0.000197182883221;0.264571034889;0.116244404868;-2.32225405996e-13;0.0;-0.619203029421;-0.772769558749;-1.20446367705;-0.590339404446;-0.584715681531;0;293.858692657;31.585503961;27.38068271;26.5152886284;0
1990-08-03 16:00:00;34.9460007879;0.000186953582028;0.262483112427;0.106433933546;-1.83420830602e-13;0.0;-0.626753252727;-0.772901552409;-1.1873807446;-0.599182439813;-0.593710683302;0;216.460595346;30.1267856276;27.535447651;26.9245606882;0
1990-08-03 18:00:00;25.1728968821;0.000110866852116;0.227740943193;0.0787278133606;-1.12473785555e-12;0.0;-0.622831162669;-0.712761839915;-1.01969626398;-0.604508393676;-0.601385671438;0;95.4130505899;25.5060130403;25.0995296439;24.6912564281;0
1990-08-03 20:00:00;-1.46298722877;1.51528674579e-18;1.60497493257e-13;7.62420221608e-17;-1.61782869948e-13;0.0;-0.609526067144;-0.613723652198;-0.618487455899;-0.604508393676;-0.604997445671;0;0.0407209822936;13.3809620644;13.0991451751;12.3034557349;0
1990-08-04 08:00:00;20.9048036693;1.82645276773e-05;0.175756504438;0.0684895755149;-1.10459613774e-13;0.0;-0.612605869702;-0.631269325485;-0.703091364254;-0.605391734956;-0.605280301385;0;74.8234499584;16.4415500689;14.86066033;14.4194279219;0
1990-08-04 10:00:00;29.8791375017;6.97430269693e-05;0.244307450837;0.0947133524344;0.000179094666067;0.0;-0.622228374121;-0.681851316326;-0.882871607097;-0.608780330478;-0.60696135547;0;206.238461655;27.5308843919;19.3941800799;18.4777676987;0
1990-08-04 12:00:00;37.2928431349;0.000147539493092;0.234618485595;0.11453037405;9.97221685553e-05;0.0;-0.638679271231;-0.756823273482;-1.12813723957;-0.616030914837;-0.611558491693;0;301.870179373;29.7198377622;24.3394860869;23.3049070946;0
1990-08-04 14:00:00;37.2527786389;0.000196540123553;0.253200267648;0.109519667225;9.90910900728e-14;0.0;-0.654325373162;-0.808616425735;-1.23624448038;-0.625865881731;-0.619577471933;0;299.523725981;31.8369467532;27.5382976794;26.6517784352;0
1990-08-04 16:00:00;34.3770615669;0.000190436373769;0.251920781319;0.0992780885089;-6.3205872227e-14;0.0;-0.663255709648;-0.813185073679;-1.22939613816;-0.635592082698;-0.629327601028;0;217.112034752;30.571931107;27.9429043096;27.2994391108;0
1990-08-04 18:00:00;25.1314054495;0.0001150668678;0.213964573849;0.07441293972;-9.09975849236e-14;0.0;-0.660191029969;-0.754122298373;-1.06596828919;-0.641564808835;-0.637883007213;0;97.3912220197;25.7393532382;25.3013674786;24.8670118313;0
1990-08-04 20:00:00;-1.43111465789;1.26740461165e-18;1.47062345281e-13;1.89982347604e-15;-1.04414191051e-13;0.0;-0.646582482303;-0.650780067357;-0.655543871058;-0.641564808835;-0.64205386083;0;0.0407209822936;13.0674169301;12.7828877442;11.9910273233;0
1990-08-05 08:00:00;22.2073435111;1.9671596334e-05;0.171610620677;0.0700232879322;-1.65755035748e-13;0.0;-0.649942698649;-0.66991871272;-0.74706374906;-0.642593227272;-0.642362462947;0;85.5206002845;17.1343883527;15.3211000165;14.8318951983;0
1990-08-05 10:00:00;29.8630729125;7.3769354608e-05;0.233224537709;0.0900461623183;4.62859666437e-05;0.0;-0.660274508526;-0.723528030124;-0.932054697234;-0.646469088611;-0.644240132291;0;204.70242073;27.8360389825;20.1893376466;19.3264787747;0
1990-08-05 12:00:00;36.5904029971;0.000139789542526;0.221787018172;0.107285255515;3.09930957999e-05;0.0;-0.675369616145;-0.788629775336;-1.14283888623;-0.653897884649;-0.649155552183;0;294.803354264;29.3742180934;24.2579063748;23.2805639672;0
1990-08-05 14:00:00;36.5704420358;0.000184638847336;0.237524420119;0.102726291625;-3.24469158151e-14;0.0;-0.690579143464;-0.837504460801;-1.2499501736;-0.663882076024;-0.657297151181;0;293.558411258;31.5525770198;27.2287394713;26.342719757;0
1990-08-05 16:00:00;33.6809958386;0.000173849099293;0.235096859966;0.0931734198801;-4.18474555606e-15;0.0;-0.698833468603;-0.837738821389;-1.23002359339;-0.673465742916;-0.667120618126;0;210.614781448;29.9848630315;27.4315275173;26.8413288105;0
1990-08-05 18:00:00;23.7565579343;0.000103734479225;0.198552530221;0.0671688090022;-1.9453200065e-13;0.0;-0.696355833538;-0.78261232779;-1.07878646802;-0.679270513595;-0.675600477762;0;89.2158769004;25.2604829542;24.9142621817;24.5056097513;0
1990-08-05 20:00:00;-1.49129964679;1.45999647795e-18;1.59979280066e-13;-2.30998383756e-15;-1.44259584786e-13;0.0;-0.684288187063;-0.688485772118;-0.693249575819;-0.679270513595;-0.67975956559;0;0.0407209822936;13.6534127966;13.3746539778;12.577980843;0
1990-08-06 08:00:00;21.5064918024;2.22289314879e-05;0.162923480249;0.0643184781983;-6.48294667248e-14;0.0;-0.688133915428;-0.710328266369;-0.795672898044;-0.680522900696;-0.680112835766;0;79.4437934316;17.39931666;15.8011445426;15.3698356145;0
1990-08-06 10:00:00;29.7154898272;7.5349017195e-05;0.221352438321;0.0848949437261;-6.22064898456e-13;0.0;-0.698642498689;-0.763699583699;-0.97452380815;-0.684790619585;-0.682210110943;0;205.889228809;28.2061736651;20.5612713938;19.6907237067;0
1990-08-06 12:00:00;35.7709389081;0.000143100157924;0.213378446231;0.0989204664997;-1.16127832113e-13;0.0;-0.714586731215;-0.831417873078;-1.18764051142;-0.692992524127;-0.68755890332;0;277.402271421;29.7404121671;25.0116457463;24.0979554682;0
1990-08-06 14:00:00;35.5096534625;0.000181498711204;0.226286826891;0.0945569714246;-1.22280978923e-13;0.0;-0.729552091496;-0.875424532174;-1.28012929349;-0.703581026704;-0.696380782311;0;278.554929169;31.8457875727;27.8677415734;27.0525331784;0
1990-08-06 16:00:00;33.2313428148;0.000168172518985;0.222641646131;0.0874033119715;-5.17595087601e-14;0.0;-0.737940205393;-0.873915969878;-1.25721369245;-0.713581661019;-0.706765983075;0;213.142075555;30.4554428401;27.8734868131;27.2958333432;0
1990-08-06 18:00:00;23.3711088846;9.66920807914e-05;0.187243855156;0.0627724772669;-4.85179860002e-14;0.0;-0.735480503902;-0.817049762332;-1.09570951376;-0.719415845259;-0.715625690191;0;88.6395912492;25.6100460281;25.2638334652;24.8796447881;0
1990-08-06 20:00:00;-1.51041900042;1.09933266618e-18;8.19396149344e-14;8.46917631035e-16;-6.86039676318e-14;0.0;-0.724433518728;-0.728631103782;-0.733394907483;-0.719415845259;-0.719904897254;0;0.0303040803986;13.800672994;13.5054541766;12.6612923035;0
1990-08-07 08:00:00;21.5261807102;1.98868608232e-05;0.152278952896;0.0611371229101;-6.14737950492e-15;0.0;-0.727922198324;-0.7484455683;-0.826622889827;-0.720623499137;-0.720225275422;0;81.4420209838;17.4121206041;15.7474601029;15.2953963218;0
1990-08-07 10:00:00;29.0415974449;6.80893287354e-05;0.205708989812;0.0787884951997;3.00867936283e-13;0.0;-0.737643301953;-0.797575190348;-0.991685185516;-0.724778434974;-0.722210062669;0;199.548394536;28.0435655196;20.3713202736;19.4974924425;0
1990-08-07 12:00:00;35.6870183219;0.000139112944727;0.200026664796;0.0935477533361;-1.73559524529e-13;0.0;-0.754201309031;-0.869051124722;-1.21614539485;-0.733365226619;-0.72751337568;0;299.878390002;30.2398349122;25.1561526783;24.1898486308;0
1990-08-07 14:00:00;35.1559035244;0.000170393097758;0.209340920407;0.0889709031292;-2.48157508715e-13;0.0;-0.768388705677;-0.907273150939;-1.2959242891;-0.744064968622;-0.736613339246;0;289.990882192;31.8701946825;27.6055485369;26.7411108448;0
1990-08-07 16:00:00;32.66466295;0.000159821343259;0.206595687606;0.0814013881497;-2.70392579964e-14;0.0;-0.777341747456;-0.908306756809;-1.27903627013;-0.754287131443;-0.747151106034;0;214.397323772;30.4689743984;27.8253948287;27.2617949982;0
1990-08-07 18:00:00;23.2631675439;9.15833143164e-05;0.172092224484;0.0589377051385;-4.2181505466e-14;0.0;-0.775513995799;-0.85389479776;-1.12068896053;-0.760227649382;-0.756269209893;0;90.0105830929;25.4134770728;25.015146297;24.6618729567;0
1990-08-07 20:00:00;-1.51030301302;1.19221856073e-18;6.04455974621e-14;1.92860144404e-15;-6.16059833721e-14;22.5250473791;-0.76524532285;-0.769442907904;-0.774206711605;-0.587459029318;-0.760716701376;0;0.0407209822936;13.8676291853;13.5694659508;12.7156980695;0
1990-08-08 08:00:00;22.3293199169;2.35524741247e-05;0.188000228122;0.0745585762865;1.40683057192e-14;0.0;-0.596422431851;-0.619153686339;-0.708507867454;-0.588556607035;-0.588310656244;0;83.1576663482;17.5147359187;15.7329223578;15.2532465535;0
1990-08-08 10:00:00;30.7217635377;8.2114481217e-05;0.255571907997;0.0987429828203;6.76344492242e-05;0.0;-0.607411244326;-0.676214326757;-0.903827681666;-0.592404277069;-0.590310447592;0;210.424697953;28.2427018163;20.5142497873;19.6279935627;0
1990-08-08 12:00:00;37.5570314621;0.000172002288484;0.248410680806;0.115676537975;1.98055391876e-11;0.0;-0.626289473155;-0.761973400254;-1.16584385348;-0.600571020687;-0.595546874679;0;297.7809187;30.4545054786;25.589490858;24.6154870551;0
1990-08-08 14:00:00;37.0196410639;0.000220219918594;0.264242527478;0.109264582471;-8.71706348189e-14;0.0;-0.642690380407;-0.813723373615;-1.26893105478;-0.611243298661;-0.604467696682;0;294.291801528;32.9380279906;28.6169551228;27.7021229262;0
1990-08-08 16:00:00;34.2300088991;0.000212201526965;0.260087384877;0.099420006893;-1.64291646641e-14;0.0;-0.652156105959;-0.817815759613;-1.27331234363;-0.621762672064;-0.615028120747;0;216.713127369;31.5166683651;28.9909472916;28.2805602012;0
1990-08-08 18:00:00;24.1150802751;0.000118316719611;0.219452671075;0.072535644967;-7.77829080839e-14;0.0;-0.646808295988;-0.742929290472;-1.0639443558;-0.627730798357;-0.624095624659;0;90.2392528685;26.0584485282;25.7334562426;25.2582192034;0
1990-08-08 20:00:00;-1.49037343651;2.49223292495e-18;1.2786452239e-13;-6.75180983636e-16;-2.37660010302e-13;0.0;-0.632748471825;-0.63694605688;-0.641709860581;-0.627730798357;-0.628219850352;0;0.0476344100223;13.7204112112;13.4204226732;12.5670177368;0
1990-08-09 08:00:00;22.1345571563;2.5778444883e-05;0.17804088199;0.0704726017317;-4.46137227088e-14;0.0;-0.637129093871;-0.661842449073;-0.758165406117;-0.629041036319;-0.628622326934;0;82.3055437923;17.6373185528;15.9587615978;15.5156758928;0
1990-08-09 10:00:00;30.841015983;8.46676980255e-05;0.245639074037;0.0939652111508;6.90273088591e-06;0.0;-0.648527911593;-0.719999183572;-0.950360384244;-0.63336966205;-0.630852810707;0;214.626511559;29.170545698;21.0348356706;20.1079798933;0
1990-08-09 12:00:00;37.1242068664;0.000162243256218;0.237080199255;0.109245081246;-5.05769665304e-13;0.0;-0.665997128683;-0.795771003997;-1.18442722558;-0.641773711797;-0.636397706624;0;296.048172108;30.7500195251;25.8551465728;24.8913766787;0
1990-08-09 14:00:00;36.1800242402;0.000212220144499;0.250193459694;0.101526174175;-1.80363659351e-14;0.0;-0.683050885004;-0.84994661362;-1.29794819113;-0.65298792455;-0.645593990241;0;286.730328828;32.9171234437;28.8205813705;27.9568322018;0
1990-08-09 16:00:00;33.3469375558;0.000199179088366;0.24061836581;0.0919713898954;-9.45485658693e-14;0.0;-0.692178507003;-0.849589529799;-1.2758720581;-0.663747154681;-0.65661550957;0;209.284618187;31.3379782261;28.8518900665;28.1670450326;0
1990-08-09 18:00:00;23.1359578256;0.000122794314025;0.200271017047;0.0653364830598;-1.4021293728e-14;0.0;-0.689842390708;-0.790720855964;-1.1311028601;-0.670495908493;-0.666177886876;0;86.8659844573;26.7335374202;26.3458118673;25.7628202202;0
1990-08-09 20:00:00;-1.50821904875;2.60345288745e-18;1.1459940421e-13;9.21270401251e-16;-1.47392712809e-13;0.0;-0.675513581962;-0.679711167016;-0.684474970717;-0.670495908493;-0.670984960488;0;0.0544493304395;13.9250394852;13.6306062159;12.7848309574;0
1990-08-10 08:00:00;21.9522244317;2.45430705585e-05;0.167677724624;0.0663469743935;-3.46147768394e-15;0.0;-0.679746323566;-0.703747149607;-0.796551323947;-0.671855534041;-0.671373841949;0;81.8097896795;17.7774534948;16.1315352233;15.693004355;0
1990-08-10 10:00:00;30.1252075437;8.01702920263e-05;0.228519212693;0.0868676840115;-6.15703892467e-14;0.0;-0.690775534346;-0.759461019914;-0.980402623495;-0.676321963475;-0.673615656023;0;205.627965438;28.8569754938;21.1132931536;20.2266428344;0
1990-08-10 12:00:00;36.3679025717;0.00015606581219;0.222550645994;0.101057762503;-8.10166123617e-14;0.0;-0.708285607839;-0.834800943403;-1.21356505652;-0.685128605186;-0.679289672947;0;290.117171684;31.0006158799;25.9907054746;25.0056093516;0
1990-08-10 14:00:00;35.2341843072;0.000209870948124;0.235434929989;0.0931595217152;-1.11381777637e-13;0.0;-0.726532911435;-0.893363811321;-1.33529026226;-0.697209299421;-0.688961373257;0;286.266494664;33.457761079;29.3368752853;28.4677470416;0
1990-08-10 16:00:00;32.2328048381;0.000209279388257;0.22723991833;0.0830822895698;-1.024209279e-14;0.0;-0.738667249323;-0.905588702811;-1.35354343649;-0.70953476302;-0.701046359703;0;211.781186393;32.6572249456;30.1763235942;29.4171852271;0
1990-08-10 18:00:00;22.9948244964;0.000119899562152;0.187449440274;0.0609517372359;-7.04065822857e-14;0.0;-0.735450228165;-0.83524732293;-1.16832273481;-0.716724759196;-0.711949497367;0;88.6633938238;27.1417188191;26.7800300105;26.2253957818;0
1990-08-10 20:00:00;-1.45144814449;1.13049612289e-18;7.12849146043e-14;-7.77046395989e-16;-9.58253718277e-14;0.0;-0.721742432664;-0.725940017719;-0.73070382142;-0.716724759196;-0.717213811191;0;0.0613140694382;13.3774357934;13.1058496226;12.3362279794;0
1990-08-11 08:00:00;22.5155359136;2.40751569018e-05;0.156397053357;0.0640193307091;-1.02508657161e-13;0.0;-0.725960959555;-0.749891454279;-0.84205948261;-0.718179940095;-0.71760131592;0;88.753350539;18.094649703;16.1192360256;15.5927893552;0
1990-08-11 10:00:00;30.0282405702;7.92669368976e-05;0.211872940483;0.0811080158426;-8.50920384895e-14;0.0;-0.737157362827;-0.805897875669;-1.02347873635;-0.722998475129;-0.719945659963;0;214.437579454;29.2667433485;21.2293881908;20.3128297656;0
1990-08-11 12:00:00;35.5797168635;0.000147206332989;0.205351442657;0.0929997900888;-1.37014060561e-13;0.0;-0.753831951522;-0.874948965657;-1.23658740863;-0.732059683057;-0.725862708631;0;288.28908765;30.8951318584;25.9765125923;25.0226059117;0
1990-08-11 14:00:00;34.7710867247;0.000188829714757;0.216738222409;0.087492888924;-1.80589653705e-13;0.0;-0.770323916704;-0.923182297325;-1.33681633994;-0.743901659255;-0.735605142393;0;289.912477123;33.3562939678;29.1692138281;28.3068146642;0
1990-08-11 16:00:00;31.8546973575;0.000186284574853;0.210660730273;0.0781696474993;-2.76824187105e-14;0.0;-0.781859458647;-0.933106736573;-1.34149456756;-0.755830662179;-0.747417874563;0;212.425830519;32.4024296699;29.8111475409;29.1344955077;0
1990-08-11 18:00:00;22.5815133059;0.000109985408369;0.173995391454;0.0565152697688;-3.9521624085e-14;0.0;-0.780312548887;-0.8735093588;-1.18673567786;-0.762991343733;-0.758113749355;0;88.5133495728;27.4341704836;27.0995804882;26.5929785989;0
1990-08-11 20:00:00;-1.4501372439;8.58230485944e-19;7.11925184004e-14;-1.05697682257e-15;-7.73150509005e-14;0.0;-0.768009017201;-0.772206602256;-0.776970405956;-0.762991343733;-0.763480395728;0;0.0303040803986;13.1965619983;12.9092207364;12.1055915136;0
1990-08-12 08:00:00;20.6309962205;1.74278753142e-05;0.138056014966;0.0549255153779;-7.09599151093e-14;0.0;-0.771111461655;-0.789828484348;-0.860378296971;-0.76413412952;-0.763765277441;0;76.9890980591;17.0605002784;15.3207245963;14.8335420151;0
1990-08-12 10:00:00;29.5236930293;6.9363735382e-05;0.194052786843;0.0751138963414;4.16816185818e-14;0.0;-0.781554009134;-0.843140430553;-1.03798222429;-0.768704714854;-0.765757613498;0;220.174508738;29.1962822744;20.5666095808;19.5538427389;0
1990-08-12 12:00:00;35.0184314023;0.000139237036593;0.187663058173;0.0860025295182;-6.13570008344e-15;0.0;-0.798505118935;-0.914809025651;-1.26327370141;-0.777987923286;-0.771474849888;0;300.427664261;31.1542601385;25.846450604;24.835102162;0
1990-08-12 14:00:00;33.9844526834;0.00017678160253;0.198563902028;0.0806507108155;-4.82196004677e-16;0.0;-0.814602011395;-0.959955926562;-1.35775020177;-0.789986699344;-0.781382342501;0;291.969210304;33.3992459438;29.1936880431;28.3361826849;0
1990-08-12 16:00:00;31.0894841609;0.00017241924871;0.193048648768;0.0721526715535;-9.72870503225e-14;0.0;-0.825953177535;-0.968468700553;-1.36678477299;-0.801923578197;-0.793320618415;0;210.553260262;32.3653823215;29.8503818826;29.2288553981;0
1990-08-12 18:00:00;22.2573650368;9.99399453322e-05;0.160209274171;0.0522938487337;-8.99862161137e-15;0.0;-0.824897001514;-0.9111378787;-1.20170810523;-0.808950716285;-0.804067758876;0;88.5133495728;27.1252137253;26.8378395471;26.4020071438;0
1990-08-12 20:00:00;-1.44187757109;8.97007821616e-19;4.5420136557e-14;4.05811337798e-16;-7.06035880017e-14;0.0;-0.813968389753;-0.818165974808;-0.822929778509;-0.808950716285;-0.80943976828;0;0.0303040803986;13.1335157111;12.8336851222;12.0010729044;0
1990-08-13 08:00:00;19.6352090759;1.51492727132e-05;0.125299409302;0.0486993263763;-6.30065362628e-14;0.0;-0.816708052399;-0.833707873571;-0.896472187055;-0.810022936237;-0.809691178712;0;71.1794335873;16.9060161692;15.4354259321;15.0112362424;0
1990-08-13 10:00:00;28.5262772974;6.01632129257e-05;0.175071595688;0.0681250122983;-1.16760013978e-13;0.0;-0.825963902604;-0.880684121097;-1.05406029488;-0.814299502096;-0.811510901427;0;209.59746585;28.5344382921;20.3286486869;19.3567413137;0
1990-08-13 12:00:00;34.0559707175;0.000121250470227;0.169384735647;0.0791902000697;3.59145581425e-14;0.0;-0.841216047926;-0.944701229778;-1.26395544623;-0.823008450388;-0.816804870178;0;290.164939604;30.708559531;25.397382464;24.3644478059;0
1990-08-13 14:00:00;32.9902672768;0.000157465946036;0.180008030315;0.0741791594484;-4.77321432782e-14;0.0;-0.856581152713;-0.988606769811;-1.36041528621;-0.834501364389;-0.826123757742;0;276.262930422;32.8832743258;28.8101387773;27.9946544634;0
1990-08-13 16:00:00;30.2335843659;0.000161407228324;0.176462660134;0.0662910475987;-1.04742651049e-14;0.0;-0.868910511447;-1.00434218085;-1.38363616049;-0.846500782703;-0.83769250142;0;208.810598051;32.3508304503;29.9069663639;29.3311513543;0
1990-08-13 18:00:00;21.412508594;9.26614062975e-05;0.144993475156;0.047180618483;-9.86792969167e-14;0.0;-0.868403315923;-0.94970394677;-1.22411774601;-0.853491548177;-0.848546803851;0;86.016706661;27.2263197073;26.9646219234;26.5580527022;0
1990-08-13 20:00:00;-1.50414839843;6.57459825477e-19;2.86784182894e-14;-9.11854171519e-17;-4.01165961566e-14;0.0;-0.858509221645;-0.8627068067;-0.8674706104;-0.853491548177;-0.853980600172;0;0.0476344100223;13.863769448;13.5572084391;12.6820732048;0
1990-08-14 08:00:00;19.8280509441;1.56302786062e-05;0.113296234108;0.0458479571554;-9.00037593346e-14;0.0;-0.861378785068;-0.87895513849;-0.943241539181;-0.854678196674;-0.854243770174;0;75.9053651171;16.9042828498;15.3326653629;14.8960614118;0
1990-08-14 10:00:00;27.8323624369;5.67678335831e-05;0.157580530448;0.0620804154391;1.62569213852e-14;0.0;-0.870153668382;-0.922608946507;-1.08804804868;-0.859006197892;-0.856123531724;0;212.670701413;28.2411516251;20.010394996;19.0289537323;0
1990-08-14 12:00:00;33.1063205574;0.000112152419996;0.151942805717;0.072276316417;-5.72774008017e-14;0.0;-0.884571336421;-0.981899969884;-1.28477009579;-0.867641361942;-0.861387432255;0;292.078337514;30.4294889791;24.9904124438;23.916378929;0
1990-08-14 14:00:00;32.3753848159;0.000144985462604;0.161414435317;0.0686049935361;-1.89208935868e-14;0.0;-0.899325519319;-1.0229494645;-1.37608072064;-0.878973564873;-0.870583551835;0;284.793209796;32.6032946937;28.2537417059;27.4076892298;0
1990-08-14 16:00:00;29.7899029036;0.000138154764389;0.159065770587;0.0619055807994;-3.69575042502e-14;0.0;-0.909507507761;-1.0280279898;-1.37319635324;-0.88995268062;-0.881808632687;0;205.447490872;31.1889992457;28.6777096784;28.1685935028;0
1990-08-14 18:00:00;20.7248480567;7.58323439922e-05;0.130355768472;0.0431379303659;-2.32542414376e-13;0.0;-0.90898485365;-0.977429603223;-1.2175860785;-0.896055372552;-0.891733746579;0;81.8489705719;25.874497134;25.5695570998;25.2464625116;0
1990-08-14 20:00:00;-1.40218463892;3.5800551223e-19;2.79443987059e-14;-3.52255481738e-16;-4.98577601899e-14;21.5894489903;-0.90107304602;-0.905270631075;-0.910034434775;-0.691020374335;-0.896544424547;0;0.0476344100223;12.8287188797;12.5375819028;11.7380216596;0
1990-08-15 08:00:00;20.2978935497;1.6731942523e-05;0.154720000453;0.0598423216163;-7.39483144061e-14;0.0;-0.698945739192;-0.716771017575;-0.784175928515;-0.691984150597;-0.691776398926;0;72.2297545411;16.5313375733;15.0466462962;14.6248386435;0
1990-08-15 10:00:00;29.6683952098;6.68146126426e-05;0.216226180372;0.0842383159193;2.57966979131e-12;0.0;-0.708672889889;-0.76702180712;-0.954322455569;-0.695850304799;-0.693539781667;0;209.995195103;27.8317726167;19.7344304887;18.7622924668;0
1990-08-15 12:00:00;36.0679355311;0.000137797747432;0.207989089495;0.0987216234094;-7.46388539282e-13;0.0;-0.724806415806;-0.83790665516;-1.18659042195;-0.703913440345;-0.698542372824;0;297.930943078;29.9231598914;24.7434842266;23.7548520718;0
1990-08-15 14:00:00;35.5612776769;0.000184325751327;0.22330289908;0.0931409802983;-2.65547856451e-14;0.0;-0.741080845786;-0.88942882183;-1.29662884733;-0.714891203069;-0.707357804595;0;290.864149826;32.2465104853;28.133023973;27.2899550332;0
1990-08-15 16:00:00;32.5102960657;0.000180101185539;0.217696900884;0.0832062791867;1.3932479225e-14;0.0;-0.751452283908;-0.896825422137;-1.29530997246;-0.725834570845;-0.718278531584;0;208.00912682;31.0741973723;28.657793711;28.0475474715;0
1990-08-15 18:00:00;22.6445849532;9.92668490375e-05;0.180312116566;0.0594362352269;-3.20330565571e-14;0.0;-0.748248038107;-0.832123836327;-1.11709271582;-0.731959983615;-0.72792661767;0;85.1196001239;25.7707248134;25.499074216;25.0893756512;0
1990-08-15 20:00:00;-1.42155923506;9.14307551055e-19;6.7523940949e-14;6.64480267626e-16;-7.55443520877e-14;0.0;-0.736977657083;-0.741175242138;-0.745939045839;-0.731959983615;-0.73244903561;0;0.0613140694382;13.1198512176;12.8242310486;12.0032431791;0
1990-08-16 08:00:00;21.6417983925;1.90853641634e-05;0.148734112783;0.0604350065147;-3.31701692373e-14;0.0;-0.740340476239;-0.760281844475;-0.836108876983;-0.733145413819;-0.732757799728;0;83.3633642929;17.4004411618;15.6253735898;15.1410111377;0
1990-08-16 10:00:00;30.0388390911;7.15272331948e-05;0.204854075177;0.080101566824;-1.61301346457e-13;0.0;-0.750828737017;-0.813526369761;-1.01115313531;-0.73761051184;-0.734792262173;0;220.877084664;28.7925285764;20.6397091246;19.6711870995;0
1990-08-16 12:00:00;35.4811973082;0.000141314587502;0.198494880462;0.0911936877798;-4.65868479221e-14;0.0;-0.767526849831;-0.884508280006;-1.23611830977;-0.746537151199;-0.740390850771;0;295.246780871;30.753392601;25.6979948484;24.7346387826;0
1990-08-16 14:00:00;34.4909591865;0.000184970088111;0.209944353324;0.0849450271501;2.61206765312e-15;0.0;-0.784278559075;-0.934676107097;-1.34236269615;-0.758436139526;-0.750034640846;0;289.172355873;33.0876311086;28.9746698107;28.1284922059;0
1990-08-16 16:00:00;31.4608721882;0.000180833257257;0.202021975486;0.0755870384851;2.20016468307e-14;0.0;-0.795583534772;-0.943091383331;-1.34169274299;-0.770309892166;-0.761877990839;0;207.13246047;31.8373457698;29.48040803;28.863329271;0
1990-08-16 18:00:00;21.6930704335;9.61754681083e-05;0.164801751026;0.0534893697338;-4.14189911317e-12;0.0;-0.792423918583;-0.874874671584;-1.15510611343;-0.776724011652;-0.772375214656;0;82.2206296326;26.4798596012;26.1976010111;25.7710444463;0
1990-08-16 20:00:00;-1.46054288366;8.51623735846e-19;5.7446105729e-14;-1.37788050298e-16;-4.89071486807e-14;0.0;-0.78174168512;-0.785939270175;-0.790703073875;-0.776724011652;-0.777213063647;0;0.0476344100223;13.4105672896;13.1220701616;12.3084943669;0
1990-08-17 08:00:00;20.6409426077;1.54876246665e-05;0.133064933486;0.053982565778;-1.0461361446e-13;0.0;-0.784513014488;-0.801686341855;-0.865723620213;-0.777763431357;-0.777467381844;0;78.7931173701;16.7885343027;15.0256910265;14.5341860555;0
1990-08-17 10:00:00;29.3064569052;6.76475125877e-05;0.185844753369;0.0731232706902;8.97950334731e-14;0.0;-0.794939560236;-0.855119627813;-1.04263405123;-0.782324838396;-0.779363843977;0;222.533106032;28.4621997709;20.1929121909;19.2024040118;0
1990-08-17 12:00:00;34.4911447173;0.000123184681798;0.176329806139;0.0837815991262;-4.09633791079e-14;0.0;-0.809362246868;-0.91341552204;-1.23385203491;-0.790721317489;-0.784841008469;0;294.677276932;29.8387750075;24.6062913271;23.5905473052;0
1990-08-17 14:00:00;33.99465936;0.000156244039278;0.187267905115;0.0797622527988;-1.62694219254e-14;0.0;-0.823776129545;-0.953649164139;-1.32146200113;-0.80154154702;-0.793788860095;0;284.660078099;31.6960968672;27.5842499769;26.7704888917;0
1990-08-17 16:00:00;31.3718751154;0.000148794471357;0.184927082429;0.0723022034847;-1.6092999679e-14;0.0;-0.833367164806;-0.957830297467;-1.31923020612;-0.812026588638;-0.80449483705;0;206.56625452;30.3897702814;27.9366125841;27.4181194476;0
1990-08-17 18:00:00;21.3384197417;7.90944307734e-05;0.150138650167;0.0499204331601;-3.6260196631e-14;0.0;-0.831301874634;-0.900968061396;-1.14667913203;-0.817673177969;-0.813829803496;0;80.1230800457;25.0351067895;24.7500586993;24.4257152383;0
1990-08-17 20:00:00;-1.39407943295;6.66959085357e-19;4.85324628277e-14;-7.23889255286e-16;-4.59291293218e-14;0.0;-0.822690851437;-0.826888436492;-0.831652240192;-0.817673177969;-0.818162229964;0;0.0544493304395;12.7693449437;12.4912319165;11.7260859071;0
1990-08-18 08:00:00;17.2426258594;8.93887218772e-06;0.114828300333;0.0420403811731;3.23892783007e-15;0.0;-0.824316334831;-0.836120275405;-0.877095569758;-0.818314554347;-0.818310995877;0;57.2512421623;15.1499097137;13.972151871;13.59617765;0
1990-08-18 10:00:00;27.1265877223;4.65967988246e-05;0.162754194497;0.0645395603671;5.39746493177e-14;0.0;-0.8318240742;-0.875329220146;-1.01387625275;-0.82166861525;-0.819579338745;0;195.372205765;26.1924667164;18.4309011473;17.4721327202;0
1990-08-18 12:00:00;33.3616649971;0.00010106034922;0.157186909624;0.0776001734555;-2.35887944155e-14;0.0;-0.844976129454;-0.932489761423;-1.21361094334;-0.829005013836;-0.823842183689;0;282.286349296;28.7903004693;23.4498009822;22.3679360461;0
1990-08-18 14:00:00;33.2323051936;0.000142419795773;0.171741638832;0.0743556054613;-4.40341396251e-14;0.0;-0.859894291594;-0.980246787309;-1.32837912461;-0.839490001809;-0.831873915407;0;278.868878763;31.4892016879;27.2510363237;26.4299770931;0
1990-08-18 16:00:00;30.6516857546;0.000133272987526;0.169102845179;0.0674806657797;-7.35011661216e-13;0.0;-0.868815184272;-0.9821864911;-1.3166154298;-0.849459240792;-0.842213586863;0;201.249174323;29.8742408516;27.4529115308;26.9724473928;0
1990-08-18 18:00:00;20.7363676128;7.11341850999e-05;0.138104030246;0.0460487573992;-2.57373033674e-13;0.0;-0.867455075548;-0.931285799328;-1.1583441684;-0.854843727355;-0.851144616802;0;78.0288961242;24.7839286879;24.4975913671;24.2086893482;0
1990-08-18 20:00:00;-1.38626874061;4.04895266187e-19;2.79869964724e-14;-3.38652681857e-16;-5.59551966921e-14;0.0;-0.859861400823;-0.864058985878;-0.868822789579;-0.854843727355;-0.85533277935;0;0.0476344100223;12.6306825923;12.3614158113;11.6228893478;0
1990-08-19 08:00:00;17.5513219773;9.69067643133e-06;0.108358735063;0.0403831879352;1.02846125679e-14;0.0;-0.861643963161;-0.874178070734;-0.918148526301;-0.855580712688;-0.855496011585;0;60.0548420513;15.6672126985;14.4052248643;14.0092181448;0
1990-08-19 10:00:00;27.0139866194;4.55997485156e-05;0.152710532688;0.0606960280003;-1.35133351334e-14;0.0;-0.869010823125;-0.912081491751;-1.04831856029;-0.859059796126;-0.856838115662;0;197.261503853;26.6759710404;18.965146757;18.0110409304;0
1990-08-19 12:00:00;32.7510353457;9.74617369292e-05;0.147219387386;0.0722767714334;-1.85418232771e-13;0.0;-0.881932081402;-0.967415425281;-1.24393999838;-0.866558022395;-0.861193139069;0;279.499845226;29.0102796388;23.8814889145;22.8449684776;0
1990-08-19 14:00:00;32.5084545936;0.000123269583386;0.155940420354;0.0697423006089;-8.04696641544e-15;0.0;-0.894237529072;-1.00045325985;-1.31718635646;-0.876164874077;-0.869131934482;0;271.740651157;30.6607541484;26.5359115399;25.7654799269;0
1990-08-19 16:00:00;30.0379019897;0.000115293732231;0.153638875706;0.0634223623543;-2.40000424662e-14;0.0;-0.902458569256;-1.00244567266;-1.30526658883;-0.885276605674;-0.878609858493;0;197.381404287;29.1548452095;26.72258128;26.2512088328;0
1990-08-19 18:00:00;19.6631501696;5.64414882274e-05;0.127947751445;0.0418791783136;-1.09344577656e-13;0.0;-0.900710014041;-0.952953789882;-1.14449063565;-0.889782418215;-0.886725812227;0;72.2546578346;23.9887437894;23.7179388973;23.4851691206;0
1990-08-19 20:00:00;-1.37419279121;2.75386237197e-19;4.06158572958e-14;-7.81826382624e-16;-3.47468806949e-14;0.0;-0.894800091683;-0.898997676737;-0.903761480438;-0.889782418215;-0.89027147021;0;0.0717060124982;12.6816118252;12.4006930777;11.6321701812;0
1990-08-20 08:00:00;16.4166897019;7.16598327433e-06;0.0988037305955;0.0356675604382;-7.95511772269e-14;0.0;-0.89613654622;-0.906577002231;-0.941316539835;-0.890356634309;-0.89039353322;0;54.4374626805;15.2178700342;14.1646889639;13.816446863;0
1990-08-20 10:00:00;26.8785340307;4.28741487288e-05;0.143151320959;0.0574212497566;9.93146262385e-15;0.0;-0.903373561407;-0.944545959029;-1.07378598225;-0.893802320585;-0.891576194802;0;205.270610145;27.1901055117;18.9899189846;17.9628584713;0
1990-08-20 12:00:00;32.2798285868;8.98248468641e-05;0.136112860758;0.0680686037688;4.78462304002e-15;0.0;-0.915449869617;-0.995552307505;-1.25988223893;-0.901078068062;-0.895823721915;0;285.768493841;29.410602888;23.807232416;22.6385843456;0
1990-08-20 14:00:00;31.9572319637;0.000119727135786;0.146382917535;0.0655720637669;1.53746226038e-15;0.0;-0.928347107076;-1.03268580415;-1.3447841889;-0.910896814819;-0.903614474238;0;277.528497767;31.2878273563;27.061108058;26.2795867984;0
1990-08-20 16:00:00;29.5328292551;0.000114320600168;0.144235473782;0.0594641442759;-9.10502604578e-15;0.0;-0.937242228198;-1.0374044113;-1.34048490715;-0.920403204604;-0.913346830553;0;202.234899697;29.9248918203;27.3488239669;26.8507589091;0
1990-08-20 18:00:00;19.8741989083;5.98409216893e-05;0.119553431372;0.0400171904032;-5.81741058402e-14;0.0;-0.936588615947;-0.99218549115;-1.19279577597;-0.9254310849;-0.921921654388;0;76.4291869414;24.8277258396;24.5189482549;24.2661728582;0
1990-08-20 20:00:00;-1.39355024227;2.30373016135e-19;3.16674863277e-14;-1.99302228405e-16;-3.02941082969e-14;0.0;-0.930448758368;-0.934646343422;-0.939410147123;-0.9254310849;-0.925920136895;0;0.0613140694382;12.8287463328;12.5377208117;11.7387532918;0
1990-08-21 08:00:00;18.881849138;1.00531660221e-05;0.0957405102711;0.0390757609372;-8.08102707591e-14;0.0;-0.932340235379;-0.945381852905;-0.991217768733;-0.926279282135;-0.926093324697;0;73.6008063822;16.594348419;14.869785016;14.3699574375;0
1990-08-21 10:00:00;27.4849831095;4.96740944834e-05;0.137366938257;0.0553978070564;-5.71786424287e-14;0.0;-0.940664982576;-0.987993526659;-1.13444336438;-0.9304853039;-0.927624399759;0;229.856448973;29.1714852987;20.0094358547;18.8632172094;0
1990-08-21 12:00:00;31.7002624887;9.80502638707e-05;0.129923859004;0.0629682561782;-1.56909463717e-14;0.0;-0.95387411631;-1.04146635211;-1.3204847356;-0.938861058926;-0.93266657865;0;291.276847021;30.6956093371;25.1124224187;23.9785059968;0
1990-08-21 14:00:00;30.7086337088;0.000127363830269;0.137749739169;0.0595557406012;-3.9788505736e-15;0.0;-0.96783475498;-1.07953799635;-1.40736849766;-0.94988876643;-0.941554212123;0;274.851079862;32.7538007119;28.3607707349;27.5275917439;0
1990-08-21 16:00:00;28.0863476104;0.000128189157876;0.136572533377;0.0532926757568;-2.832057967e-14;0.0;-0.979116807854;-1.09171648773;-1.42077208923;-0.961159671945;-0.952603878379;0;202.326820475;31.8030439058;29.3432409218;28.8549090282;0
1990-08-21 18:00:00;18.484801872;6.41312226757e-05;0.110070273129;0.0349431339275;-1.69598713224e-13;0.0;-0.978286391817;-1.03815973369;-1.25331103316;-0.96686403833;-0.962766118389;0;72.8004497661;26.2276429406;26.0222780096;25.7118515557;0
1990-08-21 20:00:00;-1.43117439861;2.88455223182e-19;3.48459922004e-14;3.26757885574e-16;-2.52449028661e-14;16.5533421889;-0.971881711798;-0.976079296853;-0.980843100553;-0.787125278314;-0.967353090325;0;0.0955244917381;13.4446402569;13.1403584037;12.2867471964;0
1990-08-22 08:00:00;19.8776877929;1.31675222399e-05;0.130049077531;0.0511718088385;-6.58736603361e-14;0.0;-0.794507937022;-0.809782192731;-0.865764883968;-0.788024381817;-0.787831292327;0;72.6659600582;16.651985907;15.0796391865;14.6245614954;0
1990-08-22 10:00:00;29.2622406568;6.39644990079e-05;0.182206420448;0.0721707939893;6.90273593695e-14;0.0;-0.804587219739;-0.861850658471;-1.03935902551;-0.792411161236;-0.789567837787;0;217.704739406;28.336961701;20.2830788707;19.2932924341;0
1990-08-22 12:00:00;34.3161149679;0.000125503512542;0.177495952058;0.0821964468052;-3.45290246362e-13;0.0;-0.819942636115;-0.92608354579;-1.24970239691;-0.801111611158;-0.794972371962;0;284.806704117;30.3178259068;25.4606831432;24.5380923341;0
1990-08-22 14:00:00;33.5774545229;0.000160168187908;0.18677365676;0.0776405093517;-2.48064970817e-15;0.0;-0.834969532211;-0.96831360051;-1.343067413;-0.81239754242;-0.804252973501;0;280.042000892;32.4719749272;28.402584071;27.586895984;0
1990-08-22 16:00:00;30.6931899392;0.000150981184755;0.178370563338;0.069584773418;-1.26878481669e-14;0.0;-0.844713465152;-0.971255909959;-1.33623245846;-0.823227269399;-0.815395957037;0;198.626373965;30.8952084832;28.6053531038;28.0852013182;0
1990-08-22 18:00:00;20.0355889934;7.7593009088e-05;0.147864739606;0.0463932198738;-3.92180237504e-13;0.0;-0.842269448213;-0.910962967484;-1.15602768472;-0.828866436234;-0.825010248185;0;73.8780760774;25.8213621745;25.5743702267;25.2032422899;0
1990-08-22 20:00:00;-1.4503453661;5.89139138707e-19;4.87466803509e-14;-1.0388928051e-15;-4.02257032649e-14;0.0;-0.833884109703;-0.838081694757;-0.842845498458;-0.828866436234;-0.829355488229;0;0.0544493304395;13.3555555302;13.0650614231;12.2484390271;0
1990-08-23 08:00:00;19.5015768507;1.53756849424e-05;0.119957657485;0.046823003046;-2.49650875872e-14;0.0;-0.836682900368;-0.853950756683;-0.91762313803;-0.829989875579;-0.829612317426;0;71.2460947123;16.9272306979;15.4073289316;14.968966947;0
1990-08-23 10:00:00;28.7374924234;6.10424954205e-05;0.168785090842;0.0665233422294;-3.23885374541e-14;0.0;-0.846179067422;-0.901654863802;-1.07269016322;-0.834469704133;-0.831499055006;0;212.364120424;28.7345661021;20.6473869233;19.6498580837;0
1990-08-23 12:00:00;33.7364929994;0.000117415438535;0.163048982756;0.0764109922745;1.71956766541e-14;0.0;-0.860831028364;-0.961803110652;-1.27479976393;-0.84317597802;-0.836924128925;0;290.778965139;30.8471951044;25.5257007974;24.4847211332;0
1990-08-23 14:00:00;32.8461210455;0.00015027121739;0.170500480723;0.0718821820359;-8.02665650598e-15;0.0;-0.875618826067;-1.00262675368;-1.36338566974;-0.854492647858;-0.846187687454;0;283.326633133;32.5316296187;28.2982088612;27.4666358967;0
1990-08-23 16:00:00;30.0671125342;0.000138144856417;0.164179074767;0.0646945663722;-1.32965707151e-14;0.0;-0.884827678438;-1.00255556835;-1.3463183244;-0.865071993004;-0.857309195014;0;198.469576279;30.7707848555;28.4303409658;27.9423868973;0
1990-08-23 18:00:00;18.8159614403;6.85931768443e-05;0.134746897112;0.0411246780159;-3.05746814866e-14;0.0;-0.882649610973;-0.944651958722;-1.16703416339;-0.870388647375;-0.86672043719;0;68.932716483;25.6107455237;25.3785501017;25.000507199;0
1990-08-23 20:00:00;-1.43768932123;4.72238899852e-19;3.24432227671e-14;3.0904144015e-16;-3.54763696057e-14;0.0;-0.875406320843;-0.879603905897;-0.884367709598;-0.870388647375;-0.87087769937;0;0.0544493304395;13.2308121939;12.9396646933;12.1257331155;0
1990-08-24 08:00:00;18.367204568;1.04042977138e-05;0.107899216398;0.0413803790345;-5.16218648705e-14;0.0;-0.877328601455;-0.890519597918;-0.93732405142;-0.871198813863;-0.871053829727;0;65.5902942126;16.3622631264;14.9330345943;14.4981231416;0
1990-08-24 10:00:00;28.4739765188;5.43492093174e-05;0.154870899402;0.062367346231;5.09827335145e-14;0.0;-0.88629527272;-0.93678175683;-1.09202678378;-0.875446975693;-0.872608271306;0;225.818490747;28.8498087502;20.2686772409;19.1913711797;0
1990-08-24 12:00:00;32.9059835604;0.000107888200626;0.147554564114;0.0704840553691;-8.53566165927e-15;0.0;-0.900332696591;-0.994652166825;-1.29043294019;-0.883960581762;-0.877765869873;0;292.84228875;30.6258700676;25.1719935748;24.0865213458;0
1990-08-24 14:00:00;31.9105967856;0.00014392002277;0.155944590016;0.0660640769576;-1.96144077756e-14;0.0;-0.91558770618;-1.03887598716;-1.39041013151;-0.895486907964;-0.886897482985;0;282.814823836;32.7007284052;28.3850771793;27.5450393535;0
1990-08-24 16:00:00;29.2062350119;0.000133532499831;0.150690990474;0.0592722029693;-1.43088981058e-14;0.0;-0.925297615893;-1.04063386569;-1.37909592871;-0.906357765754;-0.89825542225;0;198.17611173;30.8564998646;28.4535628466;27.962259555;0
1990-08-24 18:00:00;19.2293538587;6.1632915867e-05;0.123048709584;0.0395133143796;-6.69088225005e-14;0.0;-0.922819556029;-0.979725543083;-1.18583248673;-0.911433532295;-0.907902350365;0;72.0022484237;24.8790290987;24.6626022494;24.3930270322;0
1990-08-24 20:00:00;-1.37154958312;2.88607206543e-19;2.78802344809e-14;-2.92090452464e-17;-3.95817012009e-14;0.0;-0.916451205763;-0.920648790818;-0.925412594519;-0.911433532295;-0.91192258429;0;0.0407209822936;12.44312814;12.1670430687;11.4184063132;0
1990-08-25 08:00:00;18.5855667936;1.05147673693e-05;0.097293259351;0.0392435010309;-1.72273158902e-14;0.0;-0.918420845056;-0.931817074299;-0.978957699315;-0.912303184047;-0.912102925995;0;70.7407852939;16.2437893068;14.6518368855;14.1892633404;0
1990-08-25 10:00:00;27.5971626737;5.2058789871e-05;0.139915802091;0.0566726047217;-9.55500785597e-15;0.0;-0.927103281949;-0.9761338706;-1.12600216775;-0.916624873085;-0.913685457095;0;228.468428284;28.7346026834;19.7136630856;18.5684752853;0
1990-08-25 12:00:00;31.8338836979;9.96521422605e-05;0.132331803268;0.0642762243471;-6.7102246912e-15;0.0;-0.94023548805;-1.02876022525;-1.30909120254;-0.924972534677;-0.918826307113;0;290.567356248;30.1617736467;24.7010710803;23.6012357271;0
1990-08-25 14:00:00;30.8966854539;0.000135991621516;0.141950383601;0.0606197581531;-1.06920985725e-14;0.0;-0.955462375178;-1.07357256355;-1.41027702517;-0.93652548618;-0.927804802326;0;277.954792722;32.5305376096;28.3784691076;27.5791506122;0
1990-08-25 16:00:00;28.5882868466;0.000121411421862;0.137400646945;0.0550783710698;-6.03974676002e-15;0.0;-0.964378751808;-1.07100809552;-1.38697510606;-0.946999799715;-0.939114057009;0;199.39027044;30.4365807694;27.9926475971;27.5093264805;0
1990-08-25 18:00:00;18.6088481444;5.97145685347e-05;0.111656376766;0.0358739856781;-3.64763856364e-14;0.0;-0.963247109181;-1.01915703335;-1.22180131676;-0.952207696784;-0.948524692334;0;70.8596964111;24.8923341808;24.6838026366;24.4157534522;0
1990-08-25 20:00:00;-1.39949340806;3.90243187459e-19;2.41226688516e-14;-1.6114913076e-16;-2.84519380054e-14;0.0;-0.957225370253;-0.961422955307;-0.966186759008;-0.952207696784;-0.952696748779;0;0.0407209822936;12.7226101845;12.452832238;11.7097367452;0
1990-08-26 08:00:00;17.9349681857;1.12965958947e-05;0.0887897977393;0.0353375534827;-1.70309084124e-14;0.0;-0.959368523824;-0.973554522903;-1.02362783964;-0.953197120366;-0.952892998944;0;67.8101764891;16.3758707482;14.9040966162;14.4716534775;0
1990-08-26 10:00:00;27.0677562983;5.17723509185e-05;0.12856926609;0.0521704035253;3.73230203257e-14;0.0;-0.968070532009;-1.01733620365;-1.16748482012;-0.95774890084;-0.954585964433;0;224.93484989;29.1029031365;20.3389204128;19.2307377686;0
1990-08-26 12:00:00;30.7462998824;9.77218363165e-05;0.122202362609;0.0585659455958;-3.38233061593e-14;0.0;-0.981241705972;-1.06908911435;-1.34536602291;-0.966418306998;-0.95993896212;0;279.458792834;30.418408467;25.2744413774;24.2506720631;0
1990-08-26 14:00:00;29.8512755981;0.000125386333934;0.128886995613;0.0556620403922;-1.47690404185e-14;0.0;-0.995227045526;-1.10599129273;-1.42723622476;-0.977692981193;-0.969095976844;0;269.533949546;32.5330141275;28.3704517899;27.5796227288;0
1990-08-26 16:00:00;26.7201615379;0.000123297282697;0.121745991737;0.0485715127304;-5.68921745784e-15;0.0;-1.00620208754;-1.11546049401;-1.43117373289;-0.988948210865;-0.9803417179;0;184.792631572;31.3358904036;29.1539310206;28.6932171088;0
1990-08-26 18:00:00;16.9969458521;6.01781848934e-05;0.103045565603;0.0309504863944;-5.28532691783e-14;0.0;-1.00541716594;-1.06235416678;-1.26852346646;-0.99450317926;-0.990494842877;0;66.173514128;26.2523109353;26.0244879056;25.6291534084;0
1990-08-26 20:00:00;-1.45454139852;3.76591074105e-19;1.95846695851e-14;2.48883027952e-17;-1.51589843822e-14;0.0;-0.999520852728;-1.00371843778;-1.00848224148;-0.99450317926;-0.994992231255;0;0.0303040803986;13.2342885206;12.9508885769;12.1559026529;0
1990-08-27 08:00:00;18.9333122014;1.27710355573e-05;0.0821480038248;0.0349865327153;-3.41833840057e-14;0.0;-1.00197602755;-1.01760308886;-1.07316011014;-0.995687304344;-0.995217027246;0;80.2416307764;17.0920887399;15.1748055561;14.6391634308;0
1990-08-27 10:00:00;26.8692142969;5.59709270472e-05;0.118464255846;0.0485401514091;-1.4435989315e-14;0.0;-1.01150049713;-1.06485779769;-1.22562571164;-1.00089871875;-0.997162032606;0;237.948306759;30.3237880578;21.2091041513;20.0596499924;0
1990-08-27 12:00:00;29.8222131846;0.000102016992971;0.113341184375;0.0534885246857;-2.46436422366e-14;0.0;-1.0254628481;-1.11796050081;-1.40506526567;-1.01048961722;-1.0031874507;0;287.242026032;31.7977145749;26.3488247788;25.2724906128;0
1990-08-27 14:00:00;28.2280470397;0.00013507640819;0.119041476092;0.0497927103866;-9.08415082322e-15;0.0;-1.04149214667;-1.16156426625;-1.50044276558;-1.02337439048;-1.01336879361;0;279.223481762;34.2973521379;30.0153376365;29.1876121843;0
1990-08-27 16:00:00;25.5752477461;0.000127256652598;0.113704292723;0.0441408408226;-7.80566713629e-15;0.0;-1.05297895679;-1.16704317984;-1.49818463658;-1.03571060303;-1.02612404918;0;194.318775191;32.8421738368;30.5634546765;30.0766770307;0
1990-08-27 18:00:00;16.4079228507;6.23491964399e-05;0.0936352335601;0.0280285118779;-1.99721649044e-12;0.0;-1.05276078977;-1.11232848172;-1.32701454708;-1.041825759;-1.03731121374;0;67.5514778999;27.412610048;27.1701191923;26.7216771422;0
1990-08-27 20:00:00;-1.47111008262;3.55540840758e-19;1.39724797013e-14;8.66565272569e-17;-1.43191272243e-14;0.0;-1.04684343247;-1.05104101752;-1.05580482122;-1.041825759;-1.04231481099;0;0.0476344100223;13.5288518902;13.2312560289;12.3905210093;0
1990-08-28 08:00:00;19.2490378188;1.5140250093e-05;0.0760015030903;0.0330345703093;-1.43278680088e-14;0.0;-1.04979601283;-1.06771210798;-1.13201975406;-1.04331782647;-1.0425851984;0;86.9829397543;18.1021864796;16.0140465947;15.4357540371;0
1990-08-28 10:00:00;25.9846184877;5.64815482811e-05;0.107105360056;0.0437574221397;-5.76986428504e-14;0.0;-1.05939177868;-1.11383242757;-1.27734809077;-1.04890880223;-1.04481614411;0;234.75614939;31.2557617092;21.7276275912;20.5231516958;0
1990-08-28 12:00:00;28.5429181097;9.62550013853e-05;0.100940288112;0.0481352619264;-9.38656299415e-15;0.0;-1.0726431474;-1.16138526432;-1.43820445509;-1.05852752578;-1.05112093513;0;284.083607189;31.8295199804;26.4061755167;25.3265083033;0
1990-08-28 14:00:00;27.2200224953;0.000120666550088;0.105789625144;0.0455364546563;-1.94568495535e-15;0.0;-1.08709882374;-1.19660849039;-1.51332312225;-1.07074938837;-1.06118309615;0;275.158130297;34.1090911266;29.8062068571;28.9949267687;0
1990-08-28 16:00:00;24.7900507018;0.000107524397828;0.100446449356;0.040614634103;-3.40025254733e-15;0.0;-1.09684414176;-1.19557477593;-1.49180321123;-1.08179616079;-1.07317605873;0;186.944819431;31.9734525258;29.8414109235;29.4206367782;0
1990-08-28 18:00:00;15.1957768994;5.22088675299e-05;0.0837972782328;0.0245819122359;-8.59647848743e-14;0.0;-1.09702701566;-1.14841874299;-1.33829012947;-1.0872137644;-1.08322901837;0;62.4491145702;26.9356112249;26.7190358032;26.3191964123;0
1990-08-28 20:00:00;-1.45422909432;2.02557059866e-19;1.37146913764e-14;-2.36863929483e-17;-1.11240925772e-14;15.3215783509;-1.09223143787;-1.09642902292;-1.10119282662;-0.892254266743;-1.0877028164;0;0.0476344100223;13.3681556986;13.0669864678;12.2228755425;0
1990-08-29 08:00:00;19.7760032712;1.58285222086e-05;0.106793811264;0.0429526677277;-3.06227015586e-14;0.0;-0.900213328115;-0.918126359368;-0.983884015448;-0.893527881003;-0.893013155182;0;76.4107949886;17.5667014432;15.8803944266;15.4013309176;0
1990-08-29 10:00:00;28.5162288318;6.03878883916e-05;0.148793903064;0.0599544193014;-2.50042629562e-14;0.0;-0.909836047179;-0.965501005491;-1.13329997964;-0.898408786959;-0.895046936141;0;229.557410507;29.6707219096;20.8047472707;19.6759222284;0
1990-08-29 12:00:00;31.9808681842;0.000112282940324;0.142783255149;0.0658418467402;-9.65432522705e-14;0.0;-0.924266111379;-1.02268556461;-1.32613209461;-0.907577263964;-0.900816231037;0;274.813587192;30.8942494069;25.9197882677;24.9626066114;0
1990-08-29 14:00:00;31.0752033686;0.000132580443945;0.147252298478;0.0625371605735;-4.62231196776e-14;0.0;-0.937293614124;-1.05221876418;-1.38586708248;-0.918561379172;-0.910338218802;0;261.628114976;32.0812415209;28.1293679892;27.3665518012;0
1990-08-29 16:00:00;27.9468259671;0.000127355893696;0.138480260712;0.0550757414339;-4.02762318891e-14;0.0;-0.947401454393;-1.05822106642;-1.37836261763;-0.929276979092;-0.921240366039;0;181.689056463;30.8858958742;28.8561279179;28.4144019466;0
1990-08-29 18:00:00;16.946311902;5.63197309068e-05;0.114176714087;0.033834215384;-6.93881209305e-14;0.0;-0.944813493868;-0.997564613801;-1.19040165907;-0.934067819632;-0.930737558711;0;61.4326836535;24.9690016601;24.7532120317;24.3850387553;0
1990-08-29 20:00:00;-1.46926852883;4.1863678372e-19;2.62174431565e-14;-2.75438573444e-17;-2.42223099262e-14;0.0;-0.9390854931;-0.943283078155;-0.948046881856;-0.934067819632;-0.934556871627;0;0.0407209822936;13.4378336641;13.1592101631;12.3698105641;0
1990-08-30 08:00:00;18.6601873174;1.20923639589e-05;0.0941391423282;0.0379470243647;-5.62136640147e-14;0.0;-0.94136604965;-0.95619362184;-1.00895361009;-0.935100668228;-0.934765756786;0;71.7953230155;16.7248826746;15.2336095061;14.8047870983;0
1990-08-30 10:00:00;27.0634824318;5.11932814467e-05;0.130252385402;0.0536087920081;1.49533287339e-14;0.0;-0.949820351987;-0.998205749665;-1.14548809117;-0.939489844193;-0.936474420673;0;217.064498533;27.8648281706;19.9501810591;18.9382735499;0
1990-08-30 12:00:00;30.9301815103;0.000102393849646;0.127569705427;0.060178490691;-5.28273281843e-14;0.0;-0.963759183751;-1.05503920962;-1.33948269272;-0.948350009692;-0.941751107438;0;271.57340358;30.2960045709;25.3180166578;24.3448040963;0
1990-08-30 14:00:00;30.1075137192;0.000130682551447;0.134233484317;0.0572458457503;-1.06620149266e-14;0.0;-0.978027039425;-1.09257214816;-1.42180478973;-0.959817480559;-0.951107344637;0;265.935607047;32.3463626793;28.3341836905;27.5620116432;0
1990-08-30 16:00:00;27.2508478264;0.00011760042463;0.125208956301;0.0508559498531;-2.43390217243e-14;0.0;-0.987117985108;-1.09115121871;-1.39566770716;-0.970292546404;-0.962354991804;0;181.610497005;30.5840725199;28.4579772936;28.0289373081;0
1990-08-30 18:00:00;16.1582594917;4.93340835854e-05;0.104472753541;0.030477627632;-8.71163614208e-14;0.0;-0.984642049352;-1.03197869717;-1.20648548851;-0.974731429971;-0.971643583887;0;58.8816280272;24.7240626087;24.5257894821;24.1926490796;0
