time;An;E;Gs_max;Gs_mean;Gs_min;Irrigation;Psi_leaf_max;Psi_leaf_mean;Psi_leaf_min;Psi_soil;Psi_stem;Pthresh;Rg;Tleaf_max;Tleaf_mean;Tleaf_min;Tthresh
1990-07-11 20:00:00;-2.93291052689;1.57279530957e-17;1.34981297268e-13;-2.45672909093e-15;-1.57357305191e-13;0.0;-0.505022563988;-0.509293780817;-0.514332157764;-0.5;-0.500489051995;0;0.0;21.7647410277;21.5101474885;20.6445199749;0
1990-07-12 08:00:00;30.0656090099;0.000127810333318;0.293047716919;0.12448616878;1.59747098485e-13;0.0;-0.525143485576;-0.723979518543;-1.43864162142;-0.504849737843;-0.502396507098;0;122.412339388;24.7840278561;22.6234990825;22.1634020697;0
1990-07-12 10:00:00;33.6016111969;0.000222565279769;0.354121292719;0.133349421098;-2.67052661958e-13;0.0;-0.54525575308;-0.873512381892;-1.93143863816;-0.513442580214;-0.508667090826;0;220.380118033;34.6311853879;26.5316844721;25.1880035155;0
1990-07-12 12:00:00;37.0155138624;0.00033110259968;0.341857268631;0.154472096226;-4.58141298686e-14;0.0;-0.571780786141;-1.02584526201;-2.12977281339;-0.526582774965;-0.518899935791;4;439.101794249;71.7080146479;30.426564187;28.0971654473;2
1990-07-12 14:00:00;39.5410204078;0.00038918358618;0.35097614063;0.158982355564;-2.33573340152e-14;0.0;-0.594713192858;-1.11227762025;-2.27170152591;-0.542595402034;-0.532940346171;8;282.450377173;38.31507092;31.3333133117;29.7857688721;0
1990-07-12 16:00:00;35.0315726758;0.000359882299351;0.34914545626;0.13858155358;-1.7087349638e-13;0.0;-0.606166598893;-1.09603160761;-2.23031828281;-0.557973129057;-0.54854199652;6;194.750843314;35.0787184369;31.6741693362;30.2589715284;0
1990-07-12 18:00:00;21.1524143009;0.000232891829041;0.329627155277;0.0876253190214;-1.9838409016e-13;0.0;-0.600758546922;-0.943302461112;-1.93737638971;-0.568229044022;-0.562012161039;0;79.3519590815;31.5989723994;30.7594694236;29.1438444512;0
1990-07-12 20:00:00;-3.00771775184;1.73367087815e-17;1.11446546509e-13;1.53591508898e-15;-1.48205271159e-13;0.0;-0.57325160801;-0.577522824839;-0.582561201786;-0.568229044022;-0.568718096017;0;0.0;22.1551063056;21.9081523194;21.0567901068;0
1990-07-13 08:00:00;30.2405456162;0.000133407169975;0.299962421079;0.123358109806;2.78472576016e-14;0.0;-0.594795097075;-0.804548450891;-1.53955660434;-0.57421504149;-0.570758502906;0;123.739744893;25.9524344929;23.7079948307;23.1899675999;0
1990-07-13 10:00:00;33.5426955518;0.000231407837669;0.351712058423;0.131486959152;-2.22328061228e-13;0.0;-0.61700312327;-0.960014940544;-2.03327839756;-0.584795216078;-0.578251839859;2;225.912069645;37.4468464058;27.9516760089;26.4277398826;0
1990-07-13 12:00:00;35.5900953982;0.000330429282942;0.346130531398;0.148872344731;-1.33232921964e-12;0.0;-0.644483005827;-1.09365565617;-2.13229968443;-0.600348712273;-0.590370469406;4;447.761104544;74.8098758994;32.0120948543;29.5640349187;2
1990-07-13 14:00:00;37.5964427233;0.000395372206006;0.348705674743;0.151750777072;-1.57850337362e-10;0.0;-0.671317444227;-1.18724747719;-2.26157438474;-0.619677383433;-0.606958080022;8;291.077648984;40.6915320281;33.0221882791;31.3112239231;0
1990-07-13 16:00:00;33.5537140766;0.000378661464914;0.34750029294;0.132160037768;-8.07099739851e-14;0.0;-0.688175894603;-1.19461700727;-2.27482175373;-0.638958625;-0.626067548382;9;206.413033509;37.9758349709;33.6665625207;32.0440042123;0
1990-07-13 18:00:00;20.4929355071;0.000247469278056;0.32512874077;0.0835288712833;-1.28929636782e-12;0.0;-0.685360124265;-1.04824626486;-2.04163895581;-0.651984927487;-0.643328800306;3;81.7154034357;33.6160745039;32.6826641755;30.790325098;0
1990-07-13 20:00:00;-3.29401536195;1.53486834277e-17;1.27331975678e-13;2.228253358e-16;-1.26285276174e-13;0.0;-0.657007491475;-0.661278708304;-0.666317085251;-0.651984927487;-0.652473979482;0;0.0;23.6596397412;23.3890163345;22.4303274891;0
1990-07-14 08:00:00;30.1889257045;0.000141957986747;0.299522718811;0.11966377212;-4.35528095845e-14;0.0;-0.680648156468;-0.905527048459;-1.66105456482;-0.659614247408;-0.654709740069;0;124.978961097;26.7724111402;24.5642872858;23.9962466681;0
1990-07-14 10:00:00;32.8929365653;0.000242734326372;0.337867908992;0.124739860253;-1.48025950627e-13;0.0;-0.705533278192;-1.06213521651;-2.06169078349;-0.672932214994;-0.6639373302;2;226.921665838;38.3835603114;28.9027736893;27.3039536841;0
1990-07-14 12:00:00;34.4021525939;0.000332669985873;0.342104561191;0.139596517626;-3.53225855028e-13;0.0;-0.734775098926;-1.18573944092;-2.19976371403;-0.691761535869;-0.67870118531;6;448.087765778;76.8273831712;32.9718171317;30.3692883209;3
1990-07-14 14:00:00;35.627448582;0.000393034065513;0.339425769835;0.140268976813;5.87247660925e-14;0.0;-0.764525889614;-1.27556397143;-2.27545393565;-0.714905274246;-0.698529775223;11;287.641245419;41.2862141543;33.8966776802;32.1109306204;0
1990-07-14 16:00:00;31.9265586195;0.000372267085009;0.338018751776;0.121857746635;-3.67243598188e-13;0.0;-0.784468577521;-1.28254895864;-2.28502295668;-0.737768492185;-0.721388184586;12;203.602061251;38.733905218;34.3161630859;32.5941892992;0
1990-07-14 18:00:00;20.3554240654;0.000250581372611;0.307202802869;0.079359783819;-3.7488918454e-13;0.0;-0.786190232517;-1.15613248827;-2.13121060651;-0.753698891733;-0.742321912032;5;84.1543714167;34.2888003715;33.3276430506;31.345807446;0
1990-07-14 20:00:00;-3.26988603303;1.59617030239e-17;8.96118851336e-14;1.68492108048e-15;-9.70245108767e-14;0.0;-0.758721455721;-0.76299267255;-0.768031049497;-0.753698891733;-0.754187943728;0;0.0;23.5391918544;23.2688197838;22.3136181653;0
1990-07-15 08:00:00;29.5244318957;0.000132855794896;0.284392223233;0.112556389561;9.50701369596e-14;0.0;-0.781626679833;-0.996149501899;-1.69336033526;-0.762327710811;-0.756353628504;0;120.350478035;26.2673542292;24.1744657902;23.6431515829;0
1990-07-15 10:00:00;32.5334824412;0.000231497494239;0.321776704876;0.118039463334;-4.23541066454e-15;0.0;-0.807748438346;-1.15525364244;-2.14675782415;-0.777674366898;-0.766602260693;4;226.880342533;38.4605149803;28.7069720254;27.1286869056;0
1990-07-15 12:00:00;34.000347895;0.000313044312158;0.330517072674;0.131043941122;-1.85727280306e-13;0.0;-0.83804516823;-1.27064360301;-2.23584281183;-0.799076063961;-0.783309604277;9;444.682489098;78.5150525724;32.7906513376;30.1865075682;2
1990-07-15 14:00:00;34.8031719524;0.000366807297167;0.326823179238;0.131018456347;6.09995402478e-15;0.0;-0.869608328709;-1.35463867114;-2.30095100944;-0.825144303137;-0.80563862682;14;288.789947972;41.56292487;33.9180435755;32.1287468785;0
1990-07-15 16:00:00;31.3121899103;0.000348906687913;0.324331383629;0.113405137904;-9.65995863746e-14;0.0;-0.892889361269;-1.36901990367;-2.32042098787;-0.850982117375;-0.831459576478;16;204.30654784;38.6349943683;34.2938378243;32.6549503102;0
1990-07-15 18:00:00;20.1168783934;0.000236539750201;0.284325197154;0.0739926441762;-4.38265071947e-13;0.0;-0.898538035183;-1.25490154058;-2.1836782635;-0.869103203081;-0.855453000409;6;84.3091634709;34.120678384;33.2554403478;31.387646076;0
1990-07-15 20:00:00;-3.22717047629;1.47835106099e-17;1.05997561575e-13;8.71725270076e-16;-9.27935221466e-14;0.0;-0.874125767069;-0.878396983898;-0.883435360845;-0.869103203081;-0.869592255076;0;0.0;23.3148501578;23.05134415;22.1227087286;0
1990-07-16 08:00:00;28.9970800506;0.000119242598452;0.268702538683;0.105307074662;-4.39629435438e-13;0.0;-0.895472437082;-1.09351711563;-1.73511005222;-0.878429791436;-0.871610631544;0;117.554836553;26.0089047044;23.9174157001;23.4364555545;0
1990-07-16 10:00:00;32.1041312163;0.000209946864605;0.303573267632;0.110152470962;-2.60867885654e-14;0.0;-0.92149214057;-1.24377480515;-2.13620432577;-0.895171480344;-0.882484040938;4;225.345185847;37.7292354434;28.2891669959;26.8433682911;0
1990-07-16 12:00:00;33.7035804926;0.000289428242039;0.312914560583;0.121465584716;1.95724101065e-14;0.0;-0.953351396237;-1.36408105339;-2.27770308484;-0.918942264363;-0.900602803052;10;443.046227255;78.4574635577;32.4580742882;29.9554528042;2
1990-07-16 14:00:00;34.3884357686;0.000332652524578;0.309815206549;0.119610906725;-2.58008457486e-13;0.0;-0.985619411382;-1.44333360159;-2.38046971672;-0.947293620595;-0.925155283739;18;274.38581431;40.2782146063;33.3202026785;31.7228323778;0
1990-07-16 16:00:00;31.0295410466;0.000307905911068;0.305578559274;0.10421216741;-2.13701048556e-13;0.0;-1.00975644596;-1.44964765886;-2.37727697976;-0.974564168026;-0.953127861698;18;195.99162112;37.5608028671;33.6605886899;32.236076301;0
1990-07-16 18:00:00;18.7498288268;0.000202290033115;0.261076964145;0.0649593668685;-4.63024133016e-13;0.0;-1.01735995096;-1.33469651782;-2.18928371717;-0.99304161023;-0.978593872164;6;77.0412022933;33.2882127038;32.554521506;30.8639259247;0
