time;An;E;Gs_max;Gs_mean;Gs_min;Irrigation;Psi_leaf_max;Psi_leaf_mean;Psi_leaf_min;Psi_soil;Psi_stem;Pthresh;Rg;Tleaf_max;Tleaf_mean;Tleaf_min;Tthresh
1990-07-11 20:00:00;-3.00894336663;1.31691751407e-17;1.50288529153e-13;-1.87500915503e-15;-1.22624788937e-13;0.0;-0.505013761052;-0.509326352613;-0.515092144564;-0.5;-0.500489051995;0;0.0;21.7557502812;21.4993198006;20.6117306895;0
1990-07-12 08:00:00;31.7537428571;0.000131951831336;0.297709667549;0.120583001959;-6.57352209614e-13;0.0;-0.526596172157;-0.669001527247;-1.07631111846;-0.50500791164;-0.502458337387;0;127.760238425;24.6417311859;22.5845303933;22.1312402728;0
1990-07-12 10:00:00;35.5126139619;0.00023054497794;0.349427981557;0.130533446819;-1.84487923604e-13;0.0;-0.548384868449;-0.783620412441;-1.40253872738;-0.513916023844;-0.508944867777;0;227.607392921;33.0065535649;26.4426665802;25.1695582709;0
1990-07-12 12:00:00;40.2530897503;0.000341226118324;0.329921940309;0.151030433061;9.88322473129e-06;0.0;-0.575949648159;-0.91437676275;-1.60430315946;-0.527481251574;-0.519526304035;0;455.94018683;66.9661203587;30.2041122891;28.1159261812;2
1990-07-12 14:00:00;42.6815628336;0.000401164125018;0.337666344682;0.152957229201;0.000606677165917;0.0;-0.599481262928;-0.991624660196;-1.74324630162;-0.544033831377;-0.534021632067;0;296.174125485;38.0172199513;31.2853411876;29.7341083607;0
1990-07-12 16:00:00;37.4565531882;0.000370268485553;0.33551963928;0.131375615055;8.90051828611e-13;0.0;-0.611107469252;-0.975694647062;-1.67754948963;-0.559918853379;-0.550140980685;0;204.213402881;35.09058885;31.6701491537;30.3438129429;0
1990-07-12 18:00:00;22.3133914079;0.000239060179399;0.323552933774;0.0816725257379;-2.63022270447e-12;0.0;-0.604751418359;-0.853271251532;-1.44850584286;-0.570497884963;-0.564054495648;0;83.207416461;31.5997636009;30.771352792;29.1055604367;0
1990-07-12 20:00:00;-3.08585771843;1.48102431821e-17;9.22117437506e-14;-1.27174508279e-15;-1.17434255872e-13;0.0;-0.575511646016;-0.579824237576;-0.585590029528;-0.570497884963;-0.570986936958;0;0.0;22.1468595245;21.8976511262;21.025565474;0
1990-07-13 08:00:00;31.8864040821;0.000136329399784;0.300529164285;0.117576532224;-1.02810697267e-14;0.0;-0.598383866199;-0.747338132186;-1.16188847131;-0.576647914213;-0.57307373316;0;129.104696535;25.786358356;23.675202202;23.1767698768;0
1990-07-13 10:00:00;35.4626357076;0.000237560669636;0.332839657537;0.126329902202;4.62025411436e-14;0.0;-0.62221060147;-0.86712614063;-1.49588989588;-0.587573229377;-0.580782240527;0;233.421694127;35.1808385729;27.8684728568;26.4428182148;0
1990-07-13 12:00:00;38.9598230016;0.000339978772647;0.329354527965;0.142444717628;2.97495097109e-06;0.0;-0.650860211393;-0.990693874054;-1.67725123656;-0.603684098567;-0.593300738939;0;462.07266251;69.8315457408;31.7765037872;29.6069639438;2
1990-07-13 14:00:00;40.8264673252;0.000402553111233;0.329998286741;0.142136366729;0.000452714062204;0.0;-0.67772102864;-1.07241006118;-1.77125280751;-0.623515076712;-0.610412038784;0;305.220604138;40.5742208356;33.0035880692;31.2849787082;0
1990-07-13 16:00:00;36.108040079;0.000383891215662;0.327300324637;0.121863786606;-2.94178222422e-13;0.0;-0.694677561827;-1.07485090861;-1.77615901299;-0.643227254212;-0.629994827909;0;216.44230942;37.6471077657;33.6922302167;32.1795081093;0
1990-07-13 18:00:00;21.5776829578;0.000249653881904;0.312317686237;0.075738367415;-1.53641693232e-12;0.0;-0.691056792425;-0.953133426498;-1.56157792928;-0.656485337902;-0.647637499216;0;85.6857619943;33.6199164985;32.7152977381;30.785132713;0
1990-07-13 20:00:00;-3.37904655064;1.47387214604e-17;9.68019522906e-14;-3.93490096265e-16;-1.05753417898e-13;0.0;-0.661499098955;-0.665811690515;-0.671577482467;-0.656485337902;-0.656974389897;0;0.0;23.6519575285;23.3774596984;22.3964622815;0
1990-07-14 08:00:00;31.7479168931;0.000143012568597;0.292208823245;0.111328837028;2.41535864769e-13;0.0;-0.686230370137;-0.844517522952;-1.27144918556;-0.664241324707;-0.659230258718;0;130.365032268;26.5809718773;24.545939248;24.0270770091;0
1990-07-14 10:00:00;34.7300383762;0.000245528760695;0.31277375397;0.116631353862;-2.12964035798e-12;0.0;-0.712464308352;-0.967429981245;-1.58327802181;-0.677838723533;-0.668614742359;0;234.409368296;35.9073594278;28.8456870478;27.3801574027;0
1990-07-14 12:00:00;37.1234440772;0.000335105884748;0.317615518161;0.1286609859;1.27827072542e-06;0.0;-0.741986922973;-1.08015753545;-1.74309956847;-0.696990248404;-0.683655317213;0;458.386917691;71.7560542917;32.7245050488;30.3251693628;2
1990-07-14 14:00:00;38.5622621192;0.000391808647553;0.312106944642;0.127056937657;0.000248659753727;0.0;-0.771317014081;-1.15850159027;-1.81036885764;-0.720289684733;-0.703750014342;0;301.617228231;41.3262326208;33.9221775949;32.130539201;0
1990-07-14 16:00:00;34.280041475;0.000369421447772;0.308384429719;0.108673076289;-1.62169838212e-12;0.0;-0.791021064549;-1.1620218368;-1.81772007437;-0.74319928215;-0.726737532574;0;213.494727651;38.4290687087;34.3801313576;32.8169154362;0
1990-07-14 18:00:00;21.3431365053;0.000246528959522;0.286165304137;0.0695092563627;-1.07081935893e-13;0.0;-0.791934536041;-1.05488414245;-1.64500967293;-0.759019983654;-0.747694196429;0;88.2433708743;34.2956174565;33.3879743946;31.3959053292;0
1990-07-14 20:00:00;-3.3542966915;1.23220304593e-17;8.96100028584e-14;-1.08701302506e-17;-1.07475117891e-13;0.0;-0.764033744706;-0.768346336267;-0.774112128218;-0.759019983654;-0.759509035649;0;0.0;23.5313976914;23.2572758984;22.2796970111;0
1990-07-15 08:00:00;30.9225108866;0.000131124247785;0.267787149484;0.101596806874;-2.3571407506e-14;0.0;-0.78748264394;-0.936334742412;-1.33127916071;-0.767614351232;-0.761650270612;0;125.665693409;26.1580651827;24.1726057291;23.7006709746;0
1990-07-15 10:00:00;34.1444135628;0.000228473275626;0.293490897671;0.106512983843;-5.85383718208e-14;0.0;-0.814221981573;-1.05663079747;-1.62774967092;-0.782895832702;-0.771845973943;0;234.429826996;36.0523177811;28.6761107425;27.2294390468;0
1990-07-15 12:00:00;36.2945585732;0.000308770315344;0.295662688644;0.116910096619;6.91143370541e-07;0.0;-0.844241346497;-1.16306895251;-1.77136736812;-0.804186456919;-0.788469503302;0;456.344696607;73.0682167998;32.573536635;30.18997056;2
1990-07-15 14:00:00;37.3324299081;0.000357727047925;0.28821766343;0.114706242925;0.000114416591431;0.0;-0.874702284909;-1.23672179239;-1.84228736688;-0.829809843387;-0.810608451534;0;302.821834813;41.6674128922;33.9809195633;32.2306815806;0
1990-07-15 16:00:00;33.2670312531;0.000336905966189;0.282985848737;0.0975745842087;-5.14238029061e-14;0.0;-0.896891345774;-1.24200306307;-1.84913845016;-0.854926920836;-0.83593307371;0;214.233335926;38.4807328466;34.3933027502;32.926325445;0
1990-07-15 18:00:00;20.9534446238;0.000226241952353;0.255191672809;0.062537516241;-1.94713531553e-13;0.0;-0.901501758046;-1.14988725852;-1.7132266703;-0.872354083459;-0.859229192052;0;88.4056096546;34.1292423287;33.3361922116;31.5294742118;0
